<?xml version="1.0" encoding="UTF-8"?>
<!-- Generated by org.testng.reporters.JUnitReportReporter -->
<testsuite name="whitefeather.xedge.testcases.AddNewLeadWithAllValues" tests="32" time="48.219" ignored="2" failures="0" timestamp="28 Sep 2017 13:00:16 GMT" skipped="0" hostname="DESKTOP-TMQM6DS" errors="0">
  <testcase name="selectStatus" time="0.468" classname="whitefeather.xedge.testcases.AddNewLeadWithAllValues"/>
  <testcase name="selectChannel" time="0.427" classname="whitefeather.xedge.testcases.AddNewLeadWithAllValues"/>
  <testcase name="enterMobileNumber" time="1.025" classname="whitefeather.xedge.testcases.AddNewLeadWithAllValues"/>
  <testcase name="selectReason" time="0.450" classname="whitefeather.xedge.testcases.AddNewLeadWithAllValues"/>
  <testcase name="selectBestCall" time="0.421" classname="whitefeather.xedge.testcases.AddNewLeadWithAllValues"/>
  <testcase name="selectEntity1" time="0.468" classname="whitefeather.xedge.testcases.AddNewLeadWithAllValues"/>
  <testcase name="selectEntity3" time="0.436" classname="whitefeather.xedge.testcases.AddNewLeadWithAllValues"/>
  <testcase name="selectMobileVerified" time="0.450" classname="whitefeather.xedge.testcases.AddNewLeadWithAllValues"/>
  <testcase name="closeRHSPanel" time="4.684" classname="whitefeather.xedge.testcases.AddNewLeadWithAllValues"/>
  <testcase name="selectField5" time="0.476" classname="whitefeather.xedge.testcases.AddNewLeadWithAllValues"/>
  <testcase name="selectField1" time="0.432" classname="whitefeather.xedge.testcases.AddNewLeadWithAllValues"/>
  <testcase name="enterHighestQualification" time="2.098" classname="whitefeather.xedge.testcases.AddNewLeadWithAllValues"/>
  <testcase name="selectCity" time="0.437" classname="whitefeather.xedge.testcases.AddNewLeadWithAllValues"/>
  <testcase name="selectField2" time="0.416" classname="whitefeather.xedge.testcases.AddNewLeadWithAllValues"/>
  <testcase name="clickAddLeadButton" time="0.270" classname="whitefeather.xedge.testcases.AddNewLeadWithAllValues"/>
  <testcase name="selectReferredTo" time="0.415" classname="whitefeather.xedge.testcases.AddNewLeadWithAllValues"/>
  <testcase name="enterLastName" time="1.032" classname="whitefeather.xedge.testcases.AddNewLeadWithAllValues"/>
  <testcase name="clickAddLeadPlusIcon" time="4.552" classname="whitefeather.xedge.testcases.AddNewLeadWithAllValues"/>
  <testcase name="selectEntity2" time="0.379" classname="whitefeather.xedge.testcases.AddNewLeadWithAllValues"/>
  <testcase name="selectSeason" time="0.516" classname="whitefeather.xedge.testcases.AddNewLeadWithAllValues"/>
  <testcase name="selectCountry" time="0.451" classname="whitefeather.xedge.testcases.AddNewLeadWithAllValues"/>
  <testcase name="selectField3" time="0.457" classname="whitefeather.xedge.testcases.AddNewLeadWithAllValues"/>
  <testcase name="selectEntity4" time="0.471" classname="whitefeather.xedge.testcases.AddNewLeadWithAllValues"/>
  <testcase name="enterFirstName" time="1.438" classname="whitefeather.xedge.testcases.AddNewLeadWithAllValues"/>
  <testcase name="selectState" time="0.452" classname="whitefeather.xedge.testcases.AddNewLeadWithAllValues"/>
  <testcase name="selectLeadQualified" time="0.495" classname="whitefeather.xedge.testcases.AddNewLeadWithAllValues"/>
  <testcase name="selectField4" time="0.433" classname="whitefeather.xedge.testcases.AddNewLeadWithAllValues"/>
  <testcase name="selectSource" time="0.535" classname="whitefeather.xedge.testcases.AddNewLeadWithAllValues"/>
  <testcase name="selectPriority" time="0.380" classname="whitefeather.xedge.testcases.AddNewLeadWithAllValues"/>
  <testcase name="enterLeadComment" time="21.030" classname="whitefeather.xedge.testcases.AddNewLeadWithAllValues"/>
  <testcase name="selectLeadContactable" time="0.444" classname="whitefeather.xedge.testcases.AddNewLeadWithAllValues"/>
  <testcase name="enterEmailAddress" time="1.781" classname="whitefeather.xedge.testcases.AddNewLeadWithAllValues"/>
  <testcase name="refreshAllLeadsData" classname="whitefeather.xedge.testcases.LeadList">
    <skipped/>
  </testcase> <!-- refreshAllLeadsData -->
  <testcase name="verifySubmitButton" classname="whitefeather.xedge.testcases.ForgotPassword">
    <skipped/>
  </testcase> <!-- verifySubmitButton -->
</testsuite> <!-- whitefeather.xedge.testcases.AddNewLeadWithAllValues -->
