<?xml version="1.0" encoding="UTF-8"?>
<!-- Generated by org.testng.reporters.JUnitReportReporter -->
<testsuite name="whitefeather.xedge.testcases.OpenApplicationFormLandingPage" tests="1" time="18.849" ignored="0" failures="0" timestamp="25 Oct 2017 13:49:50 GMT" skipped="0" hostname="DESKTOP-TMQM6DS" errors="0">
  <testcase name="openAppForm" time="18.849" classname="whitefeather.xedge.testcases.OpenApplicationFormLandingPage"/>
</testsuite> <!-- whitefeather.xedge.testcases.OpenApplicationFormLandingPage -->
