<?xml version="1.0" encoding="UTF-8"?>
<!-- Generated by org.testng.reporters.JUnitReportReporter -->
<testsuite name="whitefeather.xedge.core.OpenLoginPage" tests="1" time="9.762" ignored="1" failures="0" timestamp="13 Sep 2017 13:26:53 GMT" skipped="0" hostname="DESKTOP-TMQM6DS" errors="0">
  <testcase name="openLoginPage" time="9.762" classname="whitefeather.xedge.core.OpenLoginPage"/>
  <testcase name="verifySubmitButton" classname="whitefeather.xedge.testcases.ForgotPassword">
    <skipped/>
  </testcase> <!-- verifySubmitButton -->
</testsuite> <!-- whitefeather.xedge.core.OpenLoginPage -->
