<?xml version="1.0" encoding="UTF-8"?>
<!-- Generated by org.testng.reporters.JUnitReportReporter -->
<testsuite name="whitefeather.xedge.testcases.EditLead" tests="5" time="7.994" ignored="2" failures="0" timestamp="28 Sep 2017 13:00:16 GMT" skipped="0" hostname="DESKTOP-TMQM6DS" errors="0">
  <testcase name="editFirstName" time="2.279" classname="whitefeather.xedge.testcases.EditLead"/>
  <testcase name="openEditLeadPanel" time="3.146" classname="whitefeather.xedge.testcases.EditLead"/>
  <testcase name="clickAddLeadButton" time="0.197" classname="whitefeather.xedge.testcases.EditLead"/>
  <testcase name="editEmailAddress" time="1.067" classname="whitefeather.xedge.testcases.EditLead"/>
  <testcase name="editLastName" time="1.305" classname="whitefeather.xedge.testcases.EditLead"/>
  <testcase name="refreshAllLeadsData" classname="whitefeather.xedge.testcases.LeadList">
    <skipped/>
  </testcase> <!-- refreshAllLeadsData -->
  <testcase name="verifySubmitButton" classname="whitefeather.xedge.testcases.ForgotPassword">
    <skipped/>
  </testcase> <!-- verifySubmitButton -->
</testsuite> <!-- whitefeather.xedge.testcases.EditLead -->
