<?xml version="1.0" encoding="UTF-8"?>
<!-- Generated by org.testng.reporters.JUnitReportReporter -->
<testsuite name="whitefeather.xedge.testcases.AddNewLeadWithDefaultValues" tests="5" time="11.721" ignored="2" failures="0" timestamp="28 Sep 2017 13:00:16 GMT" skipped="0" hostname="DESKTOP-TMQM6DS" errors="0">
  <testcase name="clickAddLeadPlusIcon" time="4.553" classname="whitefeather.xedge.testcases.AddNewLeadWithDefaultValues"/>
  <testcase name="enterMobileNumber" time="0.949" classname="whitefeather.xedge.testcases.AddNewLeadWithDefaultValues"/>
  <testcase name="closeRHSPanel" time="4.710" classname="whitefeather.xedge.testcases.AddNewLeadWithDefaultValues"/>
  <testcase name="clickAddLeadButton" time="0.365" classname="whitefeather.xedge.testcases.AddNewLeadWithDefaultValues"/>
  <testcase name="enterEmailAddress" time="1.144" classname="whitefeather.xedge.testcases.AddNewLeadWithDefaultValues"/>
  <testcase name="refreshAllLeadsData" classname="whitefeather.xedge.testcases.LeadList">
    <skipped/>
  </testcase> <!-- refreshAllLeadsData -->
  <testcase name="verifySubmitButton" classname="whitefeather.xedge.testcases.ForgotPassword">
    <skipped/>
  </testcase> <!-- verifySubmitButton -->
</testsuite> <!-- whitefeather.xedge.testcases.AddNewLeadWithDefaultValues -->
