<?xml version="1.0" encoding="UTF-8"?>
<!-- Generated by org.testng.reporters.JUnitReportReporter -->
<testsuite name="whitefeather.xedge.testcases.AddNewLeadDefaultValues_1" tests="5" time="9.196" ignored="1" failures="0" timestamp="16 Sep 2017 13:27:01 GMT" skipped="0" hostname="DESKTOP-TMQM6DS" errors="0">
  <testcase name="enterProspectMobileNo" time="0.552" classname="whitefeather.xedge.testcases.AddNewLeadDefaultValues_1"/>
  <testcase name="addActivityComment" time="2.034" classname="whitefeather.xedge.testcases.AddNewLeadDefaultValues_1"/>
  <testcase name="enterProspectEmailID" time="0.720" classname="whitefeather.xedge.testcases.AddNewLeadDefaultValues_1"/>
  <testcase name="clickAddLeadButton" time="1.592" classname="whitefeather.xedge.testcases.AddNewLeadDefaultValues_1"/>
  <testcase name="selectActivityType" time="4.298" classname="whitefeather.xedge.testcases.AddNewLeadDefaultValues_1"/>
  <testcase name="verifySubmitButton" classname="whitefeather.xedge.testcases.ForgotPassword">
    <skipped/>
  </testcase> <!-- verifySubmitButton -->
</testsuite> <!-- whitefeather.xedge.testcases.AddNewLeadDefaultValues_1 -->
