<?xml version="1.0" encoding="UTF-8"?>
<!-- Generated by org.testng.reporters.JUnitReportReporter -->
<testsuite name="whitefeather.xedge.testcases.OpenAddLeadRHSPanel" tests="1" time="0.893" ignored="0" failures="0" timestamp="13 Sep 2017 07:15:05 GMT" skipped="0" hostname="DESKTOP-TMQM6DS" errors="0">
  <testcase name="clickAddLeadPlusIcon" time="0.893" classname="whitefeather.xedge.testcases.OpenAddLeadRHSPanel"/>
</testsuite> <!-- whitefeather.xedge.testcases.OpenAddLeadRHSPanel -->
