<?xml version="1.0" encoding="UTF-8"?>
<!-- Generated by org.testng.reporters.JUnitReportReporter -->
<testsuite name="whitefeather.xedge.testcases.GenerateLeadForApplicationForm" tests="4" time="6.105" ignored="0" failures="0" timestamp="13 Oct 2017 11:40:06 GMT" skipped="0" hostname="DESKTOP-TMQM6DS" errors="0">
  <testcase name="clickSubmitButton" time="5.182" classname="whitefeather.xedge.testcases.GenerateLeadForApplicationForm"/>
  <testcase name="enterEmailAddress" time="0.314" classname="whitefeather.xedge.testcases.GenerateLeadForApplicationForm"/>
  <testcase name="enterMobileNumber" time="0.266" classname="whitefeather.xedge.testcases.GenerateLeadForApplicationForm"/>
  <testcase name="enterFullName" time="0.343" classname="whitefeather.xedge.testcases.GenerateLeadForApplicationForm"/>
</testsuite> <!-- whitefeather.xedge.testcases.GenerateLeadForApplicationForm -->
