<?xml version="1.0" encoding="UTF-8"?>
<!-- Generated by org.testng.reporters.JUnitReportReporter -->
<testsuite name="whitefeather.xedge.testcases.ForgotPassword" tests="7" time="6.312" ignored="1" failures="0" timestamp="13 Sep 2017 13:26:53 GMT" skipped="0" hostname="DESKTOP-TMQM6DS" errors="0">
  <testcase name="openForgotPasswordWindow" time="0.186" classname="whitefeather.xedge.testcases.ForgotPassword"/>
  <testcase name="verifyCompanyLogo" time="0.077" classname="whitefeather.xedge.testcases.ForgotPassword"/>
  <testcase name="verifyRecoveryMessage" time="0.053" classname="whitefeather.xedge.testcases.ForgotPassword"/>
  <testcase name="verifyEmailInputBox" time="0.078" classname="whitefeather.xedge.testcases.ForgotPassword"/>
  <testcase name="verifyRecoveryLabel" time="0.063" classname="whitefeather.xedge.testcases.ForgotPassword"/>
  <testcase name="enterRecoveryEmail" time="5.786" classname="whitefeather.xedge.testcases.ForgotPassword"/>
  <testcase name="verifyLoginLink" time="0.069" classname="whitefeather.xedge.testcases.ForgotPassword"/>
  <testcase name="verifySubmitButton" classname="whitefeather.xedge.testcases.ForgotPassword">
    <skipped/>
  </testcase> <!-- verifySubmitButton -->
</testsuite> <!-- whitefeather.xedge.testcases.ForgotPassword -->
