<?xml version="1.0" encoding="UTF-8"?>
<!-- Generated by org.testng.reporters.JUnitReportReporter -->
<testsuite name="whitefeather.xedge.testcases.PerformLoginAction" tests="13" time="5.778" ignored="2" failures="0" timestamp="26 Sep 2017 13:36:17 GMT" skipped="0" hostname="DESKTOP-TMQM6DS" errors="0">
  <testcase name="verifyPasswordLabel" time="0.078" classname="whitefeather.xedge.testcases.PerformLoginAction"/>
  <testcase name="verifyLoginButton" time="0.099" classname="whitefeather.xedge.testcases.PerformLoginAction"/>
  <testcase name="verifyPasswordInputField" time="0.068" classname="whitefeather.xedge.testcases.PerformLoginAction"/>
  <testcase name="verifyLoginPageBackground" time="1.068" classname="whitefeather.xedge.testcases.PerformLoginAction"/>
  <testcase name="enterLoginPassword" time="0.145" classname="whitefeather.xedge.testcases.PerformLoginAction"/>
  <testcase name="verifyPasswordPlaceholder" time="0.103" classname="whitefeather.xedge.testcases.PerformLoginAction"/>
  <testcase name="verifyClientAccountLogo" time="0.042" classname="whitefeather.xedge.testcases.PerformLoginAction"/>
  <testcase name="verifyUsernamePlaceholder" time="0.122" classname="whitefeather.xedge.testcases.PerformLoginAction"/>
  <testcase name="verifyPasswordWrapper" time="0.071" classname="whitefeather.xedge.testcases.PerformLoginAction"/>
  <testcase name="verifyUsernameInputField" time="0.047" classname="whitefeather.xedge.testcases.PerformLoginAction"/>
  <testcase name="verifyUsernameLabel" time="0.085" classname="whitefeather.xedge.testcases.PerformLoginAction"/>
  <testcase name="clickLoginButton" time="3.427" classname="whitefeather.xedge.testcases.PerformLoginAction"/>
  <testcase name="enterLoginId" time="0.423" classname="whitefeather.xedge.testcases.PerformLoginAction"/>
  <testcase name="refreshAllLeadsData" classname="whitefeather.xedge.testcases.LeadList">
    <skipped/>
  </testcase> <!-- refreshAllLeadsData -->
  <testcase name="verifySubmitButton" classname="whitefeather.xedge.testcases.ForgotPassword">
    <skipped/>
  </testcase> <!-- verifySubmitButton -->
</testsuite> <!-- whitefeather.xedge.testcases.PerformLoginAction -->
