<?xml version="1.0" encoding="UTF-8"?>
<!-- Generated by org.testng.reporters.JUnitReportReporter -->
<testsuite name="whitefeather.xedge.testcases.FillUpApplicationForm" tests="56" time="32.507" ignored="0" failures="0" timestamp="13 Oct 2017 11:40:06 GMT" skipped="0" hostname="DESKTOP-TMQM6DS" errors="0">
  <testcase name="provideEntranceExamValue" time="0.557" classname="whitefeather.xedge.testcases.FillUpApplicationForm"/>
  <testcase name="provideCourse" time="0.355" classname="whitefeather.xedge.testcases.FillUpApplicationForm"/>
  <testcase name="provideGender" time="0.297" classname="whitefeather.xedge.testcases.FillUpApplicationForm"/>
  <testcase name="provideCity" time="0.084" classname="whitefeather.xedge.testcases.FillUpApplicationForm"/>
  <testcase name="provideSubject2Percetage2Value" time="0.231" classname="whitefeather.xedge.testcases.FillUpApplicationForm"/>
  <testcase name="clickNextButtonStep1" time="2.648" classname="whitefeather.xedge.testcases.FillUpApplicationForm"/>
  <testcase name="provideGuardiansAddress2" time="0.312" classname="whitefeather.xedge.testcases.FillUpApplicationForm"/>
  <testcase name="provideSubject1Marks1Value" time="0.159" classname="whitefeather.xedge.testcases.FillUpApplicationForm"/>
  <testcase name="provideSubject1Percetage1Value" time="0.251" classname="whitefeather.xedge.testcases.FillUpApplicationForm"/>
  <testcase name="provideSSCRegNumber" time="0.278" classname="whitefeather.xedge.testcases.FillUpApplicationForm"/>
  <testcase name="provideGuardiansContactNumber" time="0.391" classname="whitefeather.xedge.testcases.FillUpApplicationForm"/>
  <testcase name="provideDateOfBirth" time="3.511" classname="whitefeather.xedge.testcases.FillUpApplicationForm"/>
  <testcase name="attachAttachment4" time="0.084" classname="whitefeather.xedge.testcases.FillUpApplicationForm"/>
  <testcase name="provideAlternateContactNumber" time="0.294" classname="whitefeather.xedge.testcases.FillUpApplicationForm"/>
  <testcase name="provideHSCYearOfPassing" time="0.349" classname="whitefeather.xedge.testcases.FillUpApplicationForm"/>
  <testcase name="provideCaste" time="0.268" classname="whitefeather.xedge.testcases.FillUpApplicationForm"/>
  <testcase name="provideHSCPercentageValue" time="0.242" classname="whitefeather.xedge.testcases.FillUpApplicationForm"/>
  <testcase name="clickNextButtonStep3" time="5.547" classname="whitefeather.xedge.testcases.FillUpApplicationForm"/>
  <testcase name="provideFathersName" time="0.561" classname="whitefeather.xedge.testcases.FillUpApplicationForm"/>
  <testcase name="provideSSCYearOfPassing" time="0.334" classname="whitefeather.xedge.testcases.FillUpApplicationForm"/>
  <testcase name="provideCommunity" time="0.233" classname="whitefeather.xedge.testcases.FillUpApplicationForm"/>
  <testcase name="provideSSCSchoolName" time="0.624" classname="whitefeather.xedge.testcases.FillUpApplicationForm"/>
  <testcase name="provideSSCModeOfStudy" time="0.284" classname="whitefeather.xedge.testcases.FillUpApplicationForm"/>
  <testcase name="provideSubject3Percetage3Value" time="0.221" classname="whitefeather.xedge.testcases.FillUpApplicationForm"/>
  <testcase name="provideMainAddress" time="0.251" classname="whitefeather.xedge.testcases.FillUpApplicationForm"/>
  <testcase name="provideReligion" time="0.372" classname="whitefeather.xedge.testcases.FillUpApplicationForm"/>
  <testcase name="provideBloodGroup" time="0.249" classname="whitefeather.xedge.testcases.FillUpApplicationForm"/>
  <testcase name="provideEmergencyEmail" time="0.469" classname="whitefeather.xedge.testcases.FillUpApplicationForm"/>
  <testcase name="provideSubject2Marks1Value" time="0.149" classname="whitefeather.xedge.testcases.FillUpApplicationForm"/>
  <testcase name="provideSSCPercentageValue" time="0.508" classname="whitefeather.xedge.testcases.FillUpApplicationForm"/>
  <testcase name="provideState" time="0.087" classname="whitefeather.xedge.testcases.FillUpApplicationForm"/>
  <testcase name="provideGuardiansName" time="0.554" classname="whitefeather.xedge.testcases.FillUpApplicationForm"/>
  <testcase name="provideHSCRegNumber" time="0.329" classname="whitefeather.xedge.testcases.FillUpApplicationForm"/>
  <testcase name="clickDateOfBirthInputField" time="1.529" classname="whitefeather.xedge.testcases.FillUpApplicationForm"/>
  <testcase name="provideGuardiansRelation" time="0.328" classname="whitefeather.xedge.testcases.FillUpApplicationForm"/>
  <testcase name="provideGuardiansAddress1" time="0.389" classname="whitefeather.xedge.testcases.FillUpApplicationForm"/>
  <testcase name="provideSubject3NameValue" time="0.396" classname="whitefeather.xedge.testcases.FillUpApplicationForm"/>
  <testcase name="provideNationality" time="0.271" classname="whitefeather.xedge.testcases.FillUpApplicationForm"/>
  <testcase name="clickNextButtonStep2" time="1.016" classname="whitefeather.xedge.testcases.FillUpApplicationForm"/>
  <testcase name="provideCountry" time="0.107" classname="whitefeather.xedge.testcases.FillUpApplicationForm"/>
  <testcase name="attachAttachment1" time="0.102" classname="whitefeather.xedge.testcases.FillUpApplicationForm"/>
  <testcase name="provideHSCSchoolName" time="0.553" classname="whitefeather.xedge.testcases.FillUpApplicationForm"/>
  <testcase name="provideDomicile" time="0.259" classname="whitefeather.xedge.testcases.FillUpApplicationForm"/>
  <testcase name="provideHSCModeOfStudy" time="0.248" classname="whitefeather.xedge.testcases.FillUpApplicationForm"/>
  <testcase name="attachAttachment5" time="0.078" classname="whitefeather.xedge.testcases.FillUpApplicationForm"/>
  <testcase name="provideMothersName" time="0.491" classname="whitefeather.xedge.testcases.FillUpApplicationForm"/>
  <testcase name="provideAlternateAddress1" time="0.351" classname="whitefeather.xedge.testcases.FillUpApplicationForm"/>
  <testcase name="provideSubject1NameValue" time="0.390" classname="whitefeather.xedge.testcases.FillUpApplicationForm"/>
  <testcase name="attachAttachment3" time="0.082" classname="whitefeather.xedge.testcases.FillUpApplicationForm"/>
  <testcase name="attachAttachment2" time="0.088" classname="whitefeather.xedge.testcases.FillUpApplicationForm"/>
  <testcase name="provideAlternateAddress2" time="0.314" classname="whitefeather.xedge.testcases.FillUpApplicationForm"/>
  <testcase name="provideCitizenship" time="0.451" classname="whitefeather.xedge.testcases.FillUpApplicationForm"/>
  <testcase name="provideEmergencyContactNumber" time="0.318" classname="whitefeather.xedge.testcases.FillUpApplicationForm"/>
  <testcase name="openDetailedApplicationFormPage" time="3.049" classname="whitefeather.xedge.testcases.FillUpApplicationForm"/>
  <testcase name="provideSubject2NameValue" time="0.401" classname="whitefeather.xedge.testcases.FillUpApplicationForm"/>
  <testcase name="provideSubject3Marks3Value" time="0.213" classname="whitefeather.xedge.testcases.FillUpApplicationForm"/>
</testsuite> <!-- whitefeather.xedge.testcases.FillUpApplicationForm -->
