<?xml version="1.0" encoding="UTF-8"?>
<!-- Generated by org.testng.reporters.JUnitReportReporter -->
<testsuite name="whitefeather.xedge.testcases.UpcomingTasks" tests="11" time="10.372" ignored="2" failures="0" timestamp="27 Sep 2017 15:21:21 GMT" skipped="0" hostname="DESKTOP-TMQM6DS" errors="0">
  <testcase name="verifyHighPriorityTabIsDisplayed" time="0.082" classname="whitefeather.xedge.testcases.UpcomingTasks"/>
  <testcase name="verifyDashboardURL" time="7.609" classname="whitefeather.xedge.testcases.UpcomingTasks"/>
  <testcase name="verifyRecentNewTabIsDisplayed" time="0.197" classname="whitefeather.xedge.testcases.UpcomingTasks"/>
  <testcase name="verifyRecentOnlineTabIsDisplayed" time="0.103" classname="whitefeather.xedge.testcases.UpcomingTasks"/>
  <testcase name="verifyUpcomingWalkinsTabCount" time="0.373" classname="whitefeather.xedge.testcases.UpcomingTasks"/>
  <testcase name="verifyHighPriorityTabCount" time="0.269" classname="whitefeather.xedge.testcases.UpcomingTasks"/>
  <testcase name="verifyRecentNewTabCount" time="0.686" classname="whitefeather.xedge.testcases.UpcomingTasks"/>
  <testcase name="verifyRecentOnlineTabCount" time="0.396" classname="whitefeather.xedge.testcases.UpcomingTasks"/>
  <testcase name="verifyUpcomingFollowupTabCount" time="0.308" classname="whitefeather.xedge.testcases.UpcomingTasks"/>
  <testcase name="verifyUpcomingFollowupTabIsDisplayed" time="0.115" classname="whitefeather.xedge.testcases.UpcomingTasks"/>
  <testcase name="verifyUpcomingWalkinsTabIsDisplayed" time="0.234" classname="whitefeather.xedge.testcases.UpcomingTasks"/>
  <testcase name="refreshAllLeadsData" classname="whitefeather.xedge.testcases.LeadList">
    <skipped/>
  </testcase> <!-- refreshAllLeadsData -->
  <testcase name="verifySubmitButton" classname="whitefeather.xedge.testcases.ForgotPassword">
    <skipped/>
  </testcase> <!-- verifySubmitButton -->
</testsuite> <!-- whitefeather.xedge.testcases.UpcomingTasks -->
