<?xml version="1.0" encoding="UTF-8"?>
<!-- Generated by org.testng.reporters.JUnitReportReporter -->
<testsuite name="whitefeather.xedge.testcases.FillUpApplicationForm" tests="2" time="18.134" ignored="0" failures="0" timestamp="12 Oct 2017 13:37:59 GMT" skipped="0" hostname="DESKTOP-TMQM6DS" errors="0">
  <testcase name="openDetailedApplicationFormPage" time="5.404" classname="whitefeather.xedge.testcases.FillUpApplicationForm"/>
  <testcase name="fillUpApplicationFormStep1" time="12.730" classname="whitefeather.xedge.testcases.FillUpApplicationForm"/>
</testsuite> <!-- whitefeather.xedge.testcases.FillUpApplicationForm -->
