<?xml version="1.0" encoding="UTF-8"?>
<!-- Generated by org.testng.reporters.JUnitReportReporter -->
<testsuite name="whitefeather.xedge.testcases.AddNewLeadDefaultValues_1" tests="3" time="2.870" ignored="1" failures="0" timestamp="18 Sep 2017 15:01:52 GMT" skipped="0" hostname="DESKTOP-TMQM6DS" errors="0">
  <testcase name="enterProspectEmailID" time="0.852" classname="whitefeather.xedge.testcases.AddNewLeadDefaultValues_1"/>
  <testcase name="clickAddLeadButton" time="1.607" classname="whitefeather.xedge.testcases.AddNewLeadDefaultValues_1"/>
  <testcase name="enterProspectMobileNo" time="0.411" classname="whitefeather.xedge.testcases.AddNewLeadDefaultValues_1"/>
  <testcase name="verifySubmitButton" classname="whitefeather.xedge.testcases.ForgotPassword">
    <skipped/>
  </testcase> <!-- verifySubmitButton -->
</testsuite> <!-- whitefeather.xedge.testcases.AddNewLeadDefaultValues_1 -->
