<?xml version="1.0" encoding="UTF-8"?>
<!-- Generated by org.testng.reporters.JUnitReportReporter -->
<testsuite name="whitefeather.xedge.testcases.OpenApplicationFormLandingPage" tests="1" time="10.224" ignored="0" failures="0" timestamp="24 Oct 2017 14:34:38 GMT" skipped="0" hostname="DESKTOP-TMQM6DS" errors="0">
  <testcase name="openAppForm" time="10.224" classname="whitefeather.xedge.testcases.OpenApplicationFormLandingPage"/>
</testsuite> <!-- whitefeather.xedge.testcases.OpenApplicationFormLandingPage -->
