<?xml version="1.0" encoding="UTF-8"?>
<!-- Generated by org.testng.reporters.JUnitReportReporter -->
<testsuite name="whitefeather.xedge.testcases.AddNewLeadWithDefaultValues" tests="6" time="14.961" ignored="0" failures="0" timestamp="09 Oct 2017 07:25:28 GMT" skipped="0" hostname="DESKTOP-TMQM6DS" errors="0">
  <testcase name="enterEmailAddress" time="0.842" classname="whitefeather.xedge.testcases.AddNewLeadWithDefaultValues"/>
  <testcase name="closeRHSPanel" time="4.444" classname="whitefeather.xedge.testcases.AddNewLeadWithDefaultValues"/>
  <testcase name="enterMobileNumber" time="0.519" classname="whitefeather.xedge.testcases.AddNewLeadWithDefaultValues"/>
  <testcase name="provideActivityType" time="4.490" classname="whitefeather.xedge.testcases.AddNewLeadWithDefaultValues"/>
  <testcase name="clickAddLeadPlusIcon" time="4.412" classname="whitefeather.xedge.testcases.AddNewLeadWithDefaultValues"/>
  <testcase name="clickAddLeadButton" time="0.254" classname="whitefeather.xedge.testcases.AddNewLeadWithDefaultValues"/>
</testsuite> <!-- whitefeather.xedge.testcases.AddNewLeadWithDefaultValues -->
