<?xml version="1.0" encoding="UTF-8"?>
<!-- Generated by org.testng.reporters.JUnitReportReporter -->
<testsuite name="whitefeather.xedge.testcases.LeadList" tests="30" time="10.451" ignored="2" failures="0" timestamp="26 Sep 2017 13:36:17 GMT" skipped="0" hostname="DESKTOP-TMQM6DS" errors="0">
  <testcase name="verifyAllTabCount" time="0.306" classname="whitefeather.xedge.testcases.LeadList"/>
  <testcase name="verifyWalkinTabCount" time="0.264" classname="whitefeather.xedge.testcases.LeadList"/>
  <testcase name="sendEmailToAllLeads" time="0.545" classname="whitefeather.xedge.testcases.LeadList"/>
  <testcase name="verifyCallbackTabIsDisplayed" time="0.100" classname="whitefeather.xedge.testcases.LeadList"/>
  <testcase name="downloadLeadsData" time="0.436" classname="whitefeather.xedge.testcases.LeadList"/>
  <testcase name="verifyEnrolledTabIsDisplayed" time="0.049" classname="whitefeather.xedge.testcases.LeadList"/>
  <testcase name="addNewCampaign" time="0.515" classname="whitefeather.xedge.testcases.LeadList"/>
  <testcase name="verifyOnlineTabCount" time="0.276" classname="whitefeather.xedge.testcases.LeadList"/>
  <testcase name="verifyCallbackTabCount" time="0.354" classname="whitefeather.xedge.testcases.LeadList"/>
  <testcase name="verifyRefreshLeadDataIconIsDisplayed" time="0.109" classname="whitefeather.xedge.testcases.LeadList"/>
  <testcase name="verifyReferredFromMeTabIsDisplayed" time="0.078" classname="whitefeather.xedge.testcases.LeadList"/>
  <testcase name="verifyReferAllLeadsIconIsDisplayed" time="0.069" classname="whitefeather.xedge.testcases.LeadList"/>
  <testcase name="sendSMSToAllLeads" time="0.310" classname="whitefeather.xedge.testcases.LeadList"/>
  <testcase name="verifyClosedTabIsDisplayed" time="0.069" classname="whitefeather.xedge.testcases.LeadList"/>
  <testcase name="verifyClosedTabCount" time="0.300" classname="whitefeather.xedge.testcases.LeadList"/>
  <testcase name="verifyDownloadDataIconIsDisplayed" time="0.074" classname="whitefeather.xedge.testcases.LeadList"/>
  <testcase name="filterLeadsData" time="0.889" classname="whitefeather.xedge.testcases.LeadList"/>
  <testcase name="verifyReferredFromMeTabCount" time="0.285" classname="whitefeather.xedge.testcases.LeadList"/>
  <testcase name="verifySendSMSToAllLeadsIconIsDisplayed" time="0.056" classname="whitefeather.xedge.testcases.LeadList"/>
  <testcase name="verifyCampaignIconIsDisplayed" time="0.069" classname="whitefeather.xedge.testcases.LeadList"/>
  <testcase name="referAllLeads" time="0.321" classname="whitefeather.xedge.testcases.LeadList"/>
  <testcase name="verifySendEmailToAllLeadsIconIsDisplayed" time="0.074" classname="whitefeather.xedge.testcases.LeadList"/>
  <testcase name="verifyOnlineTabIsDisplayed" time="0.085" classname="whitefeather.xedge.testcases.LeadList"/>
  <testcase name="verifyAllTabIsDisplayed" time="0.230" classname="whitefeather.xedge.testcases.LeadList"/>
  <testcase name="verifyNewTabCount" time="0.285" classname="whitefeather.xedge.testcases.LeadList"/>
  <testcase name="verifyFilterLeadsIconIsDisplayed" time="0.565" classname="whitefeather.xedge.testcases.LeadList"/>
  <testcase name="verifyNewTabIsDisplayed" time="0.069" classname="whitefeather.xedge.testcases.LeadList"/>
  <testcase name="verifyWalkinTabIsDisplayed" time="0.060" classname="whitefeather.xedge.testcases.LeadList"/>
  <testcase name="verifyEnrolledTabCount" time="0.301" classname="whitefeather.xedge.testcases.LeadList"/>
  <testcase name="verifyLeadListPageURL" time="3.308" classname="whitefeather.xedge.testcases.LeadList"/>
  <testcase name="refreshAllLeadsData" classname="whitefeather.xedge.testcases.LeadList">
    <skipped/>
  </testcase> <!-- refreshAllLeadsData -->
  <testcase name="verifySubmitButton" classname="whitefeather.xedge.testcases.ForgotPassword">
    <skipped/>
  </testcase> <!-- verifySubmitButton -->
</testsuite> <!-- whitefeather.xedge.testcases.LeadList -->
