<?xml version="1.0" encoding="UTF-8"?>
<!-- Generated by org.testng.reporters.JUnitReportReporter -->
<testsuite name="whitefeather.xedge.testcases.AddActivity" tests="1" time="5.469" ignored="1" failures="0" timestamp="14 Sep 2017 12:03:11 GMT" skipped="0" hostname="DESKTOP-TMQM6DS" errors="0">
  <testcase name="addActivity" time="5.469" classname="whitefeather.xedge.testcases.AddActivity"/>
  <testcase name="verifySubmitButton" classname="whitefeather.xedge.testcases.ForgotPassword">
    <skipped/>
  </testcase> <!-- verifySubmitButton -->
</testsuite> <!-- whitefeather.xedge.testcases.AddActivity -->
