<?xml version="1.0" encoding="UTF-8"?>
<!-- Generated by org.testng.reporters.JUnitReportReporter -->
<testsuite name="whitefeather.xedge.testcases.GenerateLeadForApplicationForm" tests="4" time="5.951" ignored="0" failures="0" timestamp="24 Oct 2017 14:34:38 GMT" skipped="0" hostname="DESKTOP-TMQM6DS" errors="0">
  <testcase name="enterFullName" time="0.302" classname="whitefeather.xedge.testcases.GenerateLeadForApplicationForm"/>
  <testcase name="clickSubmitButton" time="5.133" classname="whitefeather.xedge.testcases.GenerateLeadForApplicationForm"/>
  <testcase name="enterEmailAddress" time="0.297" classname="whitefeather.xedge.testcases.GenerateLeadForApplicationForm"/>
  <testcase name="enterMobileNumber" time="0.219" classname="whitefeather.xedge.testcases.GenerateLeadForApplicationForm"/>
</testsuite> <!-- whitefeather.xedge.testcases.GenerateLeadForApplicationForm -->
