<?xml version="1.0" encoding="UTF-8"?>
<!-- Generated by org.testng.reporters.JUnitReportReporter -->
<testsuite name="whitefeather.xedge.testcases.Refresh_Page" tests="1" time="3.818" ignored="2" failures="0" timestamp="27 Sep 2017 15:21:22 GMT" skipped="0" hostname="DESKTOP-TMQM6DS" errors="0">
  <testcase name="refreshWebPage" time="3.818" classname="whitefeather.xedge.testcases.Refresh_Page"/>
  <testcase name="refreshAllLeadsData" classname="whitefeather.xedge.testcases.LeadList">
    <skipped/>
  </testcase> <!-- refreshAllLeadsData -->
  <testcase name="verifySubmitButton" classname="whitefeather.xedge.testcases.ForgotPassword">
    <skipped/>
  </testcase> <!-- verifySubmitButton -->
</testsuite> <!-- whitefeather.xedge.testcases.Refresh_Page -->
