<?xml version="1.0" encoding="UTF-8"?>
<!-- Generated by org.testng.reporters.JUnitReportReporter -->
<testsuite name="whitefeather.xedge.testcases.AddNewLeadWithDefaultValues" tests="1" time="2.514" ignored="1" failures="0" timestamp="14 Sep 2017 12:03:11 GMT" skipped="0" hostname="DESKTOP-TMQM6DS" errors="0">
  <testcase name="addNewLeadWithDefaultValues" time="2.514" classname="whitefeather.xedge.testcases.AddNewLeadWithDefaultValues"/>
  <testcase name="verifySubmitButton" classname="whitefeather.xedge.testcases.ForgotPassword">
    <skipped/>
  </testcase> <!-- verifySubmitButton -->
</testsuite> <!-- whitefeather.xedge.testcases.AddNewLeadWithDefaultValues -->
