<?xml version="1.0" encoding="UTF-8"?>
<!-- Generated by org.testng.reporters.JUnitReportReporter -->
<testsuite name="whitefeather.xedge.testcases.PerformLoginAction" tests="7" time="4.118" ignored="6" failures="0" timestamp="22 Sep 2017 13:37:07 GMT" skipped="0" hostname="DESKTOP-TMQM6DS" errors="0">
  <testcase name="verifyPasswordInputField" time="0.068" classname="whitefeather.xedge.testcases.PerformLoginAction"/>
  <testcase name="verifyUsernameInputField" time="0.091" classname="whitefeather.xedge.testcases.PerformLoginAction"/>
  <testcase name="verifyLoginButton" time="0.083" classname="whitefeather.xedge.testcases.PerformLoginAction"/>
  <testcase name="verifyPasswordWrapper" time="0.072" classname="whitefeather.xedge.testcases.PerformLoginAction"/>
  <testcase name="enterLoginPassword" time="0.153" classname="whitefeather.xedge.testcases.PerformLoginAction"/>
  <testcase name="clickLoginButton" time="3.367" classname="whitefeather.xedge.testcases.PerformLoginAction"/>
  <testcase name="enterLoginId" time="0.284" classname="whitefeather.xedge.testcases.PerformLoginAction"/>
  <testcase name="verifyUsernamePlaceholder" classname="whitefeather.xedge.testcases.PerformLoginAction">
    <skipped/>
  </testcase> <!-- verifyUsernamePlaceholder -->
  <testcase name="verifyClientAccountLogo" classname="whitefeather.xedge.testcases.PerformLoginAction">
    <skipped/>
  </testcase> <!-- verifyClientAccountLogo -->
  <testcase name="verifyUsernameLabel" classname="whitefeather.xedge.testcases.PerformLoginAction">
    <skipped/>
  </testcase> <!-- verifyUsernameLabel -->
  <testcase name="verifyPasswordPlaceholder" classname="whitefeather.xedge.testcases.PerformLoginAction">
    <skipped/>
  </testcase> <!-- verifyPasswordPlaceholder -->
  <testcase name="verifyLoginPageBackground" classname="whitefeather.xedge.testcases.PerformLoginAction">
    <skipped/>
  </testcase> <!-- verifyLoginPageBackground -->
  <testcase name="verifyPasswordLabel" classname="whitefeather.xedge.testcases.PerformLoginAction">
    <skipped/>
  </testcase> <!-- verifyPasswordLabel -->
</testsuite> <!-- whitefeather.xedge.testcases.PerformLoginAction -->
