<?xml version="1.0" encoding="UTF-8"?>
<!-- Generated by org.testng.reporters.JUnitReportReporter -->
<testsuite name="whitefeather.xedge.testcases.GenerateLeadForApplicationForm" tests="8" time="17.577" ignored="0" failures="0" timestamp="01 Nov 2017 09:57:09 GMT" skipped="0" hostname="DESKTOP-TMQM6DS" errors="0">
  <testcase name="enterEmailAddress" time="0.258" classname="whitefeather.xedge.testcases.GenerateLeadForApplicationForm"/>
  <testcase name="validateLeadEmailAddress" time="2.611" classname="whitefeather.xedge.testcases.GenerateLeadForApplicationForm"/>
  <testcase name="validateLeadMobileNumber" time="2.564" classname="whitefeather.xedge.testcases.GenerateLeadForApplicationForm"/>
  <testcase name="enterMobileNumber" time="0.213" classname="whitefeather.xedge.testcases.GenerateLeadForApplicationForm"/>
  <testcase name="clickSubmitButton" time="5.211" classname="whitefeather.xedge.testcases.GenerateLeadForApplicationForm"/>
  <testcase name="enterFullName" time="2.063" classname="whitefeather.xedge.testcases.GenerateLeadForApplicationForm"/>
  <testcase name="validateLeadDetailsSuccessfulSumbission" time="0.141" classname="whitefeather.xedge.testcases.GenerateLeadForApplicationForm"/>
  <testcase name="validateLeadFirstName" time="4.516" classname="whitefeather.xedge.testcases.GenerateLeadForApplicationForm"/>
</testsuite> <!-- whitefeather.xedge.testcases.GenerateLeadForApplicationForm -->
