<?xml version="1.0" encoding="UTF-8"?>
<!-- Generated by org.testng.reporters.JUnitReportReporter -->
<testsuite name="whitefeather.xedge.testcases.FillUpApplicationForm" tests="83" time="94.331" ignored="30" failures="3" timestamp="06 Nov 2017 10:32:58 GMT" skipped="0" hostname="DESKTOP-TMQM6DS" errors="0">
  <testcase name="providePlaceOfBirth" time="0.385" classname="whitefeather.xedge.testcases.FillUpApplicationForm"/>
  <testcase name="validateFathersMobileStep2" time="1.994" classname="whitefeather.xedge.testcases.FillUpApplicationForm"/>
  <testcase name="providePresentAddrCity" time="0.286" classname="whitefeather.xedge.testcases.FillUpApplicationForm"/>
  <testcase name="provideDateOfIssue" time="3.762" classname="whitefeather.xedge.testcases.FillUpApplicationForm"/>
  <testcase name="validateReligionInStep1" time="1.391" classname="whitefeather.xedge.testcases.FillUpApplicationForm"/>
  <testcase name="validateMothersNameStep2" time="1.376" classname="whitefeather.xedge.testcases.FillUpApplicationForm"/>
  <testcase name="clickDateOfIssueInputField" time="0.221" classname="whitefeather.xedge.testcases.FillUpApplicationForm"/>
  <testcase name="clickNextButtonStep1" time="10.182" classname="whitefeather.xedge.testcases.FillUpApplicationForm"/>
  <testcase name="validateMothersMobileStep2" time="1.361" classname="whitefeather.xedge.testcases.FillUpApplicationForm"/>
  <testcase name="validateDoBStep1" time="1.375" classname="whitefeather.xedge.testcases.FillUpApplicationForm"/>
  <testcase name="clickNextButtonStep2" time="0.148" classname="whitefeather.xedge.testcases.FillUpApplicationForm"/>
  <testcase name="validateLocalGuardianAddr1Step2" time="1.393" classname="whitefeather.xedge.testcases.FillUpApplicationForm"/>
  <testcase name="validateMothersEmailStep2" time="1.391" classname="whitefeather.xedge.testcases.FillUpApplicationForm"/>
  <testcase name="validateBloodGroupInStep1" time="1.366" classname="whitefeather.xedge.testcases.FillUpApplicationForm">
    <failure type="java.lang.AssertionError" message="null">
      <![CDATA[java.lang.AssertionError: null
	at org.testng.Assert.fail(Assert.java:94)
	at org.testng.Assert.fail(Assert.java:101)
	at whitefeather.xedge.testcases.FillUpApplicationForm.validateBloodGroupInStep1(FillUpApplicationForm.java:607)
	at sun.reflect.NativeMethodAccessorImpl.invoke0(Native Method)
	at sun.reflect.NativeMethodAccessorImpl.invoke(Unknown Source)
	at sun.reflect.DelegatingMethodAccessorImpl.invoke(Unknown Source)
	at java.lang.reflect.Method.invoke(Unknown Source)
	at org.testng.internal.MethodInvocationHelper.invokeMethod(MethodInvocationHelper.java:104)
	at org.testng.internal.Invoker.invokeMethod(Invoker.java:645)
	at org.testng.internal.Invoker.invokeTestMethod(Invoker.java:851)
	at org.testng.internal.Invoker.invokeTestMethods(Invoker.java:1177)
	at org.testng.internal.TestMethodWorker.invokeTestMethods(TestMethodWorker.java:129)
	at org.testng.internal.TestMethodWorker.run(TestMethodWorker.java:112)
	at org.testng.TestRunner.privateRun(TestRunner.java:756)
	at org.testng.TestRunner.run(TestRunner.java:610)
	at org.testng.SuiteRunner.runTest(SuiteRunner.java:387)
	at org.testng.SuiteRunner.runSequentially(SuiteRunner.java:382)
	at org.testng.SuiteRunner.privateRun(SuiteRunner.java:340)
	at org.testng.SuiteRunner.run(SuiteRunner.java:289)
	at org.testng.SuiteRunnerWorker.runSuite(SuiteRunnerWorker.java:52)
	at org.testng.SuiteRunnerWorker.run(SuiteRunnerWorker.java:86)
	at org.testng.TestNG.runSuitesSequentially(TestNG.java:1293)
	at org.testng.TestNG.runSuitesLocally(TestNG.java:1218)
	at org.testng.TestNG.runSuites(TestNG.java:1133)
	at org.testng.TestNG.run(TestNG.java:1104)
	at org.testng.remote.AbstractRemoteTestNG.run(AbstractRemoteTestNG.java:114)
	at org.testng.remote.RemoteTestNG.initAndRun(RemoteTestNG.java:251)
	at org.testng.remote.RemoteTestNG.main(RemoteTestNG.java:77)
]]>
    </failure>
  </testcase> <!-- validateBloodGroupInStep1 -->
  <testcase name="provideFathersEmail" time="0.384" classname="whitefeather.xedge.testcases.FillUpApplicationForm"/>
  <testcase name="provideGuardiansName" time="0.474" classname="whitefeather.xedge.testcases.FillUpApplicationForm"/>
  <testcase name="providePlaceOfIssue" time="0.200" classname="whitefeather.xedge.testcases.FillUpApplicationForm"/>
  <testcase name="provideGuardiansAddress2" time="0.250" classname="whitefeather.xedge.testcases.FillUpApplicationForm"/>
  <testcase name="validateFathersOccupationStep2" time="1.372" classname="whitefeather.xedge.testcases.FillUpApplicationForm"/>
  <testcase name="clickExpiryDateInputField" time="0.215" classname="whitefeather.xedge.testcases.FillUpApplicationForm"/>
  <testcase name="clickDateOfBirthInputField" time="2.004" classname="whitefeather.xedge.testcases.FillUpApplicationForm"/>
  <testcase name="validateFathersNameStep2" time="1.554" classname="whitefeather.xedge.testcases.FillUpApplicationForm"/>
  <testcase name="provideAnnualIncome" time="0.198" classname="whitefeather.xedge.testcases.FillUpApplicationForm"/>
  <testcase name="validatePresentAddressCityInStep1" time="1.382" classname="whitefeather.xedge.testcases.FillUpApplicationForm"/>
  <testcase name="provideFathersQualification" time="0.215" classname="whitefeather.xedge.testcases.FillUpApplicationForm"/>
  <testcase name="provideFathersOccupation" time="0.230" classname="whitefeather.xedge.testcases.FillUpApplicationForm"/>
  <testcase name="validatePlaceOfBirthStep1" time="1.362" classname="whitefeather.xedge.testcases.FillUpApplicationForm"/>
  <testcase name="provideReligion" time="0.210" classname="whitefeather.xedge.testcases.FillUpApplicationForm"/>
  <testcase name="validateGenderValueInStep1" time="1.388" classname="whitefeather.xedge.testcases.FillUpApplicationForm"/>
  <testcase name="provideMothersQualification" time="0.214" classname="whitefeather.xedge.testcases.FillUpApplicationForm"/>
  <testcase name="providePassportNumber" time="0.325" classname="whitefeather.xedge.testcases.FillUpApplicationForm"/>
  <testcase name="provideCitizenship" time="0.227" classname="whitefeather.xedge.testcases.FillUpApplicationForm"/>
  <testcase name="validateAadhaarNumberInStep1" time="1.406" classname="whitefeather.xedge.testcases.FillUpApplicationForm"/>
  <testcase name="validateFathersEmailStep2" time="1.391" classname="whitefeather.xedge.testcases.FillUpApplicationForm"/>
  <testcase name="provideGuardiansAddrPincode" time="0.186" classname="whitefeather.xedge.testcases.FillUpApplicationForm"/>
  <testcase name="provideNationality" time="0.228" classname="whitefeather.xedge.testcases.FillUpApplicationForm"/>
  <testcase name="validateLocalGuardianNameStep2" time="1.359" classname="whitefeather.xedge.testcases.FillUpApplicationForm"/>
  <testcase name="validateGuardianContactNumberStep2" time="1.346" classname="whitefeather.xedge.testcases.FillUpApplicationForm"/>
  <testcase name="provideCaste" time="0.294" classname="whitefeather.xedge.testcases.FillUpApplicationForm"/>
  <testcase name="provideAadharNumber" time="0.333" classname="whitefeather.xedge.testcases.FillUpApplicationForm"/>
  <testcase name="provideGender" time="0.318" classname="whitefeather.xedge.testcases.FillUpApplicationForm"/>
  <testcase name="providePresentAddrState" time="0.352" classname="whitefeather.xedge.testcases.FillUpApplicationForm"/>
  <testcase name="provideMothersOccupation" time="0.278" classname="whitefeather.xedge.testcases.FillUpApplicationForm"/>
  <testcase name="providePresentAddrContactNumber" time="0.289" classname="whitefeather.xedge.testcases.FillUpApplicationForm"/>
  <testcase name="validateMothersOccupationStep2" time="1.375" classname="whitefeather.xedge.testcases.FillUpApplicationForm"/>
  <testcase name="validateCitizenShipInStep1" time="4.174" classname="whitefeather.xedge.testcases.FillUpApplicationForm"/>
  <testcase name="validateLocalGuardianAddr3Step2" time="1.399" classname="whitefeather.xedge.testcases.FillUpApplicationForm"/>
  <testcase name="provideBloodGroup" time="0.135" classname="whitefeather.xedge.testcases.FillUpApplicationForm"/>
  <testcase name="validateFathersAnnualIncomeStep2" time="1.368" classname="whitefeather.xedge.testcases.FillUpApplicationForm"/>
  <testcase name="providePresentAddress" time="0.282" classname="whitefeather.xedge.testcases.FillUpApplicationForm"/>
  <testcase name="provideGuardiansContactNumber" time="0.247" classname="whitefeather.xedge.testcases.FillUpApplicationForm"/>
  <testcase name="validatePlaceOfIssueInStep1" time="1.382" classname="whitefeather.xedge.testcases.FillUpApplicationForm"/>
  <testcase name="provideGuardiansRelation" time="0.308" classname="whitefeather.xedge.testcases.FillUpApplicationForm"/>
  <testcase name="clickSameAddressCheckbox" time="0.146" classname="whitefeather.xedge.testcases.FillUpApplicationForm"/>
  <testcase name="provideGuardiansAddress1" time="0.234" classname="whitefeather.xedge.testcases.FillUpApplicationForm"/>
  <testcase name="openDetailedApplicationFormPage" time="3.644" classname="whitefeather.xedge.testcases.FillUpApplicationForm"/>
  <testcase name="provideMothersName" time="0.387" classname="whitefeather.xedge.testcases.FillUpApplicationForm"/>
  <testcase name="validateCommunityInStep1" time="1.379" classname="whitefeather.xedge.testcases.FillUpApplicationForm"/>
  <testcase name="provideGuardiansAddress3" time="0.243" classname="whitefeather.xedge.testcases.FillUpApplicationForm"/>
  <testcase name="validateNationalityInStep1" time="1.398" classname="whitefeather.xedge.testcases.FillUpApplicationForm"/>
  <testcase name="provideCommunity" time="0.297" classname="whitefeather.xedge.testcases.FillUpApplicationForm"/>
  <testcase name="validateDateOfIssueInStep1" time="1.437" classname="whitefeather.xedge.testcases.FillUpApplicationForm"/>
  <testcase name="validateLocalGuardianAddr2Step2" time="1.362" classname="whitefeather.xedge.testcases.FillUpApplicationForm"/>
  <testcase name="validateMothersQualificationStep2" time="1.384" classname="whitefeather.xedge.testcases.FillUpApplicationForm"/>
  <testcase name="providePresentAddrPincode" time="0.198" classname="whitefeather.xedge.testcases.FillUpApplicationForm"/>
  <testcase name="provideExpiryDate" time="4.121" classname="whitefeather.xedge.testcases.FillUpApplicationForm"/>
  <testcase name="validatePassportNumberInStep1" time="1.390" classname="whitefeather.xedge.testcases.FillUpApplicationForm"/>
  <testcase name="validateDomicileInStep1" time="1.361" classname="whitefeather.xedge.testcases.FillUpApplicationForm"/>
  <testcase name="validateGrdnAddrPincodeStep2" time="1.389" classname="whitefeather.xedge.testcases.FillUpApplicationForm"/>
  <testcase name="provideFathersName" time="1.410" classname="whitefeather.xedge.testcases.FillUpApplicationForm"/>
  <testcase name="provideMothersMobile" time="0.272" classname="whitefeather.xedge.testcases.FillUpApplicationForm"/>
  <testcase name="validatePresentAddressStateInStep1" time="1.390" classname="whitefeather.xedge.testcases.FillUpApplicationForm">
    <failure type="java.lang.AssertionError" message="null">
      <![CDATA[java.lang.AssertionError: null
	at org.testng.Assert.fail(Assert.java:94)
	at org.testng.Assert.fail(Assert.java:101)
	at whitefeather.xedge.testcases.FillUpApplicationForm.validatePresentAddressStateInStep1(FillUpApplicationForm.java:874)
	at sun.reflect.NativeMethodAccessorImpl.invoke0(Native Method)
	at sun.reflect.NativeMethodAccessorImpl.invoke(Unknown Source)
	at sun.reflect.DelegatingMethodAccessorImpl.invoke(Unknown Source)
	at java.lang.reflect.Method.invoke(Unknown Source)
	at org.testng.internal.MethodInvocationHelper.invokeMethod(MethodInvocationHelper.java:104)
	at org.testng.internal.Invoker.invokeMethod(Invoker.java:645)
	at org.testng.internal.Invoker.invokeTestMethod(Invoker.java:851)
	at org.testng.internal.Invoker.invokeTestMethods(Invoker.java:1177)
	at org.testng.internal.TestMethodWorker.invokeTestMethods(TestMethodWorker.java:129)
	at org.testng.internal.TestMethodWorker.run(TestMethodWorker.java:112)
	at org.testng.TestRunner.privateRun(TestRunner.java:756)
	at org.testng.TestRunner.run(TestRunner.java:610)
	at org.testng.SuiteRunner.runTest(SuiteRunner.java:387)
	at org.testng.SuiteRunner.runSequentially(SuiteRunner.java:382)
	at org.testng.SuiteRunner.privateRun(SuiteRunner.java:340)
	at org.testng.SuiteRunner.run(SuiteRunner.java:289)
	at org.testng.SuiteRunnerWorker.runSuite(SuiteRunnerWorker.java:52)
	at org.testng.SuiteRunnerWorker.run(SuiteRunnerWorker.java:86)
	at org.testng.TestNG.runSuitesSequentially(TestNG.java:1293)
	at org.testng.TestNG.runSuitesLocally(TestNG.java:1218)
	at org.testng.TestNG.runSuites(TestNG.java:1133)
	at org.testng.TestNG.run(TestNG.java:1104)
	at org.testng.remote.AbstractRemoteTestNG.run(AbstractRemoteTestNG.java:114)
	at org.testng.remote.RemoteTestNG.initAndRun(RemoteTestNG.java:251)
	at org.testng.remote.RemoteTestNG.main(RemoteTestNG.java:77)
]]>
    </failure>
  </testcase> <!-- validatePresentAddressStateInStep1 -->
  <testcase name="provideFathersMobile" time="0.240" classname="whitefeather.xedge.testcases.FillUpApplicationForm"/>
  <testcase name="validateGuardianRelationStep2" time="1.365" classname="whitefeather.xedge.testcases.FillUpApplicationForm"/>
  <testcase name="provideDateOfBirth" time="3.969" classname="whitefeather.xedge.testcases.FillUpApplicationForm"/>
  <testcase name="provideMothersEmail" time="0.391" classname="whitefeather.xedge.testcases.FillUpApplicationForm"/>
  <testcase name="validateExpiryDateInStep1" time="1.375" classname="whitefeather.xedge.testcases.FillUpApplicationForm">
    <failure type="java.lang.AssertionError" message="null">
      <![CDATA[java.lang.AssertionError: null
	at org.testng.Assert.fail(Assert.java:94)
	at org.testng.Assert.fail(Assert.java:101)
	at whitefeather.xedge.testcases.FillUpApplicationForm.validateExpiryDateInStep1(FillUpApplicationForm.java:721)
	at sun.reflect.NativeMethodAccessorImpl.invoke0(Native Method)
	at sun.reflect.NativeMethodAccessorImpl.invoke(Unknown Source)
	at sun.reflect.DelegatingMethodAccessorImpl.invoke(Unknown Source)
	at java.lang.reflect.Method.invoke(Unknown Source)
	at org.testng.internal.MethodInvocationHelper.invokeMethod(MethodInvocationHelper.java:104)
	at org.testng.internal.Invoker.invokeMethod(Invoker.java:645)
	at org.testng.internal.Invoker.invokeTestMethod(Invoker.java:851)
	at org.testng.internal.Invoker.invokeTestMethods(Invoker.java:1177)
	at org.testng.internal.TestMethodWorker.invokeTestMethods(TestMethodWorker.java:129)
	at org.testng.internal.TestMethodWorker.run(TestMethodWorker.java:112)
	at org.testng.TestRunner.privateRun(TestRunner.java:756)
	at org.testng.TestRunner.run(TestRunner.java:610)
	at org.testng.SuiteRunner.runTest(SuiteRunner.java:387)
	at org.testng.SuiteRunner.runSequentially(SuiteRunner.java:382)
	at org.testng.SuiteRunner.privateRun(SuiteRunner.java:340)
	at org.testng.SuiteRunner.run(SuiteRunner.java:289)
	at org.testng.SuiteRunnerWorker.runSuite(SuiteRunnerWorker.java:52)
	at org.testng.SuiteRunnerWorker.run(SuiteRunnerWorker.java:86)
	at org.testng.TestNG.runSuitesSequentially(TestNG.java:1293)
	at org.testng.TestNG.runSuitesLocally(TestNG.java:1218)
	at org.testng.TestNG.runSuites(TestNG.java:1133)
	at org.testng.TestNG.run(TestNG.java:1104)
	at org.testng.remote.AbstractRemoteTestNG.run(AbstractRemoteTestNG.java:114)
	at org.testng.remote.RemoteTestNG.initAndRun(RemoteTestNG.java:251)
	at org.testng.remote.RemoteTestNG.main(RemoteTestNG.java:77)
]]>
    </failure>
  </testcase> <!-- validateExpiryDateInStep1 -->
  <testcase name="validatePresentAddressInStep1" time="1.364" classname="whitefeather.xedge.testcases.FillUpApplicationForm"/>
  <testcase name="validateCasteInStep1" time="1.464" classname="whitefeather.xedge.testcases.FillUpApplicationForm"/>
  <testcase name="validateFathersQualificationStep2" time="1.393" classname="whitefeather.xedge.testcases.FillUpApplicationForm"/>
  <testcase name="validatePresentAddressCountryInStep1" time="1.379" classname="whitefeather.xedge.testcases.FillUpApplicationForm"/>
  <testcase name="providePresentAddrCountry" time="0.361" classname="whitefeather.xedge.testcases.FillUpApplicationForm"/>
  <testcase name="provideDomicile" time="0.303" classname="whitefeather.xedge.testcases.FillUpApplicationForm"/>
  <testcase name="provideHSCYearOfPassing" classname="whitefeather.xedge.testcases.FillUpApplicationForm">
    <skipped/>
  </testcase> <!-- provideHSCYearOfPassing -->
  <testcase name="provideSubject1NameValue" classname="whitefeather.xedge.testcases.FillUpApplicationForm">
    <skipped/>
  </testcase> <!-- provideSubject1NameValue -->
  <testcase name="providePaymentType" classname="whitefeather.xedge.testcases.FillUpApplicationForm">
    <skipped/>
  </testcase> <!-- providePaymentType -->
  <testcase name="provideSubject3NameValue" classname="whitefeather.xedge.testcases.FillUpApplicationForm">
    <skipped/>
  </testcase> <!-- provideSubject3NameValue -->
  <testcase name="provideHSCRegNumber" classname="whitefeather.xedge.testcases.FillUpApplicationForm">
    <skipped/>
  </testcase> <!-- provideHSCRegNumber -->
  <testcase name="providePaymentAmount" classname="whitefeather.xedge.testcases.FillUpApplicationForm">
    <skipped/>
  </testcase> <!-- providePaymentAmount -->
  <testcase name="provideSubject3Marks3Value" classname="whitefeather.xedge.testcases.FillUpApplicationForm">
    <skipped/>
  </testcase> <!-- provideSubject3Marks3Value -->
  <testcase name="provideSSCModeOfStudy" classname="whitefeather.xedge.testcases.FillUpApplicationForm">
    <skipped/>
  </testcase> <!-- provideSSCModeOfStudy -->
  <testcase name="provideSubject2Marks1Value" classname="whitefeather.xedge.testcases.FillUpApplicationForm">
    <skipped/>
  </testcase> <!-- provideSubject2Marks1Value -->
  <testcase name="provideSubject2NameValue" classname="whitefeather.xedge.testcases.FillUpApplicationForm">
    <skipped/>
  </testcase> <!-- provideSubject2NameValue -->
  <testcase name="provideSubject3Percetage3Value" classname="whitefeather.xedge.testcases.FillUpApplicationForm">
    <skipped/>
  </testcase> <!-- provideSubject3Percetage3Value -->
  <testcase name="provideEntranceExamValue" classname="whitefeather.xedge.testcases.FillUpApplicationForm">
    <skipped/>
  </testcase> <!-- provideEntranceExamValue -->
  <testcase name="attachAttachment3" classname="whitefeather.xedge.testcases.FillUpApplicationForm">
    <skipped/>
  </testcase> <!-- attachAttachment3 -->
  <testcase name="provideHSCModeOfStudy" classname="whitefeather.xedge.testcases.FillUpApplicationForm">
    <skipped/>
  </testcase> <!-- provideHSCModeOfStudy -->
  <testcase name="provideSSCYearOfPassing" classname="whitefeather.xedge.testcases.FillUpApplicationForm">
    <skipped/>
  </testcase> <!-- provideSSCYearOfPassing -->
  <testcase name="attachAttachment1" classname="whitefeather.xedge.testcases.FillUpApplicationForm">
    <skipped/>
  </testcase> <!-- attachAttachment1 -->
  <testcase name="attachAttachment2" classname="whitefeather.xedge.testcases.FillUpApplicationForm">
    <skipped/>
  </testcase> <!-- attachAttachment2 -->
  <testcase name="clickSubmitButtonStep4" classname="whitefeather.xedge.testcases.FillUpApplicationForm">
    <skipped/>
  </testcase> <!-- clickSubmitButtonStep4 -->
  <testcase name="attachAttachment5" classname="whitefeather.xedge.testcases.FillUpApplicationForm">
    <skipped/>
  </testcase> <!-- attachAttachment5 -->
  <testcase name="provideHSCSchoolName" classname="whitefeather.xedge.testcases.FillUpApplicationForm">
    <skipped/>
  </testcase> <!-- provideHSCSchoolName -->
  <testcase name="provideSubject2Percetage2Value" classname="whitefeather.xedge.testcases.FillUpApplicationForm">
    <skipped/>
  </testcase> <!-- provideSubject2Percetage2Value -->
  <testcase name="attachAttachment4" classname="whitefeather.xedge.testcases.FillUpApplicationForm">
    <skipped/>
  </testcase> <!-- attachAttachment4 -->
  <testcase name="provideHSCPercentageValue" classname="whitefeather.xedge.testcases.FillUpApplicationForm">
    <skipped/>
  </testcase> <!-- provideHSCPercentageValue -->
  <testcase name="provideSubject1Percetage1Value" classname="whitefeather.xedge.testcases.FillUpApplicationForm">
    <skipped/>
  </testcase> <!-- provideSubject1Percetage1Value -->
  <testcase name="provideSubject1Marks1Value" classname="whitefeather.xedge.testcases.FillUpApplicationForm">
    <skipped/>
  </testcase> <!-- provideSubject1Marks1Value -->
  <testcase name="provideCourse" classname="whitefeather.xedge.testcases.FillUpApplicationForm">
    <skipped/>
  </testcase> <!-- provideCourse -->
  <testcase name="provideSSCSchoolName" classname="whitefeather.xedge.testcases.FillUpApplicationForm">
    <skipped/>
  </testcase> <!-- provideSSCSchoolName -->
  <testcase name="provideSSCPercentageValue" classname="whitefeather.xedge.testcases.FillUpApplicationForm">
    <skipped/>
  </testcase> <!-- provideSSCPercentageValue -->
  <testcase name="provideSSCRegNumber" classname="whitefeather.xedge.testcases.FillUpApplicationForm">
    <skipped/>
  </testcase> <!-- provideSSCRegNumber -->
  <testcase name="clickNextButtonStep3" classname="whitefeather.xedge.testcases.FillUpApplicationForm">
    <skipped/>
  </testcase> <!-- clickNextButtonStep3 -->
</testsuite> <!-- whitefeather.xedge.testcases.FillUpApplicationForm -->
