<?xml version="1.0" encoding="UTF-8"?>
<!-- Generated by org.testng.reporters.JUnitReportReporter -->
<testsuite name="whitefeather.xedge.testcases.OpenApplicationFormLandingPage" tests="1" time="11.900" ignored="38" failures="0" timestamp="02 Nov 2017 14:47:54 GMT" skipped="0" hostname="DESKTOP-TMQM6DS" errors="0">
  <testcase name="openAppForm" time="11.900" classname="whitefeather.xedge.testcases.OpenApplicationFormLandingPage"/>
  <testcase name="provideGuardiansAddress1" classname="whitefeather.xedge.testcases.FillUpApplicationForm">
    <skipped/>
  </testcase> <!-- provideGuardiansAddress1 -->
  <testcase name="provideHSCYearOfPassing" classname="whitefeather.xedge.testcases.FillUpApplicationForm">
    <skipped/>
  </testcase> <!-- provideHSCYearOfPassing -->
  <testcase name="provideGuardiansAddress2" classname="whitefeather.xedge.testcases.FillUpApplicationForm">
    <skipped/>
  </testcase> <!-- provideGuardiansAddress2 -->
  <testcase name="provideSubject1NameValue" classname="whitefeather.xedge.testcases.FillUpApplicationForm">
    <skipped/>
  </testcase> <!-- provideSubject1NameValue -->
  <testcase name="providePaymentType" classname="whitefeather.xedge.testcases.FillUpApplicationForm">
    <skipped/>
  </testcase> <!-- providePaymentType -->
  <testcase name="provideMothersName" classname="whitefeather.xedge.testcases.FillUpApplicationForm">
    <skipped/>
  </testcase> <!-- provideMothersName -->
  <testcase name="provideSubject3NameValue" classname="whitefeather.xedge.testcases.FillUpApplicationForm">
    <skipped/>
  </testcase> <!-- provideSubject3NameValue -->
  <testcase name="provideHSCRegNumber" classname="whitefeather.xedge.testcases.FillUpApplicationForm">
    <skipped/>
  </testcase> <!-- provideHSCRegNumber -->
  <testcase name="providePaymentAmount" classname="whitefeather.xedge.testcases.FillUpApplicationForm">
    <skipped/>
  </testcase> <!-- providePaymentAmount -->
  <testcase name="provideSubject3Marks3Value" classname="whitefeather.xedge.testcases.FillUpApplicationForm">
    <skipped/>
  </testcase> <!-- provideSubject3Marks3Value -->
  <testcase name="provideGuardiansRelation" classname="whitefeather.xedge.testcases.FillUpApplicationForm">
    <skipped/>
  </testcase> <!-- provideGuardiansRelation -->
  <testcase name="provideSSCModeOfStudy" classname="whitefeather.xedge.testcases.FillUpApplicationForm">
    <skipped/>
  </testcase> <!-- provideSSCModeOfStudy -->
  <testcase name="provideSubject2Marks1Value" classname="whitefeather.xedge.testcases.FillUpApplicationForm">
    <skipped/>
  </testcase> <!-- provideSubject2Marks1Value -->
  <testcase name="provideSubject2NameValue" classname="whitefeather.xedge.testcases.FillUpApplicationForm">
    <skipped/>
  </testcase> <!-- provideSubject2NameValue -->
  <testcase name="provideSubject3Percetage3Value" classname="whitefeather.xedge.testcases.FillUpApplicationForm">
    <skipped/>
  </testcase> <!-- provideSubject3Percetage3Value -->
  <testcase name="provideEntranceExamValue" classname="whitefeather.xedge.testcases.FillUpApplicationForm">
    <skipped/>
  </testcase> <!-- provideEntranceExamValue -->
  <testcase name="attachAttachment3" classname="whitefeather.xedge.testcases.FillUpApplicationForm">
    <skipped/>
  </testcase> <!-- attachAttachment3 -->
  <testcase name="provideGuardiansContactNumber" classname="whitefeather.xedge.testcases.FillUpApplicationForm">
    <skipped/>
  </testcase> <!-- provideGuardiansContactNumber -->
  <testcase name="provideHSCModeOfStudy" classname="whitefeather.xedge.testcases.FillUpApplicationForm">
    <skipped/>
  </testcase> <!-- provideHSCModeOfStudy -->
  <testcase name="attachAttachment1" classname="whitefeather.xedge.testcases.FillUpApplicationForm">
    <skipped/>
  </testcase> <!-- attachAttachment1 -->
  <testcase name="provideSSCYearOfPassing" classname="whitefeather.xedge.testcases.FillUpApplicationForm">
    <skipped/>
  </testcase> <!-- provideSSCYearOfPassing -->
  <testcase name="attachAttachment2" classname="whitefeather.xedge.testcases.FillUpApplicationForm">
    <skipped/>
  </testcase> <!-- attachAttachment2 -->
  <testcase name="clickSubmitButtonStep4" classname="whitefeather.xedge.testcases.FillUpApplicationForm">
    <skipped/>
  </testcase> <!-- clickSubmitButtonStep4 -->
  <testcase name="attachAttachment5" classname="whitefeather.xedge.testcases.FillUpApplicationForm">
    <skipped/>
  </testcase> <!-- attachAttachment5 -->
  <testcase name="provideHSCSchoolName" classname="whitefeather.xedge.testcases.FillUpApplicationForm">
    <skipped/>
  </testcase> <!-- provideHSCSchoolName -->
  <testcase name="provideSubject2Percetage2Value" classname="whitefeather.xedge.testcases.FillUpApplicationForm">
    <skipped/>
  </testcase> <!-- provideSubject2Percetage2Value -->
  <testcase name="attachAttachment4" classname="whitefeather.xedge.testcases.FillUpApplicationForm">
    <skipped/>
  </testcase> <!-- attachAttachment4 -->
  <testcase name="provideHSCPercentageValue" classname="whitefeather.xedge.testcases.FillUpApplicationForm">
    <skipped/>
  </testcase> <!-- provideHSCPercentageValue -->
  <testcase name="provideSubject1Percetage1Value" classname="whitefeather.xedge.testcases.FillUpApplicationForm">
    <skipped/>
  </testcase> <!-- provideSubject1Percetage1Value -->
  <testcase name="provideSubject1Marks1Value" classname="whitefeather.xedge.testcases.FillUpApplicationForm">
    <skipped/>
  </testcase> <!-- provideSubject1Marks1Value -->
  <testcase name="provideCourse" classname="whitefeather.xedge.testcases.FillUpApplicationForm">
    <skipped/>
  </testcase> <!-- provideCourse -->
  <testcase name="provideSSCSchoolName" classname="whitefeather.xedge.testcases.FillUpApplicationForm">
    <skipped/>
  </testcase> <!-- provideSSCSchoolName -->
  <testcase name="provideFathersName" classname="whitefeather.xedge.testcases.FillUpApplicationForm">
    <skipped/>
  </testcase> <!-- provideFathersName -->
  <testcase name="provideSSCPercentageValue" classname="whitefeather.xedge.testcases.FillUpApplicationForm">
    <skipped/>
  </testcase> <!-- provideSSCPercentageValue -->
  <testcase name="provideSSCRegNumber" classname="whitefeather.xedge.testcases.FillUpApplicationForm">
    <skipped/>
  </testcase> <!-- provideSSCRegNumber -->
  <testcase name="provideGuardiansName" classname="whitefeather.xedge.testcases.FillUpApplicationForm">
    <skipped/>
  </testcase> <!-- provideGuardiansName -->
  <testcase name="clickNextButtonStep3" classname="whitefeather.xedge.testcases.FillUpApplicationForm">
    <skipped/>
  </testcase> <!-- clickNextButtonStep3 -->
  <testcase name="clickNextButtonStep2" classname="whitefeather.xedge.testcases.FillUpApplicationForm">
    <skipped/>
  </testcase> <!-- clickNextButtonStep2 -->
</testsuite> <!-- whitefeather.xedge.testcases.OpenApplicationFormLandingPage -->
