<?xml version="1.0" encoding="UTF-8"?>
<!-- Generated by org.testng.reporters.JUnitReportReporter -->
<testsuite name="whitefeather.xedge.testcases.AddNewLeadWithAllValues" tests="33" time="51.069" ignored="0" failures="0" timestamp="10 Oct 2017 05:37:33 GMT" skipped="0" hostname="DESKTOP-TMQM6DS" errors="0">
  <testcase name="selectBestCall" time="0.444" classname="whitefeather.xedge.testcases.AddNewLeadWithAllValues"/>
  <testcase name="selectField5" time="0.400" classname="whitefeather.xedge.testcases.AddNewLeadWithAllValues"/>
  <testcase name="selectReferredTo" time="2.157" classname="whitefeather.xedge.testcases.AddNewLeadWithAllValues"/>
  <testcase name="selectCity" time="0.460" classname="whitefeather.xedge.testcases.AddNewLeadWithAllValues"/>
  <testcase name="enterEmailAddress" time="2.525" classname="whitefeather.xedge.testcases.AddNewLeadWithAllValues"/>
  <testcase name="closeRHSPanel" time="4.430" classname="whitefeather.xedge.testcases.AddNewLeadWithAllValues"/>
  <testcase name="selectChannel" time="0.454" classname="whitefeather.xedge.testcases.AddNewLeadWithAllValues"/>
  <testcase name="selectEntity4" time="0.416" classname="whitefeather.xedge.testcases.AddNewLeadWithAllValues"/>
  <testcase name="selectLeadQualified" time="0.393" classname="whitefeather.xedge.testcases.AddNewLeadWithAllValues"/>
  <testcase name="selectSource" time="0.630" classname="whitefeather.xedge.testcases.AddNewLeadWithAllValues"/>
  <testcase name="selectField1" time="0.736" classname="whitefeather.xedge.testcases.AddNewLeadWithAllValues"/>
  <testcase name="selectEntity1" time="0.445" classname="whitefeather.xedge.testcases.AddNewLeadWithAllValues"/>
  <testcase name="selectField3" time="0.428" classname="whitefeather.xedge.testcases.AddNewLeadWithAllValues"/>
  <testcase name="enterLastName" time="0.848" classname="whitefeather.xedge.testcases.AddNewLeadWithAllValues"/>
  <testcase name="selectPriority" time="0.397" classname="whitefeather.xedge.testcases.AddNewLeadWithAllValues"/>
  <testcase name="selectSeason" time="0.492" classname="whitefeather.xedge.testcases.AddNewLeadWithAllValues"/>
  <testcase name="selectState" time="0.408" classname="whitefeather.xedge.testcases.AddNewLeadWithAllValues"/>
  <testcase name="selectEntity3" time="0.428" classname="whitefeather.xedge.testcases.AddNewLeadWithAllValues"/>
  <testcase name="selectField2" time="0.540" classname="whitefeather.xedge.testcases.AddNewLeadWithAllValues"/>
  <testcase name="clickAddLeadPlusIcon" time="4.459" classname="whitefeather.xedge.testcases.AddNewLeadWithAllValues"/>
  <testcase name="enterLeadComment" time="19.560" classname="whitefeather.xedge.testcases.AddNewLeadWithAllValues"/>
  <testcase name="selectStatus" time="0.460" classname="whitefeather.xedge.testcases.AddNewLeadWithAllValues"/>
  <testcase name="selectMobileVerified" time="0.489" classname="whitefeather.xedge.testcases.AddNewLeadWithAllValues"/>
  <testcase name="selectField4" time="0.396" classname="whitefeather.xedge.testcases.AddNewLeadWithAllValues"/>
  <testcase name="enterFirstName" time="1.341" classname="whitefeather.xedge.testcases.AddNewLeadWithAllValues"/>
  <testcase name="enterHighestQualification" time="1.945" classname="whitefeather.xedge.testcases.AddNewLeadWithAllValues"/>
  <testcase name="provideActivityType" time="2.097" classname="whitefeather.xedge.testcases.AddNewLeadWithAllValues"/>
  <testcase name="selectCountry" time="0.445" classname="whitefeather.xedge.testcases.AddNewLeadWithAllValues"/>
  <testcase name="selectReason" time="0.428" classname="whitefeather.xedge.testcases.AddNewLeadWithAllValues"/>
  <testcase name="selectEntity2" time="0.364" classname="whitefeather.xedge.testcases.AddNewLeadWithAllValues"/>
  <testcase name="selectLeadContactable" time="0.448" classname="whitefeather.xedge.testcases.AddNewLeadWithAllValues"/>
  <testcase name="enterMobileNumber" time="1.406" classname="whitefeather.xedge.testcases.AddNewLeadWithAllValues"/>
  <testcase name="clickAddLeadButton" time="0.200" classname="whitefeather.xedge.testcases.AddNewLeadWithAllValues"/>
</testsuite> <!-- whitefeather.xedge.testcases.AddNewLeadWithAllValues -->
