<?xml version="1.0" encoding="UTF-8"?>
<!-- Generated by org.testng.reporters.JUnitReportReporter -->
<testsuite name="whitefeather.xedge.testcases.UpcomingTasks" tests="3" time="7.441" ignored="0" failures="0" timestamp="19 Sep 2017 10:13:27 GMT" skipped="0" hostname="DESKTOP-TMQM6DS" errors="0">
  <testcase name="verifyRecentNewTabCount" time="1.607" classname="whitefeather.xedge.testcases.UpcomingTasks"/>
  <testcase name="verifyRecentNewTabIsDisplayed" time="0.116" classname="whitefeather.xedge.testcases.UpcomingTasks"/>
  <testcase name="verifyDashboardURL" time="5.718" classname="whitefeather.xedge.testcases.UpcomingTasks"/>
</testsuite> <!-- whitefeather.xedge.testcases.UpcomingTasks -->
