<?xml version="1.0" encoding="UTF-8"?>
<!-- Generated by org.testng.reporters.JUnitReportReporter -->
<testsuite name="whitefeather.xedge.testcases.AddNewLeadDefaultValues_1" tests="3" time="9.952" ignored="2" failures="0" timestamp="27 Sep 2017 15:04:36 GMT" skipped="0" hostname="DESKTOP-TMQM6DS" errors="0">
  <testcase name="enterProspectEmailID" time="1.187" classname="whitefeather.xedge.testcases.AddNewLeadDefaultValues_1"/>
  <testcase name="enterProspectMobileNo" time="0.664" classname="whitefeather.xedge.testcases.AddNewLeadDefaultValues_1"/>
  <testcase name="clickAddLeadButton" time="8.101" classname="whitefeather.xedge.testcases.AddNewLeadDefaultValues_1"/>
  <testcase name="refreshAllLeadsData" classname="whitefeather.xedge.testcases.LeadList">
    <skipped/>
  </testcase> <!-- refreshAllLeadsData -->
  <testcase name="verifySubmitButton" classname="whitefeather.xedge.testcases.ForgotPassword">
    <skipped/>
  </testcase> <!-- verifySubmitButton -->
</testsuite> <!-- whitefeather.xedge.testcases.AddNewLeadDefaultValues_1 -->
