<?xml version="1.0" encoding="UTF-8"?>
<!-- Generated by org.testng.reporters.JUnitReportReporter -->
<testsuite name="whitefeather.xedge.testcases.VerifyGlobalIcons" tests="10" time="4.731" ignored="2" failures="0" timestamp="28 Sep 2017 13:00:16 GMT" skipped="0" hostname="DESKTOP-TMQM6DS" errors="0">
  <testcase name="verifyCounselorName" time="0.138" classname="whitefeather.xedge.testcases.VerifyGlobalIcons"/>
  <testcase name="verifyCounselorPhoto" time="0.273" classname="whitefeather.xedge.testcases.VerifyGlobalIcons"/>
  <testcase name="verifyJoyRideButton" time="3.057" classname="whitefeather.xedge.testcases.VerifyGlobalIcons"/>
  <testcase name="verifyOutStandingActivityIcon" time="0.195" classname="whitefeather.xedge.testcases.VerifyGlobalIcons"/>
  <testcase name="verifyBulkUploadIcon" time="0.243" classname="whitefeather.xedge.testcases.VerifyGlobalIcons"/>
  <testcase name="verifyOutStandingActivityCount" time="0.227" classname="whitefeather.xedge.testcases.VerifyGlobalIcons"/>
  <testcase name="verifySignOutLink" time="0.147" classname="whitefeather.xedge.testcases.VerifyGlobalIcons"/>
  <testcase name="verifyAddLeadPlusIcon" time="0.130" classname="whitefeather.xedge.testcases.VerifyGlobalIcons"/>
  <testcase name="verifyCompanyLogoInHeader" time="0.169" classname="whitefeather.xedge.testcases.VerifyGlobalIcons"/>
  <testcase name="verifyGoButtonInGlobalSearchBar" time="0.152" classname="whitefeather.xedge.testcases.VerifyGlobalIcons"/>
  <testcase name="refreshAllLeadsData" classname="whitefeather.xedge.testcases.LeadList">
    <skipped/>
  </testcase> <!-- refreshAllLeadsData -->
  <testcase name="verifySubmitButton" classname="whitefeather.xedge.testcases.ForgotPassword">
    <skipped/>
  </testcase> <!-- verifySubmitButton -->
</testsuite> <!-- whitefeather.xedge.testcases.VerifyGlobalIcons -->
