<?xml version="1.0" encoding="UTF-8"?>
<!-- Generated by org.testng.reporters.JUnitReportReporter -->
<testsuite name="whitefeather.xedge.testcases.FillUpApplicationForm" tests="89" time="94.201" ignored="56" failures="0" timestamp="14 Nov 2017 13:08:47 GMT" skipped="0" hostname="DESKTOP-TMQM6DS" errors="0">
  <testcase name="provideAttachment2" time="0.069" classname="whitefeather.xedge.testcases.FillUpApplicationForm"/>
  <testcase name="clickNextButtonStep2" time="3.168" classname="whitefeather.xedge.testcases.FillUpApplicationForm"/>
  <testcase name="openDetailedApplicationFormPage" time="3.019" classname="whitefeather.xedge.testcases.FillUpApplicationForm"/>
  <testcase name="providePresentAddrContactNumber" time="0.280" classname="whitefeather.xedge.testcases.FillUpApplicationForm"/>
  <testcase name="providePassportNumber" time="0.097" classname="whitefeather.xedge.testcases.FillUpApplicationForm"/>
  <testcase name="providePermanentAddrContactNumber" time="0.285" classname="whitefeather.xedge.testcases.FillUpApplicationForm"/>
  <testcase name="provideDegDiplomaModeOfStudy" time="0.459" classname="whitefeather.xedge.testcases.FillUpApplicationForm"/>
  <testcase name="clickExpiryDateInputField" time="0.210" classname="whitefeather.xedge.testcases.FillUpApplicationForm"/>
  <testcase name="clickDateOfBirthInputField" time="1.449" classname="whitefeather.xedge.testcases.FillUpApplicationForm"/>
  <testcase name="providePermanentAddrState" time="0.326" classname="whitefeather.xedge.testcases.FillUpApplicationForm"/>
  <testcase name="provideGuardiansAddress3" time="0.292" classname="whitefeather.xedge.testcases.FillUpApplicationForm"/>
  <testcase name="provideGuardiansRelation" time="0.285" classname="whitefeather.xedge.testcases.FillUpApplicationForm"/>
  <testcase name="provideHSCRegNumber" time="0.241" classname="whitefeather.xedge.testcases.FillUpApplicationForm"/>
  <testcase name="provideAttachment9" time="0.089" classname="whitefeather.xedge.testcases.FillUpApplicationForm"/>
  <testcase name="providePermanentAddrCountry" time="0.367" classname="whitefeather.xedge.testcases.FillUpApplicationForm"/>
  <testcase name="providePresentAddrPincode" time="0.189" classname="whitefeather.xedge.testcases.FillUpApplicationForm"/>
  <testcase name="provideSSCModeOfStudy" time="0.710" classname="whitefeather.xedge.testcases.FillUpApplicationForm"/>
  <testcase name="provideFathersEmail" time="0.428" classname="whitefeather.xedge.testcases.FillUpApplicationForm"/>
  <testcase name="provideSSCBoard" time="0.359" classname="whitefeather.xedge.testcases.FillUpApplicationForm"/>
  <testcase name="clickDateOfIssueInputField" time="0.202" classname="whitefeather.xedge.testcases.FillUpApplicationForm"/>
  <testcase name="clickSubmitButtonStep4" time="5.616" classname="whitefeather.xedge.testcases.FillUpApplicationForm"/>
  <testcase name="clickNextButtonStep1" time="0.160" classname="whitefeather.xedge.testcases.FillUpApplicationForm"/>
  <testcase name="provideBloodGroup" time="0.141" classname="whitefeather.xedge.testcases.FillUpApplicationForm"/>
  <testcase name="providePresentAddrCountry" time="0.361" classname="whitefeather.xedge.testcases.FillUpApplicationForm"/>
  <testcase name="provideAttachment7" time="0.071" classname="whitefeather.xedge.testcases.FillUpApplicationForm"/>
  <testcase name="provideHSCSchoolName" time="0.440" classname="whitefeather.xedge.testcases.FillUpApplicationForm"/>
  <testcase name="provideMothersName" time="0.387" classname="whitefeather.xedge.testcases.FillUpApplicationForm"/>
  <testcase name="provideHSCSubjectScoreDetails" time="5.608" classname="whitefeather.xedge.testcases.FillUpApplicationForm"/>
  <testcase name="provideCaste" time="0.632" classname="whitefeather.xedge.testcases.FillUpApplicationForm"/>
  <testcase name="provideMothersOccupation" time="0.365" classname="whitefeather.xedge.testcases.FillUpApplicationForm"/>
  <testcase name="provideAadharNumber" time="0.261" classname="whitefeather.xedge.testcases.FillUpApplicationForm"/>
  <testcase name="providePermanentAddrPincode" time="0.190" classname="whitefeather.xedge.testcases.FillUpApplicationForm"/>
  <testcase name="provideExpiryDate" time="4.046" classname="whitefeather.xedge.testcases.FillUpApplicationForm"/>
  <testcase name="provideGuardiansContactNumber" time="0.233" classname="whitefeather.xedge.testcases.FillUpApplicationForm"/>
  <testcase name="provideDegreeOrDiplomaUniversityName" time="0.521" classname="whitefeather.xedge.testcases.FillUpApplicationForm"/>
  <testcase name="provideAttachment5" time="0.067" classname="whitefeather.xedge.testcases.FillUpApplicationForm"/>
  <testcase name="provideAttachment10" time="0.104" classname="whitefeather.xedge.testcases.FillUpApplicationForm"/>
  <testcase name="provideHSCPercentageGradeType" time="1.401" classname="whitefeather.xedge.testcases.FillUpApplicationForm"/>
  <testcase name="provideHSCBoard" time="0.381" classname="whitefeather.xedge.testcases.FillUpApplicationForm"/>
  <testcase name="clickNextButtonStep3" time="10.162" classname="whitefeather.xedge.testcases.FillUpApplicationForm"/>
  <testcase name="provideGuardiansAddrPincode" time="0.174" classname="whitefeather.xedge.testcases.FillUpApplicationForm"/>
  <testcase name="providePermanentAddrCity" time="0.319" classname="whitefeather.xedge.testcases.FillUpApplicationForm"/>
  <testcase name="provideDegreeOrDiplomaCollegeName" time="0.738" classname="whitefeather.xedge.testcases.FillUpApplicationForm"/>
  <testcase name="providePlaceOfIssue" time="0.189" classname="whitefeather.xedge.testcases.FillUpApplicationForm"/>
  <testcase name="provideAttachment8" time="0.083" classname="whitefeather.xedge.testcases.FillUpApplicationForm"/>
  <testcase name="provideFathersOccupation" time="0.230" classname="whitefeather.xedge.testcases.FillUpApplicationForm"/>
  <testcase name="providePaymentCourse" time="4.125" classname="whitefeather.xedge.testcases.FillUpApplicationForm"/>
  <testcase name="provideDegreeOrDiplomaAreaOfSpecialization" time="0.747" classname="whitefeather.xedge.testcases.FillUpApplicationForm"/>
  <testcase name="provideAnnualIncome" time="0.193" classname="whitefeather.xedge.testcases.FillUpApplicationForm"/>
  <testcase name="providePresentAddrCity" time="0.283" classname="whitefeather.xedge.testcases.FillUpApplicationForm"/>
  <testcase name="provideAttachment3" time="0.070" classname="whitefeather.xedge.testcases.FillUpApplicationForm"/>
  <testcase name="provideReligion" time="0.182" classname="whitefeather.xedge.testcases.FillUpApplicationForm"/>
  <testcase name="providePermanentAddressAddress" time="0.287" classname="whitefeather.xedge.testcases.FillUpApplicationForm"/>
  <testcase name="provideFathersQualification" time="0.214" classname="whitefeather.xedge.testcases.FillUpApplicationForm"/>
  <testcase name="provideAttachment4" time="0.065" classname="whitefeather.xedge.testcases.FillUpApplicationForm"/>
  <testcase name="provideHSCYearOfPassing" time="1.394" classname="whitefeather.xedge.testcases.FillUpApplicationForm"/>
  <testcase name="provideDegreeOrDiplomaType" time="0.320" classname="whitefeather.xedge.testcases.FillUpApplicationForm"/>
  <testcase name="provideNationality" time="0.208" classname="whitefeather.xedge.testcases.FillUpApplicationForm"/>
  <testcase name="provideGuardiansAddress1" time="0.240" classname="whitefeather.xedge.testcases.FillUpApplicationForm"/>
  <testcase name="provideSSCSchoolName" time="0.496" classname="whitefeather.xedge.testcases.FillUpApplicationForm"/>
  <testcase name="provideCitizenship" time="0.212" classname="whitefeather.xedge.testcases.FillUpApplicationForm"/>
  <testcase name="providePaymentType" time="0.185" classname="whitefeather.xedge.testcases.FillUpApplicationForm"/>
  <testcase name="provideMothersMobile" time="0.232" classname="whitefeather.xedge.testcases.FillUpApplicationForm"/>
  <testcase name="providePresentAddrState" time="0.319" classname="whitefeather.xedge.testcases.FillUpApplicationForm"/>
  <testcase name="provideFathersMobile" time="0.265" classname="whitefeather.xedge.testcases.FillUpApplicationForm"/>
  <testcase name="provideMothersQualification" time="0.342" classname="whitefeather.xedge.testcases.FillUpApplicationForm"/>
  <testcase name="provideModeOfStudyHSC" time="1.913" classname="whitefeather.xedge.testcases.FillUpApplicationForm"/>
  <testcase name="provideDateOfIssue" time="3.819" classname="whitefeather.xedge.testcases.FillUpApplicationForm"/>
  <testcase name="provideDegDiplomaYearOfCompletion" time="0.298" classname="whitefeather.xedge.testcases.FillUpApplicationForm"/>
  <testcase name="provideGuardiansAddress2" time="0.251" classname="whitefeather.xedge.testcases.FillUpApplicationForm"/>
  <testcase name="provideSSCYearOfPassing" time="0.423" classname="whitefeather.xedge.testcases.FillUpApplicationForm"/>
  <testcase name="provideGender" time="0.297" classname="whitefeather.xedge.testcases.FillUpApplicationForm"/>
  <testcase name="provideSSCRegNumber" time="0.311" classname="whitefeather.xedge.testcases.FillUpApplicationForm"/>
  <testcase name="providePresentAddress" time="0.311" classname="whitefeather.xedge.testcases.FillUpApplicationForm"/>
  <testcase name="provideGraduationYearwiseMarksDetails" time="8.794" classname="whitefeather.xedge.testcases.FillUpApplicationForm"/>
  <testcase name="provideAttachment1" time="0.095" classname="whitefeather.xedge.testcases.FillUpApplicationForm"/>
  <testcase name="provideMothersEmail" time="0.392" classname="whitefeather.xedge.testcases.FillUpApplicationForm"/>
  <testcase name="provideCommunity" time="0.788" classname="whitefeather.xedge.testcases.FillUpApplicationForm"/>
  <testcase name="provideDomicile" time="0.881" classname="whitefeather.xedge.testcases.FillUpApplicationForm"/>
  <testcase name="provideEntranceExamDetails" time="5.020" classname="whitefeather.xedge.testcases.FillUpApplicationForm"/>
  <testcase name="provideDateOfBirth" time="4.041" classname="whitefeather.xedge.testcases.FillUpApplicationForm"/>
  <testcase name="provideCourse" time="4.319" classname="whitefeather.xedge.testcases.FillUpApplicationForm"/>
  <testcase name="providePlaceOfBirth" time="0.359" classname="whitefeather.xedge.testcases.FillUpApplicationForm"/>
  <testcase name="provideFathersName" time="4.403" classname="whitefeather.xedge.testcases.FillUpApplicationForm"/>
  <testcase name="provideSSCPercentageValue" time="0.121" classname="whitefeather.xedge.testcases.FillUpApplicationForm"/>
  <testcase name="provideGuardiansName" time="0.473" classname="whitefeather.xedge.testcases.FillUpApplicationForm"/>
  <testcase name="provideDegreeOrDiplomaName" time="0.702" classname="whitefeather.xedge.testcases.FillUpApplicationForm"/>
  <testcase name="provideAttachment6" time="0.067" classname="whitefeather.xedge.testcases.FillUpApplicationForm"/>
  <testcase name="provideDegDiplomaExamType" time="0.340" classname="whitefeather.xedge.testcases.FillUpApplicationForm"/>
  <testcase name="validateHSCYoPStep3" classname="whitefeather.xedge.testcases.FillUpApplicationForm">
    <skipped/>
  </testcase> <!-- validateHSCYoPStep3 -->
  <testcase name="validateMothersOccupationStep2" classname="whitefeather.xedge.testcases.FillUpApplicationForm">
    <skipped/>
  </testcase> <!-- validateMothersOccupationStep2 -->
  <testcase name="validateLocalGuardianAddr3Step2" classname="whitefeather.xedge.testcases.FillUpApplicationForm">
    <skipped/>
  </testcase> <!-- validateLocalGuardianAddr3Step2 -->
  <testcase name="validatePresentAddressCityInStep1" classname="whitefeather.xedge.testcases.FillUpApplicationForm">
    <skipped/>
  </testcase> <!-- validatePresentAddressCityInStep1 -->
  <testcase name="validatePresentAddressStateInStep1" classname="whitefeather.xedge.testcases.FillUpApplicationForm">
    <skipped/>
  </testcase> <!-- validatePresentAddressStateInStep1 -->
  <testcase name="validateNationalityInStep1" classname="whitefeather.xedge.testcases.FillUpApplicationForm">
    <skipped/>
  </testcase> <!-- validateNationalityInStep1 -->
  <testcase name="validateFathersOccupationStep2" classname="whitefeather.xedge.testcases.FillUpApplicationForm">
    <skipped/>
  </testcase> <!-- validateFathersOccupationStep2 -->
  <testcase name="validateGuardianContactNumberStep2" classname="whitefeather.xedge.testcases.FillUpApplicationForm">
    <skipped/>
  </testcase> <!-- validateGuardianContactNumberStep2 -->
  <testcase name="validateCommunityInStep1" classname="whitefeather.xedge.testcases.FillUpApplicationForm">
    <skipped/>
  </testcase> <!-- validateCommunityInStep1 -->
  <testcase name="validateCitizenShipInStep1" classname="whitefeather.xedge.testcases.FillUpApplicationForm">
    <skipped/>
  </testcase> <!-- validateCitizenShipInStep1 -->
  <testcase name="validateFathersAnnualIncomeStep2" classname="whitefeather.xedge.testcases.FillUpApplicationForm">
    <skipped/>
  </testcase> <!-- validateFathersAnnualIncomeStep2 -->
  <testcase name="validateHSCPercentageStep3" classname="whitefeather.xedge.testcases.FillUpApplicationForm">
    <skipped/>
  </testcase> <!-- validateHSCPercentageStep3 -->
  <testcase name="validatePlaceOfBirthStep1" classname="whitefeather.xedge.testcases.FillUpApplicationForm">
    <skipped/>
  </testcase> <!-- validatePlaceOfBirthStep1 -->
  <testcase name="validatePresentAddressCountryInStep1" classname="whitefeather.xedge.testcases.FillUpApplicationForm">
    <skipped/>
  </testcase> <!-- validatePresentAddressCountryInStep1 -->
  <testcase name="validateReligionInStep1" classname="whitefeather.xedge.testcases.FillUpApplicationForm">
    <skipped/>
  </testcase> <!-- validateReligionInStep1 -->
  <testcase name="validateMothersNameStep2" classname="whitefeather.xedge.testcases.FillUpApplicationForm">
    <skipped/>
  </testcase> <!-- validateMothersNameStep2 -->
  <testcase name="validateHSCRegNumberStep3" classname="whitefeather.xedge.testcases.FillUpApplicationForm">
    <skipped/>
  </testcase> <!-- validateHSCRegNumberStep3 -->
  <testcase name="validateHSCModeOfStudyStep3" classname="whitefeather.xedge.testcases.FillUpApplicationForm">
    <skipped/>
  </testcase> <!-- validateHSCModeOfStudyStep3 -->
  <testcase name="validateLocalGuardianNameStep2" classname="whitefeather.xedge.testcases.FillUpApplicationForm">
    <skipped/>
  </testcase> <!-- validateLocalGuardianNameStep2 -->
  <testcase name="validateLocalGuardianAddr1Step2" classname="whitefeather.xedge.testcases.FillUpApplicationForm">
    <skipped/>
  </testcase> <!-- validateLocalGuardianAddr1Step2 -->
  <testcase name="validateGenderValueInStep1" classname="whitefeather.xedge.testcases.FillUpApplicationForm">
    <skipped/>
  </testcase> <!-- validateGenderValueInStep1 -->
  <testcase name="validateSSCSchoolNameStep3" classname="whitefeather.xedge.testcases.FillUpApplicationForm">
    <skipped/>
  </testcase> <!-- validateSSCSchoolNameStep3 -->
  <testcase name="validateCasteInStep1" classname="whitefeather.xedge.testcases.FillUpApplicationForm">
    <skipped/>
  </testcase> <!-- validateCasteInStep1 -->
  <testcase name="validateHSCBoardStep3" classname="whitefeather.xedge.testcases.FillUpApplicationForm">
    <skipped/>
  </testcase> <!-- validateHSCBoardStep3 -->
  <testcase name="validateCourseStep3" classname="whitefeather.xedge.testcases.FillUpApplicationForm">
    <skipped/>
  </testcase> <!-- validateCourseStep3 -->
  <testcase name="validateFathersEmailStep2" classname="whitefeather.xedge.testcases.FillUpApplicationForm">
    <skipped/>
  </testcase> <!-- validateFathersEmailStep2 -->
  <testcase name="validatePresentAddressInStep1" classname="whitefeather.xedge.testcases.FillUpApplicationForm">
    <skipped/>
  </testcase> <!-- validatePresentAddressInStep1 -->
  <testcase name="validatePlaceOfIssueInStep1" classname="whitefeather.xedge.testcases.FillUpApplicationForm">
    <skipped/>
  </testcase> <!-- validatePlaceOfIssueInStep1 -->
  <testcase name="validateFathersMobileStep2" classname="whitefeather.xedge.testcases.FillUpApplicationForm">
    <skipped/>
  </testcase> <!-- validateFathersMobileStep2 -->
  <testcase name="validateBloodGroupInStep1" classname="whitefeather.xedge.testcases.FillUpApplicationForm">
    <skipped/>
  </testcase> <!-- validateBloodGroupInStep1 -->
  <testcase name="validateDoBStep1" classname="whitefeather.xedge.testcases.FillUpApplicationForm">
    <skipped/>
  </testcase> <!-- validateDoBStep1 -->
  <testcase name="validateMothersQualificationStep2" classname="whitefeather.xedge.testcases.FillUpApplicationForm">
    <skipped/>
  </testcase> <!-- validateMothersQualificationStep2 -->
  <testcase name="validateGrdnAddrPincodeStep2" classname="whitefeather.xedge.testcases.FillUpApplicationForm">
    <skipped/>
  </testcase> <!-- validateGrdnAddrPincodeStep2 -->
  <testcase name="validatePassportNumberInStep1" classname="whitefeather.xedge.testcases.FillUpApplicationForm">
    <skipped/>
  </testcase> <!-- validatePassportNumberInStep1 -->
  <testcase name="validateHSCSchoolNameStep3" classname="whitefeather.xedge.testcases.FillUpApplicationForm">
    <skipped/>
  </testcase> <!-- validateHSCSchoolNameStep3 -->
  <testcase name="validateGuardianRelationStep2" classname="whitefeather.xedge.testcases.FillUpApplicationForm">
    <skipped/>
  </testcase> <!-- validateGuardianRelationStep2 -->
  <testcase name="validateMothersMobileStep2" classname="whitefeather.xedge.testcases.FillUpApplicationForm">
    <skipped/>
  </testcase> <!-- validateMothersMobileStep2 -->
  <testcase name="validateLocalGuardianAddr2Step2" classname="whitefeather.xedge.testcases.FillUpApplicationForm">
    <skipped/>
  </testcase> <!-- validateLocalGuardianAddr2Step2 -->
  <testcase name="validateExpiryDateInStep1" classname="whitefeather.xedge.testcases.FillUpApplicationForm">
    <skipped/>
  </testcase> <!-- validateExpiryDateInStep1 -->
  <testcase name="validateMothersEmailStep2" classname="whitefeather.xedge.testcases.FillUpApplicationForm">
    <skipped/>
  </testcase> <!-- validateMothersEmailStep2 -->
  <testcase name="clickSameAddressCheckbox" classname="whitefeather.xedge.testcases.FillUpApplicationForm">
    <skipped/>
  </testcase> <!-- clickSameAddressCheckbox -->
  <testcase name="validateFathersQualificationStep2" classname="whitefeather.xedge.testcases.FillUpApplicationForm">
    <skipped/>
  </testcase> <!-- validateFathersQualificationStep2 -->
  <testcase name="validateSSCYoPStep3" classname="whitefeather.xedge.testcases.FillUpApplicationForm">
    <skipped/>
  </testcase> <!-- validateSSCYoPStep3 -->
  <testcase name="validateFathersNameStep2" classname="whitefeather.xedge.testcases.FillUpApplicationForm">
    <skipped/>
  </testcase> <!-- validateFathersNameStep2 -->
  <testcase name="validateDomicileInStep1" classname="whitefeather.xedge.testcases.FillUpApplicationForm">
    <skipped/>
  </testcase> <!-- validateDomicileInStep1 -->
  <testcase name="validateDateOfIssueInStep1" classname="whitefeather.xedge.testcases.FillUpApplicationForm">
    <skipped/>
  </testcase> <!-- validateDateOfIssueInStep1 -->
  <testcase name="validateSSCBoardStep3" classname="whitefeather.xedge.testcases.FillUpApplicationForm">
    <skipped/>
  </testcase> <!-- validateSSCBoardStep3 -->
  <testcase name="validateSSCModeOfStudyStep3" classname="whitefeather.xedge.testcases.FillUpApplicationForm">
    <skipped/>
  </testcase> <!-- validateSSCModeOfStudyStep3 -->
  <testcase name="validateAadhaarNumberInStep1" classname="whitefeather.xedge.testcases.FillUpApplicationForm">
    <skipped/>
  </testcase> <!-- validateAadhaarNumberInStep1 -->
  <testcase name="validateSSCRegNumberStep3" classname="whitefeather.xedge.testcases.FillUpApplicationForm">
    <skipped/>
  </testcase> <!-- validateSSCRegNumberStep3 -->
  <testcase name="validateSSCPercentageStep3" classname="whitefeather.xedge.testcases.FillUpApplicationForm">
    <skipped/>
  </testcase> <!-- validateSSCPercentageStep3 -->
  <testcase name="validateEntityValue" classname="whitefeather.xedge.testcases.GenerateLeadForApplicationForm">
    <skipped/>
  </testcase> <!-- validateEntityValue -->
  <testcase name="validateLeadFirstName" classname="whitefeather.xedge.testcases.GenerateLeadForApplicationForm">
    <skipped/>
  </testcase> <!-- validateLeadFirstName -->
  <testcase name="validateLeadEmailAddress" classname="whitefeather.xedge.testcases.GenerateLeadForApplicationForm">
    <skipped/>
  </testcase> <!-- validateLeadEmailAddress -->
  <testcase name="validateLeadMobileNumber" classname="whitefeather.xedge.testcases.GenerateLeadForApplicationForm">
    <skipped/>
  </testcase> <!-- validateLeadMobileNumber -->
  <testcase name="validateLeadDetailsSuccessfulSumbission" classname="whitefeather.xedge.testcases.GenerateLeadForApplicationForm">
    <skipped/>
  </testcase> <!-- validateLeadDetailsSuccessfulSumbission -->
</testsuite> <!-- whitefeather.xedge.testcases.FillUpApplicationForm -->
