<?xml version="1.0" encoding="UTF-8"?>
<!-- Generated by org.testng.reporters.JUnitReportReporter -->
<testsuite name="whitefeather.xedge.testcases.OpenLoginPage" tests="1" time="10.217" ignored="1" failures="0" timestamp="25 Sep 2017 13:30:14 GMT" skipped="0" hostname="DESKTOP-TMQM6DS" errors="0">
  <testcase name="openLoginPage" time="10.217" classname="whitefeather.xedge.testcases.OpenLoginPage"/>
  <testcase name="verifySubmitButton" classname="whitefeather.xedge.testcases.ForgotPassword">
    <skipped/>
  </testcase> <!-- verifySubmitButton -->
</testsuite> <!-- whitefeather.xedge.testcases.OpenLoginPage -->
