<?xml version="1.0" encoding="UTF-8"?>
<!-- Generated by org.testng.reporters.JUnitReportReporter -->
<testsuite name="whitefeather.xedge.testcases.GlobalSearch" tests="5" time="6.914" ignored="1" failures="0" timestamp="25 Sep 2017 13:30:14 GMT" skipped="0" hostname="DESKTOP-TMQM6DS" errors="0">
  <testcase name="verifyLenseIcon" time="1.195" classname="whitefeather.xedge.testcases.GlobalSearch"/>
  <testcase name="verifyGlobalSearchPlaceholder" time="0.126" classname="whitefeather.xedge.testcases.GlobalSearch"/>
  <testcase name="verifyGoButton" time="0.074" classname="whitefeather.xedge.testcases.GlobalSearch"/>
  <testcase name="performGlobalSearch" time="5.402" classname="whitefeather.xedge.testcases.GlobalSearch"/>
  <testcase name="verifyGlobalSearchBar" time="0.117" classname="whitefeather.xedge.testcases.GlobalSearch"/>
  <testcase name="verifySubmitButton" classname="whitefeather.xedge.testcases.ForgotPassword">
    <skipped/>
  </testcase> <!-- verifySubmitButton -->
</testsuite> <!-- whitefeather.xedge.testcases.GlobalSearch -->
