<?xml version="1.0" encoding="UTF-8"?>
<!-- Generated by org.testng.reporters.JUnitReportReporter -->
<testsuite name="whitefeather.xedge.testcases.EndTesting" tests="1" time="6.818" ignored="1" failures="0" timestamp="10 Oct 2017 04:28:04 GMT" skipped="0" hostname="DESKTOP-TMQM6DS" errors="0">
  <testcase name="endTestSuite" time="6.818" classname="whitefeather.xedge.testcases.EndTesting"/>
  <testcase name="refreshAllLeadsData" classname="whitefeather.xedge.testcases.LeadList">
    <skipped/>
  </testcase> <!-- refreshAllLeadsData -->
</testsuite> <!-- whitefeather.xedge.testcases.EndTesting -->
