<?xml version="1.0" encoding="UTF-8"?>
<!-- Generated by org.testng.reporters.JUnitReportReporter -->
<testsuite name="whitefeather.xedge.testcases.GenerateLeadForApplicationForm" tests="4" time="5.833" ignored="0" failures="0" timestamp="12 Oct 2017 13:37:59 GMT" skipped="0" hostname="DESKTOP-TMQM6DS" errors="0">
  <testcase name="clickSubmitButton" time="5.132" classname="whitefeather.xedge.testcases.GenerateLeadForApplicationForm"/>
  <testcase name="enterMobileNumber" time="0.188" classname="whitefeather.xedge.testcases.GenerateLeadForApplicationForm"/>
  <testcase name="enterEmailAddress" time="0.242" classname="whitefeather.xedge.testcases.GenerateLeadForApplicationForm"/>
  <testcase name="enterFullName" time="0.271" classname="whitefeather.xedge.testcases.GenerateLeadForApplicationForm"/>
</testsuite> <!-- whitefeather.xedge.testcases.GenerateLeadForApplicationForm -->
