<?xml version="1.0" encoding="UTF-8"?>
<!-- Generated by org.testng.reporters.JUnitReportReporter -->
<testsuite name="whitefeather.xedge.testcases.GenerateLeadForApplicationForm" tests="10" time="16.928" ignored="14" failures="0" timestamp="16 Nov 2017 13:33:19 GMT" skipped="0" hostname="DESKTOP-TMQM6DS" errors="0">
  <testcase name="validateLeadFirstName" time="3.268" classname="whitefeather.xedge.testcases.GenerateLeadForApplicationForm"/>
  <testcase name="enterEmailAddress" time="1.303" classname="whitefeather.xedge.testcases.GenerateLeadForApplicationForm"/>
  <testcase name="enterFullName" time="0.942" classname="whitefeather.xedge.testcases.GenerateLeadForApplicationForm"/>
  <testcase name="provideEntity" time="0.660" classname="whitefeather.xedge.testcases.GenerateLeadForApplicationForm"/>
  <testcase name="validateLeadMobileNumber" time="1.596" classname="whitefeather.xedge.testcases.GenerateLeadForApplicationForm"/>
  <testcase name="enterMobileNumber" time="0.749" classname="whitefeather.xedge.testcases.GenerateLeadForApplicationForm"/>
  <testcase name="validateLeadEmailAddress" time="1.490" classname="whitefeather.xedge.testcases.GenerateLeadForApplicationForm"/>
  <testcase name="validateEntityValue" time="1.511" classname="whitefeather.xedge.testcases.GenerateLeadForApplicationForm"/>
  <testcase name="validateLeadDetailsSuccessfulSumbission" time="0.232" classname="whitefeather.xedge.testcases.GenerateLeadForApplicationForm"/>
  <testcase name="clickSubmitButton" time="5.177" classname="whitefeather.xedge.testcases.GenerateLeadForApplicationForm"/>
  <testcase name="validateSSCSchoolNameStep3" classname="whitefeather.xedge.testcases.FillUpApplicationForm">
    <skipped/>
  </testcase> <!-- validateSSCSchoolNameStep3 -->
  <testcase name="validateHSCYoPStep3" classname="whitefeather.xedge.testcases.FillUpApplicationForm">
    <skipped/>
  </testcase> <!-- validateHSCYoPStep3 -->
  <testcase name="validateHSCBoardStep3" classname="whitefeather.xedge.testcases.FillUpApplicationForm">
    <skipped/>
  </testcase> <!-- validateHSCBoardStep3 -->
  <testcase name="validateCourseStep3" classname="whitefeather.xedge.testcases.FillUpApplicationForm">
    <skipped/>
  </testcase> <!-- validateCourseStep3 -->
  <testcase name="validateHSCPercentageStep3" classname="whitefeather.xedge.testcases.FillUpApplicationForm">
    <skipped/>
  </testcase> <!-- validateHSCPercentageStep3 -->
  <testcase name="clickSameAddressCheckbox" classname="whitefeather.xedge.testcases.FillUpApplicationForm">
    <skipped/>
  </testcase> <!-- clickSameAddressCheckbox -->
  <testcase name="validateSSCYoPStep3" classname="whitefeather.xedge.testcases.FillUpApplicationForm">
    <skipped/>
  </testcase> <!-- validateSSCYoPStep3 -->
  <testcase name="validateHSCRegNumberStep3" classname="whitefeather.xedge.testcases.FillUpApplicationForm">
    <skipped/>
  </testcase> <!-- validateHSCRegNumberStep3 -->
  <testcase name="validateHSCModeOfStudyStep3" classname="whitefeather.xedge.testcases.FillUpApplicationForm">
    <skipped/>
  </testcase> <!-- validateHSCModeOfStudyStep3 -->
  <testcase name="validateSSCBoardStep3" classname="whitefeather.xedge.testcases.FillUpApplicationForm">
    <skipped/>
  </testcase> <!-- validateSSCBoardStep3 -->
  <testcase name="validateSSCModeOfStudyStep3" classname="whitefeather.xedge.testcases.FillUpApplicationForm">
    <skipped/>
  </testcase> <!-- validateSSCModeOfStudyStep3 -->
  <testcase name="validateSSCRegNumberStep3" classname="whitefeather.xedge.testcases.FillUpApplicationForm">
    <skipped/>
  </testcase> <!-- validateSSCRegNumberStep3 -->
  <testcase name="validateHSCSchoolNameStep3" classname="whitefeather.xedge.testcases.FillUpApplicationForm">
    <skipped/>
  </testcase> <!-- validateHSCSchoolNameStep3 -->
  <testcase name="validateSSCPercentageStep3" classname="whitefeather.xedge.testcases.FillUpApplicationForm">
    <skipped/>
  </testcase> <!-- validateSSCPercentageStep3 -->
</testsuite> <!-- whitefeather.xedge.testcases.GenerateLeadForApplicationForm -->
