<?xml version="1.0" encoding="UTF-8"?>
<!-- Generated by org.testng.reporters.JUnitReportReporter -->
<testsuite name="whitefeather.xedge.testcases.Refresh_Page" tests="1" time="3.600" ignored="6" failures="0" timestamp="22 Sep 2017 13:37:07 GMT" skipped="0" hostname="DESKTOP-TMQM6DS" errors="0">
  <testcase name="refreshWebPage" time="3.600" classname="whitefeather.xedge.testcases.Refresh_Page"/>
  <testcase name="verifyUsernamePlaceholder" classname="whitefeather.xedge.testcases.PerformLoginAction">
    <skipped/>
  </testcase> <!-- verifyUsernamePlaceholder -->
  <testcase name="verifyClientAccountLogo" classname="whitefeather.xedge.testcases.PerformLoginAction">
    <skipped/>
  </testcase> <!-- verifyClientAccountLogo -->
  <testcase name="verifyUsernameLabel" classname="whitefeather.xedge.testcases.PerformLoginAction">
    <skipped/>
  </testcase> <!-- verifyUsernameLabel -->
  <testcase name="verifyPasswordPlaceholder" classname="whitefeather.xedge.testcases.PerformLoginAction">
    <skipped/>
  </testcase> <!-- verifyPasswordPlaceholder -->
  <testcase name="verifyLoginPageBackground" classname="whitefeather.xedge.testcases.PerformLoginAction">
    <skipped/>
  </testcase> <!-- verifyLoginPageBackground -->
  <testcase name="verifyPasswordLabel" classname="whitefeather.xedge.testcases.PerformLoginAction">
    <skipped/>
  </testcase> <!-- verifyPasswordLabel -->
</testsuite> <!-- whitefeather.xedge.testcases.Refresh_Page -->
