<?xml version="1.0" encoding="UTF-8"?>
<!-- Generated by org.testng.reporters.JUnitReportReporter -->
<testsuite name="whitefeather.xedge.testcases.AddNewLeadWithDefaultValues" tests="1" time="2.782" ignored="0" failures="0" timestamp="13 Sep 2017 07:15:05 GMT" skipped="0" hostname="DESKTOP-TMQM6DS" errors="0">
  <testcase name="addNewLeadWithDefaultValues" time="2.782" classname="whitefeather.xedge.testcases.AddNewLeadWithDefaultValues"/>
</testsuite> <!-- whitefeather.xedge.testcases.AddNewLeadWithDefaultValues -->
