<?xml version="1.0" encoding="UTF-8"?>
<!-- Generated by org.testng.reporters.JUnitReportReporter -->
<testsuite name="whitefeather.xedge.testcases.GlobalSearch" tests="5" time="5.373" ignored="2" failures="0" timestamp="28 Sep 2017 13:00:16 GMT" skipped="0" hostname="DESKTOP-TMQM6DS" errors="0">
  <testcase name="verifyGoButton" time="0.059" classname="whitefeather.xedge.testcases.GlobalSearch"/>
  <testcase name="verifyGlobalSearchPlaceholder" time="0.061" classname="whitefeather.xedge.testcases.GlobalSearch"/>
  <testcase name="performGlobalSearch" time="5.132" classname="whitefeather.xedge.testcases.GlobalSearch"/>
  <testcase name="verifyGlobalSearchBar" time="0.061" classname="whitefeather.xedge.testcases.GlobalSearch"/>
  <testcase name="verifyLenseIcon" time="0.060" classname="whitefeather.xedge.testcases.GlobalSearch"/>
  <testcase name="refreshAllLeadsData" classname="whitefeather.xedge.testcases.LeadList">
    <skipped/>
  </testcase> <!-- refreshAllLeadsData -->
  <testcase name="verifySubmitButton" classname="whitefeather.xedge.testcases.ForgotPassword">
    <skipped/>
  </testcase> <!-- verifySubmitButton -->
</testsuite> <!-- whitefeather.xedge.testcases.GlobalSearch -->
