<?xml version="1.0" encoding="UTF-8"?>
<!-- Generated by org.testng.reporters.JUnitReportReporter -->
<testsuite name="whitefeather.xedge.testcases.UpcomingTasks" tests="11" time="13.197" ignored="2" failures="0" timestamp="28 Sep 2017 13:00:16 GMT" skipped="0" hostname="DESKTOP-TMQM6DS" errors="0">
  <testcase name="verifyRecentOnlineTabIsDisplayed" time="0.080" classname="whitefeather.xedge.testcases.UpcomingTasks"/>
  <testcase name="verifyRecentNewTabIsDisplayed" time="0.172" classname="whitefeather.xedge.testcases.UpcomingTasks"/>
  <testcase name="verifyUpcomingFollowupTabIsDisplayed" time="0.087" classname="whitefeather.xedge.testcases.UpcomingTasks"/>
  <testcase name="verifyHighPriorityTabIsDisplayed" time="0.084" classname="whitefeather.xedge.testcases.UpcomingTasks"/>
  <testcase name="verifyRecentOnlineTabCount" time="0.275" classname="whitefeather.xedge.testcases.UpcomingTasks"/>
  <testcase name="verifyUpcomingFollowupTabCount" time="0.295" classname="whitefeather.xedge.testcases.UpcomingTasks"/>
  <testcase name="verifyRecentNewTabCount" time="3.828" classname="whitefeather.xedge.testcases.UpcomingTasks"/>
  <testcase name="verifyHighPriorityTabCount" time="0.248" classname="whitefeather.xedge.testcases.UpcomingTasks"/>
  <testcase name="verifyUpcomingWalkinsTabCount" time="0.329" classname="whitefeather.xedge.testcases.UpcomingTasks"/>
  <testcase name="verifyDashboardURL" time="7.736" classname="whitefeather.xedge.testcases.UpcomingTasks"/>
  <testcase name="verifyUpcomingWalkinsTabIsDisplayed" time="0.063" classname="whitefeather.xedge.testcases.UpcomingTasks"/>
  <testcase name="refreshAllLeadsData" classname="whitefeather.xedge.testcases.LeadList">
    <skipped/>
  </testcase> <!-- refreshAllLeadsData -->
  <testcase name="verifySubmitButton" classname="whitefeather.xedge.testcases.ForgotPassword">
    <skipped/>
  </testcase> <!-- verifySubmitButton -->
</testsuite> <!-- whitefeather.xedge.testcases.UpcomingTasks -->
