<?xml version="1.0" encoding="UTF-8"?>
<!-- Generated by org.testng.reporters.JUnitReportReporter -->
<testsuite name="whitefeather.xedge.testcases.GenerateLeadForApplicationForm" tests="8" time="13.487" ignored="0" failures="0" timestamp="26 Oct 2017 12:52:58 GMT" skipped="0" hostname="DESKTOP-TMQM6DS" errors="0">
  <testcase name="validateLeadFirstName" time="2.734" classname="whitefeather.xedge.testcases.GenerateLeadForApplicationForm"/>
  <testcase name="enterMobileNumber" time="0.173" classname="whitefeather.xedge.testcases.GenerateLeadForApplicationForm"/>
  <testcase name="enterEmailAddress" time="0.207" classname="whitefeather.xedge.testcases.GenerateLeadForApplicationForm"/>
  <testcase name="clickSubmitButton" time="5.192" classname="whitefeather.xedge.testcases.GenerateLeadForApplicationForm"/>
  <testcase name="validateLeadMobileNumber" time="2.376" classname="whitefeather.xedge.testcases.GenerateLeadForApplicationForm"/>
  <testcase name="validateLeadEmailAddress" time="2.378" classname="whitefeather.xedge.testcases.GenerateLeadForApplicationForm"/>
  <testcase name="enterFullName" time="0.285" classname="whitefeather.xedge.testcases.GenerateLeadForApplicationForm"/>
  <testcase name="validateLeadDetailsSuccessfulSumbission" time="0.142" classname="whitefeather.xedge.testcases.GenerateLeadForApplicationForm"/>
</testsuite> <!-- whitefeather.xedge.testcases.GenerateLeadForApplicationForm -->
