<?xml version="1.0" encoding="UTF-8"?>
<!-- Generated by org.testng.reporters.JUnitReportReporter -->
<testsuite name="whitefeather.xedge.testcases.AddNewLeadDefaultValues_1" tests="3" time="3.229" ignored="0" failures="0" timestamp="19 Sep 2017 10:03:39 GMT" skipped="0" hostname="DESKTOP-TMQM6DS" errors="0">
  <testcase name="enterProspectMobileNo" time="0.503" classname="whitefeather.xedge.testcases.AddNewLeadDefaultValues_1"/>
  <testcase name="clickAddLeadButton" time="1.829" classname="whitefeather.xedge.testcases.AddNewLeadDefaultValues_1"/>
  <testcase name="enterProspectEmailID" time="0.897" classname="whitefeather.xedge.testcases.AddNewLeadDefaultValues_1"/>
</testsuite> <!-- whitefeather.xedge.testcases.AddNewLeadDefaultValues_1 -->
