<?xml version="1.0" encoding="UTF-8"?>
<!-- Generated by org.testng.reporters.JUnitReportReporter -->
<testsuite name="whitefeather.xedge.testcases.PerformLoginAction" tests="13" time="5.905" ignored="1" failures="0" timestamp="18 Sep 2017 15:01:52 GMT" skipped="0" hostname="DESKTOP-TMQM6DS" errors="0">
  <testcase name="verifyLoginButton" time="0.090" classname="whitefeather.xedge.testcases.PerformLoginAction"/>
  <testcase name="enterLoginId" time="0.371" classname="whitefeather.xedge.testcases.PerformLoginAction"/>
  <testcase name="verifyClientAccountLogo" time="0.044" classname="whitefeather.xedge.testcases.PerformLoginAction"/>
  <testcase name="clickLoginButton" time="3.439" classname="whitefeather.xedge.testcases.PerformLoginAction"/>
  <testcase name="verifyPasswordInputField" time="0.072" classname="whitefeather.xedge.testcases.PerformLoginAction"/>
  <testcase name="verifyPasswordPlaceholder" time="0.135" classname="whitefeather.xedge.testcases.PerformLoginAction"/>
  <testcase name="verifyPasswordLabel" time="0.100" classname="whitefeather.xedge.testcases.PerformLoginAction"/>
  <testcase name="verifyUsernameInputField" time="0.040" classname="whitefeather.xedge.testcases.PerformLoginAction"/>
  <testcase name="verifyPasswordWrapper" time="0.098" classname="whitefeather.xedge.testcases.PerformLoginAction"/>
  <testcase name="enterLoginPassword" time="0.167" classname="whitefeather.xedge.testcases.PerformLoginAction"/>
  <testcase name="verifyUsernameLabel" time="0.069" classname="whitefeather.xedge.testcases.PerformLoginAction"/>
  <testcase name="verifyUsernamePlaceholder" time="0.169" classname="whitefeather.xedge.testcases.PerformLoginAction"/>
  <testcase name="verifyLoginPageBackground" time="1.111" classname="whitefeather.xedge.testcases.PerformLoginAction"/>
  <testcase name="verifySubmitButton" classname="whitefeather.xedge.testcases.ForgotPassword">
    <skipped/>
  </testcase> <!-- verifySubmitButton -->
</testsuite> <!-- whitefeather.xedge.testcases.PerformLoginAction -->
