<?xml version="1.0" encoding="UTF-8"?>
<!-- Generated by org.testng.reporters.JUnitReportReporter -->
<testsuite name="whitefeather.xedge.testcases.AddNewLeadWithAllValues" tests="30" time="45.412" ignored="2" failures="0" timestamp="27 Sep 2017 15:21:21 GMT" skipped="0" hostname="DESKTOP-TMQM6DS" errors="0">
  <testcase name="selectLeadContactable" time="0.783" classname="whitefeather.xedge.testcases.AddNewLeadWithAllValues"/>
  <testcase name="selectChannel" time="0.446" classname="whitefeather.xedge.testcases.AddNewLeadWithAllValues"/>
  <testcase name="enterFirstName" time="1.832" classname="whitefeather.xedge.testcases.AddNewLeadWithAllValues"/>
  <testcase name="selectCountry" time="0.512" classname="whitefeather.xedge.testcases.AddNewLeadWithAllValues"/>
  <testcase name="selectPriority" time="0.472" classname="whitefeather.xedge.testcases.AddNewLeadWithAllValues"/>
  <testcase name="selectField3" time="0.678" classname="whitefeather.xedge.testcases.AddNewLeadWithAllValues"/>
  <testcase name="selectState" time="0.500" classname="whitefeather.xedge.testcases.AddNewLeadWithAllValues"/>
  <testcase name="enterLastName" time="1.473" classname="whitefeather.xedge.testcases.AddNewLeadWithAllValues"/>
  <testcase name="selectField4" time="0.708" classname="whitefeather.xedge.testcases.AddNewLeadWithAllValues"/>
  <testcase name="selectField5" time="0.574" classname="whitefeather.xedge.testcases.AddNewLeadWithAllValues"/>
  <testcase name="selectEntity3" time="0.472" classname="whitefeather.xedge.testcases.AddNewLeadWithAllValues"/>
  <testcase name="selectField1" time="0.643" classname="whitefeather.xedge.testcases.AddNewLeadWithAllValues"/>
  <testcase name="selectBestCall" time="0.672" classname="whitefeather.xedge.testcases.AddNewLeadWithAllValues"/>
  <testcase name="selectReason" time="0.601" classname="whitefeather.xedge.testcases.AddNewLeadWithAllValues"/>
  <testcase name="enterLeadComment" time="21.455" classname="whitefeather.xedge.testcases.AddNewLeadWithAllValues"/>
  <testcase name="selectEntity1" time="0.574" classname="whitefeather.xedge.testcases.AddNewLeadWithAllValues"/>
  <testcase name="enterMobileNumber" time="1.742" classname="whitefeather.xedge.testcases.AddNewLeadWithAllValues"/>
  <testcase name="selectReferredTo" time="0.670" classname="whitefeather.xedge.testcases.AddNewLeadWithAllValues"/>
  <testcase name="selectEntity4" time="0.713" classname="whitefeather.xedge.testcases.AddNewLeadWithAllValues"/>
  <testcase name="selectMobileVerified" time="0.805" classname="whitefeather.xedge.testcases.AddNewLeadWithAllValues"/>
  <testcase name="selectSource" time="0.511" classname="whitefeather.xedge.testcases.AddNewLeadWithAllValues"/>
  <testcase name="selectEntity2" time="0.546" classname="whitefeather.xedge.testcases.AddNewLeadWithAllValues"/>
  <testcase name="selectSeason" time="0.623" classname="whitefeather.xedge.testcases.AddNewLeadWithAllValues"/>
  <testcase name="selectStatus" time="0.563" classname="whitefeather.xedge.testcases.AddNewLeadWithAllValues"/>
  <testcase name="clickAddLeadButton" time="0.245" classname="whitefeather.xedge.testcases.AddNewLeadWithAllValues"/>
  <testcase name="selectLeadQualified" time="0.655" classname="whitefeather.xedge.testcases.AddNewLeadWithAllValues"/>
  <testcase name="enterEmailAddress" time="2.299" classname="whitefeather.xedge.testcases.AddNewLeadWithAllValues"/>
  <testcase name="selectField2" time="0.670" classname="whitefeather.xedge.testcases.AddNewLeadWithAllValues"/>
  <testcase name="enterHighestQualification" time="2.463" classname="whitefeather.xedge.testcases.AddNewLeadWithAllValues"/>
  <testcase name="selectCity" time="0.512" classname="whitefeather.xedge.testcases.AddNewLeadWithAllValues"/>
  <testcase name="refreshAllLeadsData" classname="whitefeather.xedge.testcases.LeadList">
    <skipped/>
  </testcase> <!-- refreshAllLeadsData -->
  <testcase name="verifySubmitButton" classname="whitefeather.xedge.testcases.ForgotPassword">
    <skipped/>
  </testcase> <!-- verifySubmitButton -->
</testsuite> <!-- whitefeather.xedge.testcases.AddNewLeadWithAllValues -->
