<?xml version="1.0" encoding="UTF-8"?>
<!-- Generated by org.testng.reporters.JUnitReportReporter -->
<testsuite name="whitefeather.xedge.testcases.OpenAddLeadRHSPanel" tests="1" time="0.708" ignored="1" failures="0" timestamp="13 Sep 2017 13:26:53 GMT" skipped="0" hostname="DESKTOP-TMQM6DS" errors="0">
  <testcase name="clickAddLeadPlusIcon" time="0.708" classname="whitefeather.xedge.testcases.OpenAddLeadRHSPanel"/>
  <testcase name="verifySubmitButton" classname="whitefeather.xedge.testcases.ForgotPassword">
    <skipped/>
  </testcase> <!-- verifySubmitButton -->
</testsuite> <!-- whitefeather.xedge.testcases.OpenAddLeadRHSPanel -->
