<?xml version="1.0" encoding="UTF-8"?>
<!-- Generated by org.testng.reporters.JUnitReportReporter -->
<testsuite name="whitefeather.xedge.testcases.LeadList" tests="30" time="11.809" ignored="2" failures="0" timestamp="27 Sep 2017 15:21:21 GMT" skipped="0" hostname="DESKTOP-TMQM6DS" errors="0">
  <testcase name="downloadLeadsData" time="0.664" classname="whitefeather.xedge.testcases.LeadList"/>
  <testcase name="verifyFilterLeadsIconIsDisplayed" time="0.600" classname="whitefeather.xedge.testcases.LeadList"/>
  <testcase name="verifySendSMSToAllLeadsIconIsDisplayed" time="0.122" classname="whitefeather.xedge.testcases.LeadList"/>
  <testcase name="verifyRefreshLeadDataIconIsDisplayed" time="0.087" classname="whitefeather.xedge.testcases.LeadList"/>
  <testcase name="verifyReferAllLeadsIconIsDisplayed" time="0.160" classname="whitefeather.xedge.testcases.LeadList"/>
  <testcase name="referAllLeads" time="0.608" classname="whitefeather.xedge.testcases.LeadList"/>
  <testcase name="verifyAllTabIsDisplayed" time="0.263" classname="whitefeather.xedge.testcases.LeadList"/>
  <testcase name="verifyAllTabCount" time="0.283" classname="whitefeather.xedge.testcases.LeadList"/>
  <testcase name="verifyClosedTabIsDisplayed" time="0.084" classname="whitefeather.xedge.testcases.LeadList"/>
  <testcase name="verifyEnrolledTabIsDisplayed" time="0.085" classname="whitefeather.xedge.testcases.LeadList"/>
  <testcase name="verifyCallbackTabCount" time="0.237" classname="whitefeather.xedge.testcases.LeadList"/>
  <testcase name="verifyLeadListPageURL" time="3.303" classname="whitefeather.xedge.testcases.LeadList"/>
  <testcase name="verifyNewTabIsDisplayed" time="0.140" classname="whitefeather.xedge.testcases.LeadList"/>
  <testcase name="verifyReferredFromMeTabCount" time="0.281" classname="whitefeather.xedge.testcases.LeadList"/>
  <testcase name="verifyCampaignIconIsDisplayed" time="0.092" classname="whitefeather.xedge.testcases.LeadList"/>
  <testcase name="verifyOnlineTabIsDisplayed" time="0.147" classname="whitefeather.xedge.testcases.LeadList"/>
  <testcase name="verifyOnlineTabCount" time="0.326" classname="whitefeather.xedge.testcases.LeadList"/>
  <testcase name="verifyCallbackTabIsDisplayed" time="0.054" classname="whitefeather.xedge.testcases.LeadList"/>
  <testcase name="filterLeadsData" time="0.906" classname="whitefeather.xedge.testcases.LeadList"/>
  <testcase name="verifyWalkinTabCount" time="0.263" classname="whitefeather.xedge.testcases.LeadList"/>
  <testcase name="verifyDownloadDataIconIsDisplayed" time="0.077" classname="whitefeather.xedge.testcases.LeadList"/>
  <testcase name="addNewCampaign" time="0.753" classname="whitefeather.xedge.testcases.LeadList"/>
  <testcase name="sendSMSToAllLeads" time="0.609" classname="whitefeather.xedge.testcases.LeadList"/>
  <testcase name="verifySendEmailToAllLeadsIconIsDisplayed" time="0.087" classname="whitefeather.xedge.testcases.LeadList"/>
  <testcase name="verifyWalkinTabIsDisplayed" time="0.069" classname="whitefeather.xedge.testcases.LeadList"/>
  <testcase name="verifyNewTabCount" time="0.318" classname="whitefeather.xedge.testcases.LeadList"/>
  <testcase name="verifyEnrolledTabCount" time="0.310" classname="whitefeather.xedge.testcases.LeadList"/>
  <testcase name="sendEmailToAllLeads" time="0.533" classname="whitefeather.xedge.testcases.LeadList"/>
  <testcase name="verifyClosedTabCount" time="0.269" classname="whitefeather.xedge.testcases.LeadList"/>
  <testcase name="verifyReferredFromMeTabIsDisplayed" time="0.079" classname="whitefeather.xedge.testcases.LeadList"/>
  <testcase name="refreshAllLeadsData" classname="whitefeather.xedge.testcases.LeadList">
    <skipped/>
  </testcase> <!-- refreshAllLeadsData -->
  <testcase name="verifySubmitButton" classname="whitefeather.xedge.testcases.ForgotPassword">
    <skipped/>
  </testcase> <!-- verifySubmitButton -->
</testsuite> <!-- whitefeather.xedge.testcases.LeadList -->
