<?xml version="1.0" encoding="UTF-8"?>
<!-- Generated by org.testng.reporters.JUnitReportReporter -->
<testsuite name="whitefeather.xedge.testcases.ForgotPassword" tests="7" time="7.301" ignored="2" failures="0" timestamp="07 Oct 2017 05:46:25 GMT" skipped="0" hostname="DESKTOP-TMQM6DS" errors="0">
  <testcase name="enterRecoveryEmail" time="6.465" classname="whitefeather.xedge.testcases.ForgotPassword"/>
  <testcase name="openForgotPasswordWindow" time="0.440" classname="whitefeather.xedge.testcases.ForgotPassword"/>
  <testcase name="verifyEmailInputBox" time="0.083" classname="whitefeather.xedge.testcases.ForgotPassword"/>
  <testcase name="verifyRecoveryLabel" time="0.048" classname="whitefeather.xedge.testcases.ForgotPassword"/>
  <testcase name="verifyLoginLink" time="0.097" classname="whitefeather.xedge.testcases.ForgotPassword"/>
  <testcase name="verifyRecoveryMessage" time="0.086" classname="whitefeather.xedge.testcases.ForgotPassword"/>
  <testcase name="verifyCompanyLogo" time="0.082" classname="whitefeather.xedge.testcases.ForgotPassword"/>
  <testcase name="refreshAllLeadsData" classname="whitefeather.xedge.testcases.LeadList">
    <skipped/>
  </testcase> <!-- refreshAllLeadsData -->
  <testcase name="verifySubmitButton" classname="whitefeather.xedge.testcases.ForgotPassword">
    <skipped/>
  </testcase> <!-- verifySubmitButton -->
</testsuite> <!-- whitefeather.xedge.testcases.ForgotPassword -->
