<?xml version="1.0" encoding="UTF-8"?>
<!-- Generated by org.testng.reporters.JUnitReportReporter -->
<testsuite name="whitefeather.xedge.testcases.VerifyGlobalIcons" tests="10" time="4.381" ignored="2" failures="0" timestamp="27 Sep 2017 15:21:21 GMT" skipped="0" hostname="DESKTOP-TMQM6DS" errors="0">
  <testcase name="verifyCompanyLogoInHeader" time="0.411" classname="whitefeather.xedge.testcases.VerifyGlobalIcons"/>
  <testcase name="verifySignOutLink" time="0.138" classname="whitefeather.xedge.testcases.VerifyGlobalIcons"/>
  <testcase name="verifyAddLeadPlusIcon" time="0.132" classname="whitefeather.xedge.testcases.VerifyGlobalIcons"/>
  <testcase name="verifyJoyRideButton" time="2.896" classname="whitefeather.xedge.testcases.VerifyGlobalIcons"/>
  <testcase name="verifyOutStandingActivityCount" time="0.119" classname="whitefeather.xedge.testcases.VerifyGlobalIcons"/>
  <testcase name="verifyGoButtonInGlobalSearchBar" time="0.124" classname="whitefeather.xedge.testcases.VerifyGlobalIcons"/>
  <testcase name="verifyCounselorPhoto" time="0.153" classname="whitefeather.xedge.testcases.VerifyGlobalIcons"/>
  <testcase name="verifyOutStandingActivityIcon" time="0.191" classname="whitefeather.xedge.testcases.VerifyGlobalIcons"/>
  <testcase name="verifyCounselorName" time="0.101" classname="whitefeather.xedge.testcases.VerifyGlobalIcons"/>
  <testcase name="verifyBulkUploadIcon" time="0.116" classname="whitefeather.xedge.testcases.VerifyGlobalIcons"/>
  <testcase name="refreshAllLeadsData" classname="whitefeather.xedge.testcases.LeadList">
    <skipped/>
  </testcase> <!-- refreshAllLeadsData -->
  <testcase name="verifySubmitButton" classname="whitefeather.xedge.testcases.ForgotPassword">
    <skipped/>
  </testcase> <!-- verifySubmitButton -->
</testsuite> <!-- whitefeather.xedge.testcases.VerifyGlobalIcons -->
