<?xml version="1.0" encoding="UTF-8"?>
<!-- Generated by org.testng.reporters.JUnitReportReporter -->
<testsuite name="whitefeather.xedge.testcases.PerformLoginAction" tests="13" time="6.291" ignored="1" failures="0" timestamp="25 Sep 2017 13:30:14 GMT" skipped="0" hostname="DESKTOP-TMQM6DS" errors="0">
  <testcase name="verifyUsernameLabel" time="0.096" classname="whitefeather.xedge.testcases.PerformLoginAction"/>
  <testcase name="enterLoginId" time="0.366" classname="whitefeather.xedge.testcases.PerformLoginAction"/>
  <testcase name="verifyUsernamePlaceholder" time="0.194" classname="whitefeather.xedge.testcases.PerformLoginAction"/>
  <testcase name="verifyLoginPageBackground" time="1.143" classname="whitefeather.xedge.testcases.PerformLoginAction"/>
  <testcase name="verifyPasswordInputField" time="0.079" classname="whitefeather.xedge.testcases.PerformLoginAction"/>
  <testcase name="clickLoginButton" time="3.563" classname="whitefeather.xedge.testcases.PerformLoginAction"/>
  <testcase name="verifyPasswordLabel" time="0.244" classname="whitefeather.xedge.testcases.PerformLoginAction"/>
  <testcase name="verifyClientAccountLogo" time="0.045" classname="whitefeather.xedge.testcases.PerformLoginAction"/>
  <testcase name="verifyLoginButton" time="0.166" classname="whitefeather.xedge.testcases.PerformLoginAction"/>
  <testcase name="enterLoginPassword" time="0.145" classname="whitefeather.xedge.testcases.PerformLoginAction"/>
  <testcase name="verifyPasswordPlaceholder" time="0.114" classname="whitefeather.xedge.testcases.PerformLoginAction"/>
  <testcase name="verifyPasswordWrapper" time="0.094" classname="whitefeather.xedge.testcases.PerformLoginAction"/>
  <testcase name="verifyUsernameInputField" time="0.042" classname="whitefeather.xedge.testcases.PerformLoginAction"/>
  <testcase name="verifySubmitButton" classname="whitefeather.xedge.testcases.ForgotPassword">
    <skipped/>
  </testcase> <!-- verifySubmitButton -->
</testsuite> <!-- whitefeather.xedge.testcases.PerformLoginAction -->
