<?xml version="1.0" encoding="UTF-8"?>
<!-- Generated by org.testng.reporters.JUnitReportReporter -->
<testsuite name="whitefeather.xedge.testcases.PerformLoginAction" tests="13" time="5.773" ignored="1" failures="0" timestamp="16 Sep 2017 13:27:01 GMT" skipped="0" hostname="DESKTOP-TMQM6DS" errors="0">
  <testcase name="enterLoginPassword" time="0.147" classname="whitefeather.xedge.testcases.PerformLoginAction"/>
  <testcase name="verifyLoginPageBackground" time="1.091" classname="whitefeather.xedge.testcases.PerformLoginAction"/>
  <testcase name="verifyPasswordInputField" time="0.099" classname="whitefeather.xedge.testcases.PerformLoginAction"/>
  <testcase name="verifyPasswordLabel" time="0.109" classname="whitefeather.xedge.testcases.PerformLoginAction"/>
  <testcase name="verifyUsernameInputField" time="0.047" classname="whitefeather.xedge.testcases.PerformLoginAction"/>
  <testcase name="verifyUsernameLabel" time="0.078" classname="whitefeather.xedge.testcases.PerformLoginAction"/>
  <testcase name="verifyPasswordWrapper" time="0.091" classname="whitefeather.xedge.testcases.PerformLoginAction"/>
  <testcase name="enterLoginId" time="0.381" classname="whitefeather.xedge.testcases.PerformLoginAction"/>
  <testcase name="verifyLoginButton" time="0.097" classname="whitefeather.xedge.testcases.PerformLoginAction"/>
  <testcase name="verifyPasswordPlaceholder" time="0.078" classname="whitefeather.xedge.testcases.PerformLoginAction"/>
  <testcase name="verifyUsernamePlaceholder" time="0.145" classname="whitefeather.xedge.testcases.PerformLoginAction"/>
  <testcase name="verifyClientAccountLogo" time="0.033" classname="whitefeather.xedge.testcases.PerformLoginAction"/>
  <testcase name="clickLoginButton" time="3.377" classname="whitefeather.xedge.testcases.PerformLoginAction"/>
  <testcase name="verifySubmitButton" classname="whitefeather.xedge.testcases.ForgotPassword">
    <skipped/>
  </testcase> <!-- verifySubmitButton -->
</testsuite> <!-- whitefeather.xedge.testcases.PerformLoginAction -->
