<?xml version="1.0" encoding="UTF-8"?>
<!-- Generated by org.testng.reporters.JUnitReportReporter -->
<testsuite name="whitefeather.xedge.testcases.VerifyGlobalIcons" tests="10" time="4.246" ignored="2" failures="0" timestamp="07 Oct 2017 05:46:25 GMT" skipped="0" hostname="DESKTOP-TMQM6DS" errors="0">
  <testcase name="verifyCounselorPhoto" time="0.101" classname="whitefeather.xedge.testcases.VerifyGlobalIcons"/>
  <testcase name="verifyBulkUploadIcon" time="0.061" classname="whitefeather.xedge.testcases.VerifyGlobalIcons"/>
  <testcase name="verifySignOutLink" time="0.083" classname="whitefeather.xedge.testcases.VerifyGlobalIcons"/>
  <testcase name="verifyJoyRideButton" time="3.418" classname="whitefeather.xedge.testcases.VerifyGlobalIcons"/>
  <testcase name="verifyCompanyLogoInHeader" time="0.140" classname="whitefeather.xedge.testcases.VerifyGlobalIcons"/>
  <testcase name="verifyAddLeadPlusIcon" time="0.073" classname="whitefeather.xedge.testcases.VerifyGlobalIcons"/>
  <testcase name="verifyGoButtonInGlobalSearchBar" time="0.085" classname="whitefeather.xedge.testcases.VerifyGlobalIcons"/>
  <testcase name="verifyOutStandingActivityCount" time="0.072" classname="whitefeather.xedge.testcases.VerifyGlobalIcons"/>
  <testcase name="verifyOutStandingActivityIcon" time="0.099" classname="whitefeather.xedge.testcases.VerifyGlobalIcons"/>
  <testcase name="verifyCounselorName" time="0.114" classname="whitefeather.xedge.testcases.VerifyGlobalIcons"/>
  <testcase name="refreshAllLeadsData" classname="whitefeather.xedge.testcases.LeadList">
    <skipped/>
  </testcase> <!-- refreshAllLeadsData -->
  <testcase name="verifySubmitButton" classname="whitefeather.xedge.testcases.ForgotPassword">
    <skipped/>
  </testcase> <!-- verifySubmitButton -->
</testsuite> <!-- whitefeather.xedge.testcases.VerifyGlobalIcons -->
