<?xml version="1.0" encoding="UTF-8"?>
<!-- Generated by org.testng.reporters.JUnitReportReporter -->
<testsuite name="whitefeather.xedge.testcases.FillUpApplicationForm" tests="59" time="38.669" ignored="0" failures="0" timestamp="23 Oct 2017 12:20:49 GMT" skipped="0" hostname="DESKTOP-TMQM6DS" errors="0">
  <testcase name="provideSSCRegNumber" time="0.172" classname="whitefeather.xedge.testcases.FillUpApplicationForm"/>
  <testcase name="clickNextButtonStep2" time="0.370" classname="whitefeather.xedge.testcases.FillUpApplicationForm"/>
  <testcase name="provideHSCPercentageValue" time="0.196" classname="whitefeather.xedge.testcases.FillUpApplicationForm"/>
  <testcase name="provideDateOfBirth" time="3.483" classname="whitefeather.xedge.testcases.FillUpApplicationForm"/>
  <testcase name="provideCountry" time="0.100" classname="whitefeather.xedge.testcases.FillUpApplicationForm"/>
  <testcase name="provideCommunity" time="0.186" classname="whitefeather.xedge.testcases.FillUpApplicationForm"/>
  <testcase name="providePaymentType" time="0.276" classname="whitefeather.xedge.testcases.FillUpApplicationForm"/>
  <testcase name="provideMainAddress" time="0.264" classname="whitefeather.xedge.testcases.FillUpApplicationForm"/>
  <testcase name="provideSubject3NameValue" time="0.327" classname="whitefeather.xedge.testcases.FillUpApplicationForm"/>
  <testcase name="provideHSCYearOfPassing" time="0.198" classname="whitefeather.xedge.testcases.FillUpApplicationForm"/>
  <testcase name="provideSubject1Marks1Value" time="0.190" classname="whitefeather.xedge.testcases.FillUpApplicationForm"/>
  <testcase name="provideSubject3Marks3Value" time="0.167" classname="whitefeather.xedge.testcases.FillUpApplicationForm"/>
  <testcase name="provideSubject1Percetage1Value" time="0.192" classname="whitefeather.xedge.testcases.FillUpApplicationForm"/>
  <testcase name="provideEmergencyContactNumber" time="0.274" classname="whitefeather.xedge.testcases.FillUpApplicationForm"/>
  <testcase name="attachAttachment5" time="0.072" classname="whitefeather.xedge.testcases.FillUpApplicationForm"/>
  <testcase name="provideSSCYearOfPassing" time="0.225" classname="whitefeather.xedge.testcases.FillUpApplicationForm"/>
  <testcase name="provideDomicile" time="0.206" classname="whitefeather.xedge.testcases.FillUpApplicationForm"/>
  <testcase name="provideAlternateContactNumber" time="0.218" classname="whitefeather.xedge.testcases.FillUpApplicationForm"/>
  <testcase name="provideSubject1NameValue" time="0.379" classname="whitefeather.xedge.testcases.FillUpApplicationForm"/>
  <testcase name="provideBloodGroup" time="0.166" classname="whitefeather.xedge.testcases.FillUpApplicationForm"/>
  <testcase name="attachAttachment2" time="0.072" classname="whitefeather.xedge.testcases.FillUpApplicationForm"/>
  <testcase name="provideSubject2NameValue" time="0.308" classname="whitefeather.xedge.testcases.FillUpApplicationForm"/>
  <testcase name="provideHSCModeOfStudy" time="0.194" classname="whitefeather.xedge.testcases.FillUpApplicationForm"/>
  <testcase name="attachAttachment1" time="0.174" classname="whitefeather.xedge.testcases.FillUpApplicationForm"/>
  <testcase name="provideCourse" time="0.222" classname="whitefeather.xedge.testcases.FillUpApplicationForm"/>
  <testcase name="provideCaste" time="0.216" classname="whitefeather.xedge.testcases.FillUpApplicationForm"/>
  <testcase name="provideFathersName" time="0.476" classname="whitefeather.xedge.testcases.FillUpApplicationForm"/>
  <testcase name="provideGuardiansContactNumber" time="0.225" classname="whitefeather.xedge.testcases.FillUpApplicationForm"/>
  <testcase name="provideEntranceExamValue" time="0.401" classname="whitefeather.xedge.testcases.FillUpApplicationForm"/>
  <testcase name="provideNationality" time="0.173" classname="whitefeather.xedge.testcases.FillUpApplicationForm"/>
  <testcase name="openDetailedApplicationFormPage" time="3.886" classname="whitefeather.xedge.testcases.FillUpApplicationForm"/>
  <testcase name="provideGuardiansName" time="0.399" classname="whitefeather.xedge.testcases.FillUpApplicationForm"/>
  <testcase name="providePaymentAmount" time="0.124" classname="whitefeather.xedge.testcases.FillUpApplicationForm"/>
  <testcase name="provideMothersName" time="0.391" classname="whitefeather.xedge.testcases.FillUpApplicationForm"/>
  <testcase name="clickNextButtonStep3" time="13.528" classname="whitefeather.xedge.testcases.FillUpApplicationForm"/>
  <testcase name="provideHSCRegNumber" time="0.192" classname="whitefeather.xedge.testcases.FillUpApplicationForm"/>
  <testcase name="provideEmergencyEmail" time="0.327" classname="whitefeather.xedge.testcases.FillUpApplicationForm"/>
  <testcase name="provideHSCSchoolName" time="0.432" classname="whitefeather.xedge.testcases.FillUpApplicationForm"/>
  <testcase name="provideSubject2Percetage2Value" time="0.212" classname="whitefeather.xedge.testcases.FillUpApplicationForm"/>
  <testcase name="attachAttachment4" time="0.067" classname="whitefeather.xedge.testcases.FillUpApplicationForm"/>
  <testcase name="provideSubject3Percetage3Value" time="0.184" classname="whitefeather.xedge.testcases.FillUpApplicationForm"/>
  <testcase name="provideGender" time="0.211" classname="whitefeather.xedge.testcases.FillUpApplicationForm"/>
  <testcase name="provideCity" time="0.079" classname="whitefeather.xedge.testcases.FillUpApplicationForm"/>
  <testcase name="provideCitizenship" time="0.216" classname="whitefeather.xedge.testcases.FillUpApplicationForm"/>
  <testcase name="clickNextButtonStep1" time="0.497" classname="whitefeather.xedge.testcases.FillUpApplicationForm"/>
  <testcase name="provideGuardiansRelation" time="0.235" classname="whitefeather.xedge.testcases.FillUpApplicationForm"/>
  <testcase name="provideSSCSchoolName" time="0.375" classname="whitefeather.xedge.testcases.FillUpApplicationForm"/>
  <testcase name="provideGuardiansAddress1" time="0.230" classname="whitefeather.xedge.testcases.FillUpApplicationForm"/>
  <testcase name="provideSubject2Marks1Value" time="0.145" classname="whitefeather.xedge.testcases.FillUpApplicationForm"/>
  <testcase name="provideReligion" time="0.268" classname="whitefeather.xedge.testcases.FillUpApplicationForm"/>
  <testcase name="clickDateOfBirthInputField" time="1.741" classname="whitefeather.xedge.testcases.FillUpApplicationForm"/>
  <testcase name="clickSubmitButtonStep4" time="3.470" classname="whitefeather.xedge.testcases.FillUpApplicationForm"/>
  <testcase name="provideGuardiansAddress2" time="0.261" classname="whitefeather.xedge.testcases.FillUpApplicationForm"/>
  <testcase name="provideSSCModeOfStudy" time="0.216" classname="whitefeather.xedge.testcases.FillUpApplicationForm"/>
  <testcase name="provideState" time="0.082" classname="whitefeather.xedge.testcases.FillUpApplicationForm"/>
  <testcase name="provideAlternateAddress1" time="0.235" classname="whitefeather.xedge.testcases.FillUpApplicationForm"/>
  <testcase name="attachAttachment3" time="0.071" classname="whitefeather.xedge.testcases.FillUpApplicationForm"/>
  <testcase name="provideAlternateAddress2" time="0.233" classname="whitefeather.xedge.testcases.FillUpApplicationForm"/>
  <testcase name="provideSSCPercentageValue" time="0.240" classname="whitefeather.xedge.testcases.FillUpApplicationForm"/>
</testsuite> <!-- whitefeather.xedge.testcases.FillUpApplicationForm -->
