<?xml version="1.0" encoding="UTF-8"?>
<!-- Generated by org.testng.reporters.JUnitReportReporter -->
<testsuite name="whitefeather.xedge.testcases.FillUpApplicationForm" tests="81" time="77.403" ignored="58" failures="0" timestamp="09 Nov 2017 09:14:07 GMT" skipped="0" hostname="DESKTOP-TMQM6DS" errors="10">
  <testcase name="providePresentAddress" time="0.289" classname="whitefeather.xedge.testcases.FillUpApplicationForm"/>
  <testcase name="provideHSCBoard" time="0.301" classname="whitefeather.xedge.testcases.FillUpApplicationForm"/>
  <testcase name="provideFathersQualification" time="0.098" classname="whitefeather.xedge.testcases.FillUpApplicationForm">
    <error type="org.openqa.selenium.ElementNotVisibleException" message="element not visible
  (Session info: chrome=61.0.3163.100)
  (Driver info: chromedriver=2.33.506120 (e3e53437346286c0bc2d2dc9aa4915ba81d9023f),platform=Windows NT 10.0.10586 x86_64) (WARNING: The server did not provide any stacktrace information)
Command duration or timeout: 55 milliseconds
Build info: version: &#039;3.4.0&#039;, revision: &#039;unknown&#039;, time: &#039;unknown&#039;
System info: host: &#039;DESKTOP-TMQM6DS&#039;, ip: &#039;192.168.0.8&#039;, os.name: &#039;Windows 10&#039;, os.arch: &#039;amd64&#039;, os.version: &#039;10.0&#039;, java.version: &#039;1.8.0_144&#039;
Driver info: org.openqa.selenium.chrome.ChromeDriver
Capabilities [{applicationCacheEnabled=false, rotatable=false, mobileEmulationEnabled=false, networkConnectionEnabled=false, chrome={chromedriverVersion=2.33.506120 (e3e53437346286c0bc2d2dc9aa4915ba81d9023f), userDataDir=C:\Users\SHEKHA~1.DES\AppData\Local\Temp\scoped_dir13564_23234}, takesHeapSnapshot=true, pageLoadStrategy=normal, databaseEnabled=false, handlesAlerts=true, hasTouchScreen=false, version=61.0.3163.100, platform=XP, browserConnectionEnabled=false, nativeEvents=true, acceptSslCerts=true, locationContextEnabled=true, webStorageEnabled=true, browserName=chrome, takesScreenshot=true, javascriptEnabled=true, cssSelectorsEnabled=true, setWindowRect=true, unexpectedAlertBehaviour=}]
Session ID: f13847b763bb8dfeb4053b8f66afe4e8">
      <![CDATA[org.openqa.selenium.ElementNotVisibleException: element not visible
  (Session info: chrome=61.0.3163.100)
  (Driver info: chromedriver=2.33.506120 (e3e53437346286c0bc2d2dc9aa4915ba81d9023f),platform=Windows NT 10.0.10586 x86_64) (WARNING: The server did not provide any stacktrace information)
Command duration or timeout: 55 milliseconds
Build info: version: '3.4.0', revision: 'unknown', time: 'unknown'
System info: host: 'DESKTOP-TMQM6DS', ip: '192.168.0.8', os.name: 'Windows 10', os.arch: 'amd64', os.version: '10.0', java.version: '1.8.0_144'
Driver info: org.openqa.selenium.chrome.ChromeDriver
Capabilities [{applicationCacheEnabled=false, rotatable=false, mobileEmulationEnabled=false, networkConnectionEnabled=false, chrome={chromedriverVersion=2.33.506120 (e3e53437346286c0bc2d2dc9aa4915ba81d9023f), userDataDir=C:\Users\SHEKHA~1.DES\AppData\Local\Temp\scoped_dir13564_23234}, takesHeapSnapshot=true, pageLoadStrategy=normal, databaseEnabled=false, handlesAlerts=true, hasTouchScreen=false, version=61.0.3163.100, platform=XP, browserConnectionEnabled=false, nativeEvents=true, acceptSslCerts=true, locationContextEnabled=true, webStorageEnabled=true, browserName=chrome, takesScreenshot=true, javascriptEnabled=true, cssSelectorsEnabled=true, setWindowRect=true, unexpectedAlertBehaviour=}]
Session ID: f13847b763bb8dfeb4053b8f66afe4e8
	at sun.reflect.NativeConstructorAccessorImpl.newInstance0(Native Method)
	at sun.reflect.NativeConstructorAccessorImpl.newInstance(Unknown Source)
	at sun.reflect.DelegatingConstructorAccessorImpl.newInstance(Unknown Source)
	at java.lang.reflect.Constructor.newInstance(Unknown Source)
	at org.openqa.selenium.remote.ErrorHandler.createThrowable(ErrorHandler.java:215)
	at org.openqa.selenium.remote.ErrorHandler.throwIfResponseFailed(ErrorHandler.java:167)
	at org.openqa.selenium.remote.RemoteWebDriver.execute(RemoteWebDriver.java:671)
	at org.openqa.selenium.remote.RemoteWebElement.execute(RemoteWebElement.java:272)
	at org.openqa.selenium.remote.RemoteWebElement.sendKeys(RemoteWebElement.java:96)
	at whitefeather.xedge.testcases.FillUpApplicationForm.provideFathersQualification(FillUpApplicationForm.java:932)
	at sun.reflect.NativeMethodAccessorImpl.invoke0(Native Method)
	at sun.reflect.NativeMethodAccessorImpl.invoke(Unknown Source)
	at sun.reflect.DelegatingMethodAccessorImpl.invoke(Unknown Source)
	at java.lang.reflect.Method.invoke(Unknown Source)
	at org.testng.internal.MethodInvocationHelper.invokeMethod(MethodInvocationHelper.java:104)
	at org.testng.internal.Invoker.invokeMethod(Invoker.java:645)
	at org.testng.internal.Invoker.invokeTestMethod(Invoker.java:851)
	at org.testng.internal.Invoker.invokeTestMethods(Invoker.java:1177)
	at org.testng.internal.TestMethodWorker.invokeTestMethods(TestMethodWorker.java:129)
	at org.testng.internal.TestMethodWorker.run(TestMethodWorker.java:112)
	at org.testng.TestRunner.privateRun(TestRunner.java:756)
	at org.testng.TestRunner.run(TestRunner.java:610)
	at org.testng.SuiteRunner.runTest(SuiteRunner.java:387)
	at org.testng.SuiteRunner.runSequentially(SuiteRunner.java:382)
	at org.testng.SuiteRunner.privateRun(SuiteRunner.java:340)
	at org.testng.SuiteRunner.run(SuiteRunner.java:289)
	at org.testng.SuiteRunnerWorker.runSuite(SuiteRunnerWorker.java:52)
	at org.testng.SuiteRunnerWorker.run(SuiteRunnerWorker.java:86)
	at org.testng.TestNG.runSuitesSequentially(TestNG.java:1293)
	at org.testng.TestNG.runSuitesLocally(TestNG.java:1218)
	at org.testng.TestNG.runSuites(TestNG.java:1133)
	at org.testng.TestNG.run(TestNG.java:1104)
	at org.testng.remote.AbstractRemoteTestNG.run(AbstractRemoteTestNG.java:114)
	at org.testng.remote.RemoteTestNG.initAndRun(RemoteTestNG.java:251)
	at org.testng.remote.RemoteTestNG.main(RemoteTestNG.java:77)
]]>
    </error>
  </testcase> <!-- provideFathersQualification -->
  <testcase name="providePresentAddrPincode" time="0.207" classname="whitefeather.xedge.testcases.FillUpApplicationForm"/>
  <testcase name="provideAnnualIncome" time="0.095" classname="whitefeather.xedge.testcases.FillUpApplicationForm">
    <error type="org.openqa.selenium.ElementNotVisibleException" message="element not visible
  (Session info: chrome=61.0.3163.100)
  (Driver info: chromedriver=2.33.506120 (e3e53437346286c0bc2d2dc9aa4915ba81d9023f),platform=Windows NT 10.0.10586 x86_64) (WARNING: The server did not provide any stacktrace information)
Command duration or timeout: 57 milliseconds
Build info: version: &#039;3.4.0&#039;, revision: &#039;unknown&#039;, time: &#039;unknown&#039;
System info: host: &#039;DESKTOP-TMQM6DS&#039;, ip: &#039;192.168.0.8&#039;, os.name: &#039;Windows 10&#039;, os.arch: &#039;amd64&#039;, os.version: &#039;10.0&#039;, java.version: &#039;1.8.0_144&#039;
Driver info: org.openqa.selenium.chrome.ChromeDriver
Capabilities [{applicationCacheEnabled=false, rotatable=false, mobileEmulationEnabled=false, networkConnectionEnabled=false, chrome={chromedriverVersion=2.33.506120 (e3e53437346286c0bc2d2dc9aa4915ba81d9023f), userDataDir=C:\Users\SHEKHA~1.DES\AppData\Local\Temp\scoped_dir13564_23234}, takesHeapSnapshot=true, pageLoadStrategy=normal, databaseEnabled=false, handlesAlerts=true, hasTouchScreen=false, version=61.0.3163.100, platform=XP, browserConnectionEnabled=false, nativeEvents=true, acceptSslCerts=true, locationContextEnabled=true, webStorageEnabled=true, browserName=chrome, takesScreenshot=true, javascriptEnabled=true, cssSelectorsEnabled=true, setWindowRect=true, unexpectedAlertBehaviour=}]
Session ID: f13847b763bb8dfeb4053b8f66afe4e8">
      <![CDATA[org.openqa.selenium.ElementNotVisibleException: element not visible
  (Session info: chrome=61.0.3163.100)
  (Driver info: chromedriver=2.33.506120 (e3e53437346286c0bc2d2dc9aa4915ba81d9023f),platform=Windows NT 10.0.10586 x86_64) (WARNING: The server did not provide any stacktrace information)
Command duration or timeout: 57 milliseconds
Build info: version: '3.4.0', revision: 'unknown', time: 'unknown'
System info: host: 'DESKTOP-TMQM6DS', ip: '192.168.0.8', os.name: 'Windows 10', os.arch: 'amd64', os.version: '10.0', java.version: '1.8.0_144'
Driver info: org.openqa.selenium.chrome.ChromeDriver
Capabilities [{applicationCacheEnabled=false, rotatable=false, mobileEmulationEnabled=false, networkConnectionEnabled=false, chrome={chromedriverVersion=2.33.506120 (e3e53437346286c0bc2d2dc9aa4915ba81d9023f), userDataDir=C:\Users\SHEKHA~1.DES\AppData\Local\Temp\scoped_dir13564_23234}, takesHeapSnapshot=true, pageLoadStrategy=normal, databaseEnabled=false, handlesAlerts=true, hasTouchScreen=false, version=61.0.3163.100, platform=XP, browserConnectionEnabled=false, nativeEvents=true, acceptSslCerts=true, locationContextEnabled=true, webStorageEnabled=true, browserName=chrome, takesScreenshot=true, javascriptEnabled=true, cssSelectorsEnabled=true, setWindowRect=true, unexpectedAlertBehaviour=}]
Session ID: f13847b763bb8dfeb4053b8f66afe4e8
	at sun.reflect.NativeConstructorAccessorImpl.newInstance0(Native Method)
	at sun.reflect.NativeConstructorAccessorImpl.newInstance(Unknown Source)
	at sun.reflect.DelegatingConstructorAccessorImpl.newInstance(Unknown Source)
	at java.lang.reflect.Constructor.newInstance(Unknown Source)
	at org.openqa.selenium.remote.ErrorHandler.createThrowable(ErrorHandler.java:215)
	at org.openqa.selenium.remote.ErrorHandler.throwIfResponseFailed(ErrorHandler.java:167)
	at org.openqa.selenium.remote.RemoteWebDriver.execute(RemoteWebDriver.java:671)
	at org.openqa.selenium.remote.RemoteWebElement.execute(RemoteWebElement.java:272)
	at org.openqa.selenium.remote.RemoteWebElement.sendKeys(RemoteWebElement.java:96)
	at whitefeather.xedge.testcases.FillUpApplicationForm.provideAnnualIncome(FillUpApplicationForm.java:962)
	at sun.reflect.NativeMethodAccessorImpl.invoke0(Native Method)
	at sun.reflect.NativeMethodAccessorImpl.invoke(Unknown Source)
	at sun.reflect.DelegatingMethodAccessorImpl.invoke(Unknown Source)
	at java.lang.reflect.Method.invoke(Unknown Source)
	at org.testng.internal.MethodInvocationHelper.invokeMethod(MethodInvocationHelper.java:104)
	at org.testng.internal.Invoker.invokeMethod(Invoker.java:645)
	at org.testng.internal.Invoker.invokeTestMethod(Invoker.java:851)
	at org.testng.internal.Invoker.invokeTestMethods(Invoker.java:1177)
	at org.testng.internal.TestMethodWorker.invokeTestMethods(TestMethodWorker.java:129)
	at org.testng.internal.TestMethodWorker.run(TestMethodWorker.java:112)
	at org.testng.TestRunner.privateRun(TestRunner.java:756)
	at org.testng.TestRunner.run(TestRunner.java:610)
	at org.testng.SuiteRunner.runTest(SuiteRunner.java:387)
	at org.testng.SuiteRunner.runSequentially(SuiteRunner.java:382)
	at org.testng.SuiteRunner.privateRun(SuiteRunner.java:340)
	at org.testng.SuiteRunner.run(SuiteRunner.java:289)
	at org.testng.SuiteRunnerWorker.runSuite(SuiteRunnerWorker.java:52)
	at org.testng.SuiteRunnerWorker.run(SuiteRunnerWorker.java:86)
	at org.testng.TestNG.runSuitesSequentially(TestNG.java:1293)
	at org.testng.TestNG.runSuitesLocally(TestNG.java:1218)
	at org.testng.TestNG.runSuites(TestNG.java:1133)
	at org.testng.TestNG.run(TestNG.java:1104)
	at org.testng.remote.AbstractRemoteTestNG.run(AbstractRemoteTestNG.java:114)
	at org.testng.remote.RemoteTestNG.initAndRun(RemoteTestNG.java:251)
	at org.testng.remote.RemoteTestNG.main(RemoteTestNG.java:77)
]]>
    </error>
  </testcase> <!-- provideAnnualIncome -->
  <testcase name="provideFathersMobile" time="0.084" classname="whitefeather.xedge.testcases.FillUpApplicationForm">
    <error type="org.openqa.selenium.ElementNotVisibleException" message="element not visible
  (Session info: chrome=61.0.3163.100)
  (Driver info: chromedriver=2.33.506120 (e3e53437346286c0bc2d2dc9aa4915ba81d9023f),platform=Windows NT 10.0.10586 x86_64) (WARNING: The server did not provide any stacktrace information)
Command duration or timeout: 51 milliseconds
Build info: version: &#039;3.4.0&#039;, revision: &#039;unknown&#039;, time: &#039;unknown&#039;
System info: host: &#039;DESKTOP-TMQM6DS&#039;, ip: &#039;192.168.0.8&#039;, os.name: &#039;Windows 10&#039;, os.arch: &#039;amd64&#039;, os.version: &#039;10.0&#039;, java.version: &#039;1.8.0_144&#039;
Driver info: org.openqa.selenium.chrome.ChromeDriver
Capabilities [{applicationCacheEnabled=false, rotatable=false, mobileEmulationEnabled=false, networkConnectionEnabled=false, chrome={chromedriverVersion=2.33.506120 (e3e53437346286c0bc2d2dc9aa4915ba81d9023f), userDataDir=C:\Users\SHEKHA~1.DES\AppData\Local\Temp\scoped_dir13564_23234}, takesHeapSnapshot=true, pageLoadStrategy=normal, databaseEnabled=false, handlesAlerts=true, hasTouchScreen=false, version=61.0.3163.100, platform=XP, browserConnectionEnabled=false, nativeEvents=true, acceptSslCerts=true, locationContextEnabled=true, webStorageEnabled=true, browserName=chrome, takesScreenshot=true, javascriptEnabled=true, cssSelectorsEnabled=true, setWindowRect=true, unexpectedAlertBehaviour=}]
Session ID: f13847b763bb8dfeb4053b8f66afe4e8">
      <![CDATA[org.openqa.selenium.ElementNotVisibleException: element not visible
  (Session info: chrome=61.0.3163.100)
  (Driver info: chromedriver=2.33.506120 (e3e53437346286c0bc2d2dc9aa4915ba81d9023f),platform=Windows NT 10.0.10586 x86_64) (WARNING: The server did not provide any stacktrace information)
Command duration or timeout: 51 milliseconds
Build info: version: '3.4.0', revision: 'unknown', time: 'unknown'
System info: host: 'DESKTOP-TMQM6DS', ip: '192.168.0.8', os.name: 'Windows 10', os.arch: 'amd64', os.version: '10.0', java.version: '1.8.0_144'
Driver info: org.openqa.selenium.chrome.ChromeDriver
Capabilities [{applicationCacheEnabled=false, rotatable=false, mobileEmulationEnabled=false, networkConnectionEnabled=false, chrome={chromedriverVersion=2.33.506120 (e3e53437346286c0bc2d2dc9aa4915ba81d9023f), userDataDir=C:\Users\SHEKHA~1.DES\AppData\Local\Temp\scoped_dir13564_23234}, takesHeapSnapshot=true, pageLoadStrategy=normal, databaseEnabled=false, handlesAlerts=true, hasTouchScreen=false, version=61.0.3163.100, platform=XP, browserConnectionEnabled=false, nativeEvents=true, acceptSslCerts=true, locationContextEnabled=true, webStorageEnabled=true, browserName=chrome, takesScreenshot=true, javascriptEnabled=true, cssSelectorsEnabled=true, setWindowRect=true, unexpectedAlertBehaviour=}]
Session ID: f13847b763bb8dfeb4053b8f66afe4e8
	at sun.reflect.NativeConstructorAccessorImpl.newInstance0(Native Method)
	at sun.reflect.NativeConstructorAccessorImpl.newInstance(Unknown Source)
	at sun.reflect.DelegatingConstructorAccessorImpl.newInstance(Unknown Source)
	at java.lang.reflect.Constructor.newInstance(Unknown Source)
	at org.openqa.selenium.remote.ErrorHandler.createThrowable(ErrorHandler.java:215)
	at org.openqa.selenium.remote.ErrorHandler.throwIfResponseFailed(ErrorHandler.java:167)
	at org.openqa.selenium.remote.RemoteWebDriver.execute(RemoteWebDriver.java:671)
	at org.openqa.selenium.remote.RemoteWebElement.execute(RemoteWebElement.java:272)
	at org.openqa.selenium.remote.RemoteWebElement.sendKeys(RemoteWebElement.java:96)
	at whitefeather.xedge.testcases.FillUpApplicationForm.provideFathersMobile(FillUpApplicationForm.java:990)
	at sun.reflect.NativeMethodAccessorImpl.invoke0(Native Method)
	at sun.reflect.NativeMethodAccessorImpl.invoke(Unknown Source)
	at sun.reflect.DelegatingMethodAccessorImpl.invoke(Unknown Source)
	at java.lang.reflect.Method.invoke(Unknown Source)
	at org.testng.internal.MethodInvocationHelper.invokeMethod(MethodInvocationHelper.java:104)
	at org.testng.internal.Invoker.invokeMethod(Invoker.java:645)
	at org.testng.internal.Invoker.invokeTestMethod(Invoker.java:851)
	at org.testng.internal.Invoker.invokeTestMethods(Invoker.java:1177)
	at org.testng.internal.TestMethodWorker.invokeTestMethods(TestMethodWorker.java:129)
	at org.testng.internal.TestMethodWorker.run(TestMethodWorker.java:112)
	at org.testng.TestRunner.privateRun(TestRunner.java:756)
	at org.testng.TestRunner.run(TestRunner.java:610)
	at org.testng.SuiteRunner.runTest(SuiteRunner.java:387)
	at org.testng.SuiteRunner.runSequentially(SuiteRunner.java:382)
	at org.testng.SuiteRunner.privateRun(SuiteRunner.java:340)
	at org.testng.SuiteRunner.run(SuiteRunner.java:289)
	at org.testng.SuiteRunnerWorker.runSuite(SuiteRunnerWorker.java:52)
	at org.testng.SuiteRunnerWorker.run(SuiteRunnerWorker.java:86)
	at org.testng.TestNG.runSuitesSequentially(TestNG.java:1293)
	at org.testng.TestNG.runSuitesLocally(TestNG.java:1218)
	at org.testng.TestNG.runSuites(TestNG.java:1133)
	at org.testng.TestNG.run(TestNG.java:1104)
	at org.testng.remote.AbstractRemoteTestNG.run(AbstractRemoteTestNG.java:114)
	at org.testng.remote.RemoteTestNG.initAndRun(RemoteTestNG.java:251)
	at org.testng.remote.RemoteTestNG.main(RemoteTestNG.java:77)
]]>
    </error>
  </testcase> <!-- provideFathersMobile -->
  <testcase name="provideDateOfIssue" time="4.091" classname="whitefeather.xedge.testcases.FillUpApplicationForm"/>
  <testcase name="clickExpiryDateInputField" time="0.253" classname="whitefeather.xedge.testcases.FillUpApplicationForm"/>
  <testcase name="provideDegreeOrDiplomaType" time="0.341" classname="whitefeather.xedge.testcases.FillUpApplicationForm"/>
  <testcase name="provideReligion" time="0.252" classname="whitefeather.xedge.testcases.FillUpApplicationForm"/>
  <testcase name="clickDateOfBirthInputField" time="1.442" classname="whitefeather.xedge.testcases.FillUpApplicationForm"/>
  <testcase name="provideGuardiansAddress3" time="0.291" classname="whitefeather.xedge.testcases.FillUpApplicationForm"/>
  <testcase name="provideDegreeOrDiplomaUniversityName" time="0.581" classname="whitefeather.xedge.testcases.FillUpApplicationForm"/>
  <testcase name="provideDegDiplomaModeOfStudy" time="0.410" classname="whitefeather.xedge.testcases.FillUpApplicationForm"/>
  <testcase name="clickNextButtonStep3" time="5.162" classname="whitefeather.xedge.testcases.FillUpApplicationForm"/>
  <testcase name="provideModeOfStudyHSC" time="1.607" classname="whitefeather.xedge.testcases.FillUpApplicationForm"/>
  <testcase name="provideMothersName" time="0.085" classname="whitefeather.xedge.testcases.FillUpApplicationForm">
    <error type="org.openqa.selenium.ElementNotVisibleException" message="element not visible
  (Session info: chrome=61.0.3163.100)
  (Driver info: chromedriver=2.33.506120 (e3e53437346286c0bc2d2dc9aa4915ba81d9023f),platform=Windows NT 10.0.10586 x86_64) (WARNING: The server did not provide any stacktrace information)
Command duration or timeout: 54 milliseconds
Build info: version: &#039;3.4.0&#039;, revision: &#039;unknown&#039;, time: &#039;unknown&#039;
System info: host: &#039;DESKTOP-TMQM6DS&#039;, ip: &#039;192.168.0.8&#039;, os.name: &#039;Windows 10&#039;, os.arch: &#039;amd64&#039;, os.version: &#039;10.0&#039;, java.version: &#039;1.8.0_144&#039;
Driver info: org.openqa.selenium.chrome.ChromeDriver
Capabilities [{applicationCacheEnabled=false, rotatable=false, mobileEmulationEnabled=false, networkConnectionEnabled=false, chrome={chromedriverVersion=2.33.506120 (e3e53437346286c0bc2d2dc9aa4915ba81d9023f), userDataDir=C:\Users\SHEKHA~1.DES\AppData\Local\Temp\scoped_dir13564_23234}, takesHeapSnapshot=true, pageLoadStrategy=normal, databaseEnabled=false, handlesAlerts=true, hasTouchScreen=false, version=61.0.3163.100, platform=XP, browserConnectionEnabled=false, nativeEvents=true, acceptSslCerts=true, locationContextEnabled=true, webStorageEnabled=true, browserName=chrome, takesScreenshot=true, javascriptEnabled=true, cssSelectorsEnabled=true, setWindowRect=true, unexpectedAlertBehaviour=}]
Session ID: f13847b763bb8dfeb4053b8f66afe4e8">
      <![CDATA[org.openqa.selenium.ElementNotVisibleException: element not visible
  (Session info: chrome=61.0.3163.100)
  (Driver info: chromedriver=2.33.506120 (e3e53437346286c0bc2d2dc9aa4915ba81d9023f),platform=Windows NT 10.0.10586 x86_64) (WARNING: The server did not provide any stacktrace information)
Command duration or timeout: 54 milliseconds
Build info: version: '3.4.0', revision: 'unknown', time: 'unknown'
System info: host: 'DESKTOP-TMQM6DS', ip: '192.168.0.8', os.name: 'Windows 10', os.arch: 'amd64', os.version: '10.0', java.version: '1.8.0_144'
Driver info: org.openqa.selenium.chrome.ChromeDriver
Capabilities [{applicationCacheEnabled=false, rotatable=false, mobileEmulationEnabled=false, networkConnectionEnabled=false, chrome={chromedriverVersion=2.33.506120 (e3e53437346286c0bc2d2dc9aa4915ba81d9023f), userDataDir=C:\Users\SHEKHA~1.DES\AppData\Local\Temp\scoped_dir13564_23234}, takesHeapSnapshot=true, pageLoadStrategy=normal, databaseEnabled=false, handlesAlerts=true, hasTouchScreen=false, version=61.0.3163.100, platform=XP, browserConnectionEnabled=false, nativeEvents=true, acceptSslCerts=true, locationContextEnabled=true, webStorageEnabled=true, browserName=chrome, takesScreenshot=true, javascriptEnabled=true, cssSelectorsEnabled=true, setWindowRect=true, unexpectedAlertBehaviour=}]
Session ID: f13847b763bb8dfeb4053b8f66afe4e8
	at sun.reflect.NativeConstructorAccessorImpl.newInstance0(Native Method)
	at sun.reflect.NativeConstructorAccessorImpl.newInstance(Unknown Source)
	at sun.reflect.DelegatingConstructorAccessorImpl.newInstance(Unknown Source)
	at java.lang.reflect.Constructor.newInstance(Unknown Source)
	at org.openqa.selenium.remote.ErrorHandler.createThrowable(ErrorHandler.java:215)
	at org.openqa.selenium.remote.ErrorHandler.throwIfResponseFailed(ErrorHandler.java:167)
	at org.openqa.selenium.remote.RemoteWebDriver.execute(RemoteWebDriver.java:671)
	at org.openqa.selenium.remote.RemoteWebElement.execute(RemoteWebElement.java:272)
	at org.openqa.selenium.remote.RemoteWebElement.sendKeys(RemoteWebElement.java:96)
	at whitefeather.xedge.testcases.FillUpApplicationForm.provideMothersName(FillUpApplicationForm.java:1005)
	at sun.reflect.NativeMethodAccessorImpl.invoke0(Native Method)
	at sun.reflect.NativeMethodAccessorImpl.invoke(Unknown Source)
	at sun.reflect.DelegatingMethodAccessorImpl.invoke(Unknown Source)
	at java.lang.reflect.Method.invoke(Unknown Source)
	at org.testng.internal.MethodInvocationHelper.invokeMethod(MethodInvocationHelper.java:104)
	at org.testng.internal.Invoker.invokeMethod(Invoker.java:645)
	at org.testng.internal.Invoker.invokeTestMethod(Invoker.java:851)
	at org.testng.internal.Invoker.invokeTestMethods(Invoker.java:1177)
	at org.testng.internal.TestMethodWorker.invokeTestMethods(TestMethodWorker.java:129)
	at org.testng.internal.TestMethodWorker.run(TestMethodWorker.java:112)
	at org.testng.TestRunner.privateRun(TestRunner.java:756)
	at org.testng.TestRunner.run(TestRunner.java:610)
	at org.testng.SuiteRunner.runTest(SuiteRunner.java:387)
	at org.testng.SuiteRunner.runSequentially(SuiteRunner.java:382)
	at org.testng.SuiteRunner.privateRun(SuiteRunner.java:340)
	at org.testng.SuiteRunner.run(SuiteRunner.java:289)
	at org.testng.SuiteRunnerWorker.runSuite(SuiteRunnerWorker.java:52)
	at org.testng.SuiteRunnerWorker.run(SuiteRunnerWorker.java:86)
	at org.testng.TestNG.runSuitesSequentially(TestNG.java:1293)
	at org.testng.TestNG.runSuitesLocally(TestNG.java:1218)
	at org.testng.TestNG.runSuites(TestNG.java:1133)
	at org.testng.TestNG.run(TestNG.java:1104)
	at org.testng.remote.AbstractRemoteTestNG.run(AbstractRemoteTestNG.java:114)
	at org.testng.remote.RemoteTestNG.initAndRun(RemoteTestNG.java:251)
	at org.testng.remote.RemoteTestNG.main(RemoteTestNG.java:77)
]]>
    </error>
  </testcase> <!-- provideMothersName -->
  <testcase name="clickDateOfIssueInputField" time="0.223" classname="whitefeather.xedge.testcases.FillUpApplicationForm"/>
  <testcase name="provideMothersOccupation" time="0.083" classname="whitefeather.xedge.testcases.FillUpApplicationForm">
    <error type="org.openqa.selenium.ElementNotVisibleException" message="element not visible
  (Session info: chrome=61.0.3163.100)
  (Driver info: chromedriver=2.33.506120 (e3e53437346286c0bc2d2dc9aa4915ba81d9023f),platform=Windows NT 10.0.10586 x86_64) (WARNING: The server did not provide any stacktrace information)
Command duration or timeout: 52 milliseconds
Build info: version: &#039;3.4.0&#039;, revision: &#039;unknown&#039;, time: &#039;unknown&#039;
System info: host: &#039;DESKTOP-TMQM6DS&#039;, ip: &#039;192.168.0.8&#039;, os.name: &#039;Windows 10&#039;, os.arch: &#039;amd64&#039;, os.version: &#039;10.0&#039;, java.version: &#039;1.8.0_144&#039;
Driver info: org.openqa.selenium.chrome.ChromeDriver
Capabilities [{applicationCacheEnabled=false, rotatable=false, mobileEmulationEnabled=false, networkConnectionEnabled=false, chrome={chromedriverVersion=2.33.506120 (e3e53437346286c0bc2d2dc9aa4915ba81d9023f), userDataDir=C:\Users\SHEKHA~1.DES\AppData\Local\Temp\scoped_dir13564_23234}, takesHeapSnapshot=true, pageLoadStrategy=normal, databaseEnabled=false, handlesAlerts=true, hasTouchScreen=false, version=61.0.3163.100, platform=XP, browserConnectionEnabled=false, nativeEvents=true, acceptSslCerts=true, locationContextEnabled=true, webStorageEnabled=true, browserName=chrome, takesScreenshot=true, javascriptEnabled=true, cssSelectorsEnabled=true, setWindowRect=true, unexpectedAlertBehaviour=}]
Session ID: f13847b763bb8dfeb4053b8f66afe4e8">
      <![CDATA[org.openqa.selenium.ElementNotVisibleException: element not visible
  (Session info: chrome=61.0.3163.100)
  (Driver info: chromedriver=2.33.506120 (e3e53437346286c0bc2d2dc9aa4915ba81d9023f),platform=Windows NT 10.0.10586 x86_64) (WARNING: The server did not provide any stacktrace information)
Command duration or timeout: 52 milliseconds
Build info: version: '3.4.0', revision: 'unknown', time: 'unknown'
System info: host: 'DESKTOP-TMQM6DS', ip: '192.168.0.8', os.name: 'Windows 10', os.arch: 'amd64', os.version: '10.0', java.version: '1.8.0_144'
Driver info: org.openqa.selenium.chrome.ChromeDriver
Capabilities [{applicationCacheEnabled=false, rotatable=false, mobileEmulationEnabled=false, networkConnectionEnabled=false, chrome={chromedriverVersion=2.33.506120 (e3e53437346286c0bc2d2dc9aa4915ba81d9023f), userDataDir=C:\Users\SHEKHA~1.DES\AppData\Local\Temp\scoped_dir13564_23234}, takesHeapSnapshot=true, pageLoadStrategy=normal, databaseEnabled=false, handlesAlerts=true, hasTouchScreen=false, version=61.0.3163.100, platform=XP, browserConnectionEnabled=false, nativeEvents=true, acceptSslCerts=true, locationContextEnabled=true, webStorageEnabled=true, browserName=chrome, takesScreenshot=true, javascriptEnabled=true, cssSelectorsEnabled=true, setWindowRect=true, unexpectedAlertBehaviour=}]
Session ID: f13847b763bb8dfeb4053b8f66afe4e8
	at sun.reflect.NativeConstructorAccessorImpl.newInstance0(Native Method)
	at sun.reflect.NativeConstructorAccessorImpl.newInstance(Unknown Source)
	at sun.reflect.DelegatingConstructorAccessorImpl.newInstance(Unknown Source)
	at java.lang.reflect.Constructor.newInstance(Unknown Source)
	at org.openqa.selenium.remote.ErrorHandler.createThrowable(ErrorHandler.java:215)
	at org.openqa.selenium.remote.ErrorHandler.throwIfResponseFailed(ErrorHandler.java:167)
	at org.openqa.selenium.remote.RemoteWebDriver.execute(RemoteWebDriver.java:671)
	at org.openqa.selenium.remote.RemoteWebElement.execute(RemoteWebElement.java:272)
	at org.openqa.selenium.remote.RemoteWebElement.sendKeys(RemoteWebElement.java:96)
	at whitefeather.xedge.testcases.FillUpApplicationForm.provideMothersOccupation(FillUpApplicationForm.java:1035)
	at sun.reflect.NativeMethodAccessorImpl.invoke0(Native Method)
	at sun.reflect.NativeMethodAccessorImpl.invoke(Unknown Source)
	at sun.reflect.DelegatingMethodAccessorImpl.invoke(Unknown Source)
	at java.lang.reflect.Method.invoke(Unknown Source)
	at org.testng.internal.MethodInvocationHelper.invokeMethod(MethodInvocationHelper.java:104)
	at org.testng.internal.Invoker.invokeMethod(Invoker.java:645)
	at org.testng.internal.Invoker.invokeTestMethod(Invoker.java:851)
	at org.testng.internal.Invoker.invokeTestMethods(Invoker.java:1177)
	at org.testng.internal.TestMethodWorker.invokeTestMethods(TestMethodWorker.java:129)
	at org.testng.internal.TestMethodWorker.run(TestMethodWorker.java:112)
	at org.testng.TestRunner.privateRun(TestRunner.java:756)
	at org.testng.TestRunner.run(TestRunner.java:610)
	at org.testng.SuiteRunner.runTest(SuiteRunner.java:387)
	at org.testng.SuiteRunner.runSequentially(SuiteRunner.java:382)
	at org.testng.SuiteRunner.privateRun(SuiteRunner.java:340)
	at org.testng.SuiteRunner.run(SuiteRunner.java:289)
	at org.testng.SuiteRunnerWorker.runSuite(SuiteRunnerWorker.java:52)
	at org.testng.SuiteRunnerWorker.run(SuiteRunnerWorker.java:86)
	at org.testng.TestNG.runSuitesSequentially(TestNG.java:1293)
	at org.testng.TestNG.runSuitesLocally(TestNG.java:1218)
	at org.testng.TestNG.runSuites(TestNG.java:1133)
	at org.testng.TestNG.run(TestNG.java:1104)
	at org.testng.remote.AbstractRemoteTestNG.run(AbstractRemoteTestNG.java:114)
	at org.testng.remote.RemoteTestNG.initAndRun(RemoteTestNG.java:251)
	at org.testng.remote.RemoteTestNG.main(RemoteTestNG.java:77)
]]>
    </error>
  </testcase> <!-- provideMothersOccupation -->
  <testcase name="provideAadharNumber" time="0.287" classname="whitefeather.xedge.testcases.FillUpApplicationForm"/>
  <testcase name="provideMothersEmail" time="0.429" classname="whitefeather.xedge.testcases.FillUpApplicationForm"/>
  <testcase name="provideGender" time="0.298" classname="whitefeather.xedge.testcases.FillUpApplicationForm"/>
  <testcase name="clickNextButtonStep1" time="1.148" classname="whitefeather.xedge.testcases.FillUpApplicationForm"/>
  <testcase name="provideAttachment2" time="0.069" classname="whitefeather.xedge.testcases.FillUpApplicationForm"/>
  <testcase name="provideSSCBoard" time="0.299" classname="whitefeather.xedge.testcases.FillUpApplicationForm"/>
  <testcase name="provideGuardiansRelation" time="0.388" classname="whitefeather.xedge.testcases.FillUpApplicationForm"/>
  <testcase name="providePresentAddrCity" time="0.295" classname="whitefeather.xedge.testcases.FillUpApplicationForm"/>
  <testcase name="provideHSCSchoolName" time="0.531" classname="whitefeather.xedge.testcases.FillUpApplicationForm"/>
  <testcase name="providePlaceOfIssue" time="0.184" classname="whitefeather.xedge.testcases.FillUpApplicationForm"/>
  <testcase name="provideDegreeOrDiplomaName" time="0.772" classname="whitefeather.xedge.testcases.FillUpApplicationForm"/>
  <testcase name="provideSSCModeOfStudy" time="0.416" classname="whitefeather.xedge.testcases.FillUpApplicationForm"/>
  <testcase name="provideMothersQualification" time="0.094" classname="whitefeather.xedge.testcases.FillUpApplicationForm">
    <error type="org.openqa.selenium.ElementNotVisibleException" message="element not visible
  (Session info: chrome=61.0.3163.100)
  (Driver info: chromedriver=2.33.506120 (e3e53437346286c0bc2d2dc9aa4915ba81d9023f),platform=Windows NT 10.0.10586 x86_64) (WARNING: The server did not provide any stacktrace information)
Command duration or timeout: 57 milliseconds
Build info: version: &#039;3.4.0&#039;, revision: &#039;unknown&#039;, time: &#039;unknown&#039;
System info: host: &#039;DESKTOP-TMQM6DS&#039;, ip: &#039;192.168.0.8&#039;, os.name: &#039;Windows 10&#039;, os.arch: &#039;amd64&#039;, os.version: &#039;10.0&#039;, java.version: &#039;1.8.0_144&#039;
Driver info: org.openqa.selenium.chrome.ChromeDriver
Capabilities [{applicationCacheEnabled=false, rotatable=false, mobileEmulationEnabled=false, networkConnectionEnabled=false, chrome={chromedriverVersion=2.33.506120 (e3e53437346286c0bc2d2dc9aa4915ba81d9023f), userDataDir=C:\Users\SHEKHA~1.DES\AppData\Local\Temp\scoped_dir13564_23234}, takesHeapSnapshot=true, pageLoadStrategy=normal, databaseEnabled=false, handlesAlerts=true, hasTouchScreen=false, version=61.0.3163.100, platform=XP, browserConnectionEnabled=false, nativeEvents=true, acceptSslCerts=true, locationContextEnabled=true, webStorageEnabled=true, browserName=chrome, takesScreenshot=true, javascriptEnabled=true, cssSelectorsEnabled=true, setWindowRect=true, unexpectedAlertBehaviour=}]
Session ID: f13847b763bb8dfeb4053b8f66afe4e8">
      <![CDATA[org.openqa.selenium.ElementNotVisibleException: element not visible
  (Session info: chrome=61.0.3163.100)
  (Driver info: chromedriver=2.33.506120 (e3e53437346286c0bc2d2dc9aa4915ba81d9023f),platform=Windows NT 10.0.10586 x86_64) (WARNING: The server did not provide any stacktrace information)
Command duration or timeout: 57 milliseconds
Build info: version: '3.4.0', revision: 'unknown', time: 'unknown'
System info: host: 'DESKTOP-TMQM6DS', ip: '192.168.0.8', os.name: 'Windows 10', os.arch: 'amd64', os.version: '10.0', java.version: '1.8.0_144'
Driver info: org.openqa.selenium.chrome.ChromeDriver
Capabilities [{applicationCacheEnabled=false, rotatable=false, mobileEmulationEnabled=false, networkConnectionEnabled=false, chrome={chromedriverVersion=2.33.506120 (e3e53437346286c0bc2d2dc9aa4915ba81d9023f), userDataDir=C:\Users\SHEKHA~1.DES\AppData\Local\Temp\scoped_dir13564_23234}, takesHeapSnapshot=true, pageLoadStrategy=normal, databaseEnabled=false, handlesAlerts=true, hasTouchScreen=false, version=61.0.3163.100, platform=XP, browserConnectionEnabled=false, nativeEvents=true, acceptSslCerts=true, locationContextEnabled=true, webStorageEnabled=true, browserName=chrome, takesScreenshot=true, javascriptEnabled=true, cssSelectorsEnabled=true, setWindowRect=true, unexpectedAlertBehaviour=}]
Session ID: f13847b763bb8dfeb4053b8f66afe4e8
	at sun.reflect.NativeConstructorAccessorImpl.newInstance0(Native Method)
	at sun.reflect.NativeConstructorAccessorImpl.newInstance(Unknown Source)
	at sun.reflect.DelegatingConstructorAccessorImpl.newInstance(Unknown Source)
	at java.lang.reflect.Constructor.newInstance(Unknown Source)
	at org.openqa.selenium.remote.ErrorHandler.createThrowable(ErrorHandler.java:215)
	at org.openqa.selenium.remote.ErrorHandler.throwIfResponseFailed(ErrorHandler.java:167)
	at org.openqa.selenium.remote.RemoteWebDriver.execute(RemoteWebDriver.java:671)
	at org.openqa.selenium.remote.RemoteWebElement.execute(RemoteWebElement.java:272)
	at org.openqa.selenium.remote.RemoteWebElement.sendKeys(RemoteWebElement.java:96)
	at whitefeather.xedge.testcases.FillUpApplicationForm.provideMothersQualification(FillUpApplicationForm.java:1020)
	at sun.reflect.NativeMethodAccessorImpl.invoke0(Native Method)
	at sun.reflect.NativeMethodAccessorImpl.invoke(Unknown Source)
	at sun.reflect.DelegatingMethodAccessorImpl.invoke(Unknown Source)
	at java.lang.reflect.Method.invoke(Unknown Source)
	at org.testng.internal.MethodInvocationHelper.invokeMethod(MethodInvocationHelper.java:104)
	at org.testng.internal.Invoker.invokeMethod(Invoker.java:645)
	at org.testng.internal.Invoker.invokeTestMethod(Invoker.java:851)
	at org.testng.internal.Invoker.invokeTestMethods(Invoker.java:1177)
	at org.testng.internal.TestMethodWorker.invokeTestMethods(TestMethodWorker.java:129)
	at org.testng.internal.TestMethodWorker.run(TestMethodWorker.java:112)
	at org.testng.TestRunner.privateRun(TestRunner.java:756)
	at org.testng.TestRunner.run(TestRunner.java:610)
	at org.testng.SuiteRunner.runTest(SuiteRunner.java:387)
	at org.testng.SuiteRunner.runSequentially(SuiteRunner.java:382)
	at org.testng.SuiteRunner.privateRun(SuiteRunner.java:340)
	at org.testng.SuiteRunner.run(SuiteRunner.java:289)
	at org.testng.SuiteRunnerWorker.runSuite(SuiteRunnerWorker.java:52)
	at org.testng.SuiteRunnerWorker.run(SuiteRunnerWorker.java:86)
	at org.testng.TestNG.runSuitesSequentially(TestNG.java:1293)
	at org.testng.TestNG.runSuitesLocally(TestNG.java:1218)
	at org.testng.TestNG.runSuites(TestNG.java:1133)
	at org.testng.TestNG.run(TestNG.java:1104)
	at org.testng.remote.AbstractRemoteTestNG.run(AbstractRemoteTestNG.java:114)
	at org.testng.remote.RemoteTestNG.initAndRun(RemoteTestNG.java:251)
	at org.testng.remote.RemoteTestNG.main(RemoteTestNG.java:77)
]]>
    </error>
  </testcase> <!-- provideMothersQualification -->
  <testcase name="provideDomicile" time="0.325" classname="whitefeather.xedge.testcases.FillUpApplicationForm"/>
  <testcase name="provideHSCPercentageGradeType" time="1.434" classname="whitefeather.xedge.testcases.FillUpApplicationForm"/>
  <testcase name="provideDegDiplomaYearOfCompletion" time="0.295" classname="whitefeather.xedge.testcases.FillUpApplicationForm"/>
  <testcase name="provideGuardiansAddress1" time="0.256" classname="whitefeather.xedge.testcases.FillUpApplicationForm"/>
  <testcase name="clickNextButtonStep2" time="3.172" classname="whitefeather.xedge.testcases.FillUpApplicationForm"/>
  <testcase name="provideAttachment9" time="0.066" classname="whitefeather.xedge.testcases.FillUpApplicationForm"/>
  <testcase name="provideGuardiansAddress2" time="0.266" classname="whitefeather.xedge.testcases.FillUpApplicationForm"/>
  <testcase name="providePresentAddrContactNumber" time="0.297" classname="whitefeather.xedge.testcases.FillUpApplicationForm"/>
  <testcase name="openDetailedApplicationFormPage" time="3.906" classname="whitefeather.xedge.testcases.FillUpApplicationForm"/>
  <testcase name="provideGuardiansName" time="0.518" classname="whitefeather.xedge.testcases.FillUpApplicationForm"/>
  <testcase name="providePlaceOfBirth" time="0.387" classname="whitefeather.xedge.testcases.FillUpApplicationForm"/>
  <testcase name="provideDegreeOrDiplomaCollegeName" time="0.765" classname="whitefeather.xedge.testcases.FillUpApplicationForm"/>
  <testcase name="providePassportNumber" time="0.296" classname="whitefeather.xedge.testcases.FillUpApplicationForm"/>
  <testcase name="provideAttachment1" time="0.100" classname="whitefeather.xedge.testcases.FillUpApplicationForm"/>
  <testcase name="providePresentAddrState" time="0.339" classname="whitefeather.xedge.testcases.FillUpApplicationForm"/>
  <testcase name="provideGuardiansAddrPincode" time="0.248" classname="whitefeather.xedge.testcases.FillUpApplicationForm"/>
  <testcase name="provideGuardiansContactNumber" time="0.288" classname="whitefeather.xedge.testcases.FillUpApplicationForm"/>
  <testcase name="provideFathersEmail" time="0.092" classname="whitefeather.xedge.testcases.FillUpApplicationForm">
    <error type="org.openqa.selenium.ElementNotVisibleException" message="element not visible
  (Session info: chrome=61.0.3163.100)
  (Driver info: chromedriver=2.33.506120 (e3e53437346286c0bc2d2dc9aa4915ba81d9023f),platform=Windows NT 10.0.10586 x86_64) (WARNING: The server did not provide any stacktrace information)
Command duration or timeout: 59 milliseconds
Build info: version: &#039;3.4.0&#039;, revision: &#039;unknown&#039;, time: &#039;unknown&#039;
System info: host: &#039;DESKTOP-TMQM6DS&#039;, ip: &#039;192.168.0.8&#039;, os.name: &#039;Windows 10&#039;, os.arch: &#039;amd64&#039;, os.version: &#039;10.0&#039;, java.version: &#039;1.8.0_144&#039;
Driver info: org.openqa.selenium.chrome.ChromeDriver
Capabilities [{applicationCacheEnabled=false, rotatable=false, mobileEmulationEnabled=false, networkConnectionEnabled=false, chrome={chromedriverVersion=2.33.506120 (e3e53437346286c0bc2d2dc9aa4915ba81d9023f), userDataDir=C:\Users\SHEKHA~1.DES\AppData\Local\Temp\scoped_dir13564_23234}, takesHeapSnapshot=true, pageLoadStrategy=normal, databaseEnabled=false, handlesAlerts=true, hasTouchScreen=false, version=61.0.3163.100, platform=XP, browserConnectionEnabled=false, nativeEvents=true, acceptSslCerts=true, locationContextEnabled=true, webStorageEnabled=true, browserName=chrome, takesScreenshot=true, javascriptEnabled=true, cssSelectorsEnabled=true, setWindowRect=true, unexpectedAlertBehaviour=}]
Session ID: f13847b763bb8dfeb4053b8f66afe4e8">
      <![CDATA[org.openqa.selenium.ElementNotVisibleException: element not visible
  (Session info: chrome=61.0.3163.100)
  (Driver info: chromedriver=2.33.506120 (e3e53437346286c0bc2d2dc9aa4915ba81d9023f),platform=Windows NT 10.0.10586 x86_64) (WARNING: The server did not provide any stacktrace information)
Command duration or timeout: 59 milliseconds
Build info: version: '3.4.0', revision: 'unknown', time: 'unknown'
System info: host: 'DESKTOP-TMQM6DS', ip: '192.168.0.8', os.name: 'Windows 10', os.arch: 'amd64', os.version: '10.0', java.version: '1.8.0_144'
Driver info: org.openqa.selenium.chrome.ChromeDriver
Capabilities [{applicationCacheEnabled=false, rotatable=false, mobileEmulationEnabled=false, networkConnectionEnabled=false, chrome={chromedriverVersion=2.33.506120 (e3e53437346286c0bc2d2dc9aa4915ba81d9023f), userDataDir=C:\Users\SHEKHA~1.DES\AppData\Local\Temp\scoped_dir13564_23234}, takesHeapSnapshot=true, pageLoadStrategy=normal, databaseEnabled=false, handlesAlerts=true, hasTouchScreen=false, version=61.0.3163.100, platform=XP, browserConnectionEnabled=false, nativeEvents=true, acceptSslCerts=true, locationContextEnabled=true, webStorageEnabled=true, browserName=chrome, takesScreenshot=true, javascriptEnabled=true, cssSelectorsEnabled=true, setWindowRect=true, unexpectedAlertBehaviour=}]
Session ID: f13847b763bb8dfeb4053b8f66afe4e8
	at sun.reflect.NativeConstructorAccessorImpl.newInstance0(Native Method)
	at sun.reflect.NativeConstructorAccessorImpl.newInstance(Unknown Source)
	at sun.reflect.DelegatingConstructorAccessorImpl.newInstance(Unknown Source)
	at java.lang.reflect.Constructor.newInstance(Unknown Source)
	at org.openqa.selenium.remote.ErrorHandler.createThrowable(ErrorHandler.java:215)
	at org.openqa.selenium.remote.ErrorHandler.throwIfResponseFailed(ErrorHandler.java:167)
	at org.openqa.selenium.remote.RemoteWebDriver.execute(RemoteWebDriver.java:671)
	at org.openqa.selenium.remote.RemoteWebElement.execute(RemoteWebElement.java:272)
	at org.openqa.selenium.remote.RemoteWebElement.sendKeys(RemoteWebElement.java:96)
	at whitefeather.xedge.testcases.FillUpApplicationForm.provideFathersEmail(FillUpApplicationForm.java:976)
	at sun.reflect.NativeMethodAccessorImpl.invoke0(Native Method)
	at sun.reflect.NativeMethodAccessorImpl.invoke(Unknown Source)
	at sun.reflect.DelegatingMethodAccessorImpl.invoke(Unknown Source)
	at java.lang.reflect.Method.invoke(Unknown Source)
	at org.testng.internal.MethodInvocationHelper.invokeMethod(MethodInvocationHelper.java:104)
	at org.testng.internal.Invoker.invokeMethod(Invoker.java:645)
	at org.testng.internal.Invoker.invokeTestMethod(Invoker.java:851)
	at org.testng.internal.Invoker.invokeTestMethods(Invoker.java:1177)
	at org.testng.internal.TestMethodWorker.invokeTestMethods(TestMethodWorker.java:129)
	at org.testng.internal.TestMethodWorker.run(TestMethodWorker.java:112)
	at org.testng.TestRunner.privateRun(TestRunner.java:756)
	at org.testng.TestRunner.run(TestRunner.java:610)
	at org.testng.SuiteRunner.runTest(SuiteRunner.java:387)
	at org.testng.SuiteRunner.runSequentially(SuiteRunner.java:382)
	at org.testng.SuiteRunner.privateRun(SuiteRunner.java:340)
	at org.testng.SuiteRunner.run(SuiteRunner.java:289)
	at org.testng.SuiteRunnerWorker.runSuite(SuiteRunnerWorker.java:52)
	at org.testng.SuiteRunnerWorker.run(SuiteRunnerWorker.java:86)
	at org.testng.TestNG.runSuitesSequentially(TestNG.java:1293)
	at org.testng.TestNG.runSuitesLocally(TestNG.java:1218)
	at org.testng.TestNG.runSuites(TestNG.java:1133)
	at org.testng.TestNG.run(TestNG.java:1104)
	at org.testng.remote.AbstractRemoteTestNG.run(AbstractRemoteTestNG.java:114)
	at org.testng.remote.RemoteTestNG.initAndRun(RemoteTestNG.java:251)
	at org.testng.remote.RemoteTestNG.main(RemoteTestNG.java:77)
]]>
    </error>
  </testcase> <!-- provideFathersEmail -->
  <testcase name="provideHSCRegNumber" time="0.085" classname="whitefeather.xedge.testcases.FillUpApplicationForm">
    <error type="org.openqa.selenium.WebDriverException" message="unknown error: Element &lt;input type=&quot;radio&quot; name=&quot;resultStatus&quot; onchange=&quot;chkMe(this)&quot; value=&quot;yes&quot; id=&quot;yesRes&quot;&gt; is not clickable at point (153, 63). Other element would receive the click: &lt;img src=&quot;https://extraaedgeresources.blob.core.windows.net/staticfiles/padmashree/loginlogo.png&quot; id=&quot;logoImg&quot; class=&quot;img-responsive&quot;&gt;
  (Session info: chrome=61.0.3163.100)
  (Driver info: chromedriver=2.33.506120 (e3e53437346286c0bc2d2dc9aa4915ba81d9023f),platform=Windows NT 10.0.10586 x86_64) (WARNING: The server did not provide any stacktrace information)
Command duration or timeout: 43 milliseconds
Build info: version: &#039;3.4.0&#039;, revision: &#039;unknown&#039;, time: &#039;unknown&#039;
System info: host: &#039;DESKTOP-TMQM6DS&#039;, ip: &#039;192.168.0.8&#039;, os.name: &#039;Windows 10&#039;, os.arch: &#039;amd64&#039;, os.version: &#039;10.0&#039;, java.version: &#039;1.8.0_144&#039;
Driver info: org.openqa.selenium.chrome.ChromeDriver
Capabilities [{applicationCacheEnabled=false, rotatable=false, mobileEmulationEnabled=false, networkConnectionEnabled=false, chrome={chromedriverVersion=2.33.506120 (e3e53437346286c0bc2d2dc9aa4915ba81d9023f), userDataDir=C:\Users\SHEKHA~1.DES\AppData\Local\Temp\scoped_dir13564_23234}, takesHeapSnapshot=true, pageLoadStrategy=normal, databaseEnabled=false, handlesAlerts=true, hasTouchScreen=false, version=61.0.3163.100, platform=XP, browserConnectionEnabled=false, nativeEvents=true, acceptSslCerts=true, locationContextEnabled=true, webStorageEnabled=true, browserName=chrome, takesScreenshot=true, javascriptEnabled=true, cssSelectorsEnabled=true, setWindowRect=true, unexpectedAlertBehaviour=}]
Session ID: f13847b763bb8dfeb4053b8f66afe4e8">
      <![CDATA[org.openqa.selenium.WebDriverException: unknown error: Element <input type="radio" name="resultStatus" onchange="chkMe(this)" value="yes" id="yesRes"> is not clickable at point (153, 63). Other element would receive the click: <img src="https://extraaedgeresources.blob.core.windows.net/staticfiles/padmashree/loginlogo.png" id="logoImg" class="img-responsive">
  (Session info: chrome=61.0.3163.100)
  (Driver info: chromedriver=2.33.506120 (e3e53437346286c0bc2d2dc9aa4915ba81d9023f),platform=Windows NT 10.0.10586 x86_64) (WARNING: The server did not provide any stacktrace information)
Command duration or timeout: 43 milliseconds
Build info: version: '3.4.0', revision: 'unknown', time: 'unknown'
System info: host: 'DESKTOP-TMQM6DS', ip: '192.168.0.8', os.name: 'Windows 10', os.arch: 'amd64', os.version: '10.0', java.version: '1.8.0_144'
Driver info: org.openqa.selenium.chrome.ChromeDriver
Capabilities [{applicationCacheEnabled=false, rotatable=false, mobileEmulationEnabled=false, networkConnectionEnabled=false, chrome={chromedriverVersion=2.33.506120 (e3e53437346286c0bc2d2dc9aa4915ba81d9023f), userDataDir=C:\Users\SHEKHA~1.DES\AppData\Local\Temp\scoped_dir13564_23234}, takesHeapSnapshot=true, pageLoadStrategy=normal, databaseEnabled=false, handlesAlerts=true, hasTouchScreen=false, version=61.0.3163.100, platform=XP, browserConnectionEnabled=false, nativeEvents=true, acceptSslCerts=true, locationContextEnabled=true, webStorageEnabled=true, browserName=chrome, takesScreenshot=true, javascriptEnabled=true, cssSelectorsEnabled=true, setWindowRect=true, unexpectedAlertBehaviour=}]
Session ID: f13847b763bb8dfeb4053b8f66afe4e8
	at sun.reflect.NativeConstructorAccessorImpl.newInstance0(Native Method)
	at sun.reflect.NativeConstructorAccessorImpl.newInstance(Unknown Source)
	at sun.reflect.DelegatingConstructorAccessorImpl.newInstance(Unknown Source)
	at java.lang.reflect.Constructor.newInstance(Unknown Source)
	at org.openqa.selenium.remote.ErrorHandler.createThrowable(ErrorHandler.java:215)
	at org.openqa.selenium.remote.ErrorHandler.throwIfResponseFailed(ErrorHandler.java:167)
	at org.openqa.selenium.remote.RemoteWebDriver.execute(RemoteWebDriver.java:671)
	at org.openqa.selenium.remote.RemoteWebElement.execute(RemoteWebElement.java:272)
	at org.openqa.selenium.remote.RemoteWebElement.click(RemoteWebElement.java:82)
	at whitefeather.xedge.core.Page_DetailedApplicationForm.displayHSCDetailsSection(Page_DetailedApplicationForm.java:885)
	at whitefeather.xedge.testcases.FillUpApplicationForm.provideHSCRegNumber(FillUpApplicationForm.java:1743)
	at sun.reflect.NativeMethodAccessorImpl.invoke0(Native Method)
	at sun.reflect.NativeMethodAccessorImpl.invoke(Unknown Source)
	at sun.reflect.DelegatingMethodAccessorImpl.invoke(Unknown Source)
	at java.lang.reflect.Method.invoke(Unknown Source)
	at org.testng.internal.MethodInvocationHelper.invokeMethod(MethodInvocationHelper.java:104)
	at org.testng.internal.Invoker.invokeMethod(Invoker.java:645)
	at org.testng.internal.Invoker.invokeTestMethod(Invoker.java:851)
	at org.testng.internal.Invoker.invokeTestMethods(Invoker.java:1177)
	at org.testng.internal.TestMethodWorker.invokeTestMethods(TestMethodWorker.java:129)
	at org.testng.internal.TestMethodWorker.run(TestMethodWorker.java:112)
	at org.testng.TestRunner.privateRun(TestRunner.java:756)
	at org.testng.TestRunner.run(TestRunner.java:610)
	at org.testng.SuiteRunner.runTest(SuiteRunner.java:387)
	at org.testng.SuiteRunner.runSequentially(SuiteRunner.java:382)
	at org.testng.SuiteRunner.privateRun(SuiteRunner.java:340)
	at org.testng.SuiteRunner.run(SuiteRunner.java:289)
	at org.testng.SuiteRunnerWorker.runSuite(SuiteRunnerWorker.java:52)
	at org.testng.SuiteRunnerWorker.run(SuiteRunnerWorker.java:86)
	at org.testng.TestNG.runSuitesSequentially(TestNG.java:1293)
	at org.testng.TestNG.runSuitesLocally(TestNG.java:1218)
	at org.testng.TestNG.runSuites(TestNG.java:1133)
	at org.testng.TestNG.run(TestNG.java:1104)
	at org.testng.remote.AbstractRemoteTestNG.run(AbstractRemoteTestNG.java:114)
	at org.testng.remote.RemoteTestNG.initAndRun(RemoteTestNG.java:251)
	at org.testng.remote.RemoteTestNG.main(RemoteTestNG.java:77)
]]>
    </error>
  </testcase> <!-- provideHSCRegNumber -->
  <testcase name="provideAttachment6" time="0.093" classname="whitefeather.xedge.testcases.FillUpApplicationForm"/>
  <testcase name="provideDateOfBirth" time="3.943" classname="whitefeather.xedge.testcases.FillUpApplicationForm"/>
  <testcase name="provideAttachment8" time="0.071" classname="whitefeather.xedge.testcases.FillUpApplicationForm"/>
  <testcase name="provideExpiryDate" time="4.770" classname="whitefeather.xedge.testcases.FillUpApplicationForm"/>
  <testcase name="provideNationality" time="0.202" classname="whitefeather.xedge.testcases.FillUpApplicationForm"/>
  <testcase name="provideSSCYearOfPassing" time="0.351" classname="whitefeather.xedge.testcases.FillUpApplicationForm"/>
  <testcase name="provideAttachment10" time="0.070" classname="whitefeather.xedge.testcases.FillUpApplicationForm"/>
  <testcase name="provideSSCSchoolName" time="0.562" classname="whitefeather.xedge.testcases.FillUpApplicationForm"/>
  <testcase name="provideCitizenship" time="0.284" classname="whitefeather.xedge.testcases.FillUpApplicationForm"/>
  <testcase name="provideCourse" time="3.394" classname="whitefeather.xedge.testcases.FillUpApplicationForm"/>
  <testcase name="provideDegDiplomaExamType" time="0.353" classname="whitefeather.xedge.testcases.FillUpApplicationForm"/>
  <testcase name="provideFathersOccupation" time="0.111" classname="whitefeather.xedge.testcases.FillUpApplicationForm">
    <error type="org.openqa.selenium.ElementNotVisibleException" message="element not visible
  (Session info: chrome=61.0.3163.100)
  (Driver info: chromedriver=2.33.506120 (e3e53437346286c0bc2d2dc9aa4915ba81d9023f),platform=Windows NT 10.0.10586 x86_64) (WARNING: The server did not provide any stacktrace information)
Command duration or timeout: 57 milliseconds
Build info: version: &#039;3.4.0&#039;, revision: &#039;unknown&#039;, time: &#039;unknown&#039;
System info: host: &#039;DESKTOP-TMQM6DS&#039;, ip: &#039;192.168.0.8&#039;, os.name: &#039;Windows 10&#039;, os.arch: &#039;amd64&#039;, os.version: &#039;10.0&#039;, java.version: &#039;1.8.0_144&#039;
Driver info: org.openqa.selenium.chrome.ChromeDriver
Capabilities [{applicationCacheEnabled=false, rotatable=false, mobileEmulationEnabled=false, networkConnectionEnabled=false, chrome={chromedriverVersion=2.33.506120 (e3e53437346286c0bc2d2dc9aa4915ba81d9023f), userDataDir=C:\Users\SHEKHA~1.DES\AppData\Local\Temp\scoped_dir13564_23234}, takesHeapSnapshot=true, pageLoadStrategy=normal, databaseEnabled=false, handlesAlerts=true, hasTouchScreen=false, version=61.0.3163.100, platform=XP, browserConnectionEnabled=false, nativeEvents=true, acceptSslCerts=true, locationContextEnabled=true, webStorageEnabled=true, browserName=chrome, takesScreenshot=true, javascriptEnabled=true, cssSelectorsEnabled=true, setWindowRect=true, unexpectedAlertBehaviour=}]
Session ID: f13847b763bb8dfeb4053b8f66afe4e8">
      <![CDATA[org.openqa.selenium.ElementNotVisibleException: element not visible
  (Session info: chrome=61.0.3163.100)
  (Driver info: chromedriver=2.33.506120 (e3e53437346286c0bc2d2dc9aa4915ba81d9023f),platform=Windows NT 10.0.10586 x86_64) (WARNING: The server did not provide any stacktrace information)
Command duration or timeout: 57 milliseconds
Build info: version: '3.4.0', revision: 'unknown', time: 'unknown'
System info: host: 'DESKTOP-TMQM6DS', ip: '192.168.0.8', os.name: 'Windows 10', os.arch: 'amd64', os.version: '10.0', java.version: '1.8.0_144'
Driver info: org.openqa.selenium.chrome.ChromeDriver
Capabilities [{applicationCacheEnabled=false, rotatable=false, mobileEmulationEnabled=false, networkConnectionEnabled=false, chrome={chromedriverVersion=2.33.506120 (e3e53437346286c0bc2d2dc9aa4915ba81d9023f), userDataDir=C:\Users\SHEKHA~1.DES\AppData\Local\Temp\scoped_dir13564_23234}, takesHeapSnapshot=true, pageLoadStrategy=normal, databaseEnabled=false, handlesAlerts=true, hasTouchScreen=false, version=61.0.3163.100, platform=XP, browserConnectionEnabled=false, nativeEvents=true, acceptSslCerts=true, locationContextEnabled=true, webStorageEnabled=true, browserName=chrome, takesScreenshot=true, javascriptEnabled=true, cssSelectorsEnabled=true, setWindowRect=true, unexpectedAlertBehaviour=}]
Session ID: f13847b763bb8dfeb4053b8f66afe4e8
	at sun.reflect.NativeConstructorAccessorImpl.newInstance0(Native Method)
	at sun.reflect.NativeConstructorAccessorImpl.newInstance(Unknown Source)
	at sun.reflect.DelegatingConstructorAccessorImpl.newInstance(Unknown Source)
	at java.lang.reflect.Constructor.newInstance(Unknown Source)
	at org.openqa.selenium.remote.ErrorHandler.createThrowable(ErrorHandler.java:215)
	at org.openqa.selenium.remote.ErrorHandler.throwIfResponseFailed(ErrorHandler.java:167)
	at org.openqa.selenium.remote.RemoteWebDriver.execute(RemoteWebDriver.java:671)
	at org.openqa.selenium.remote.RemoteWebElement.execute(RemoteWebElement.java:272)
	at org.openqa.selenium.remote.RemoteWebElement.sendKeys(RemoteWebElement.java:96)
	at whitefeather.xedge.testcases.FillUpApplicationForm.provideFathersOccupation(FillUpApplicationForm.java:947)
	at sun.reflect.NativeMethodAccessorImpl.invoke0(Native Method)
	at sun.reflect.NativeMethodAccessorImpl.invoke(Unknown Source)
	at sun.reflect.DelegatingMethodAccessorImpl.invoke(Unknown Source)
	at java.lang.reflect.Method.invoke(Unknown Source)
	at org.testng.internal.MethodInvocationHelper.invokeMethod(MethodInvocationHelper.java:104)
	at org.testng.internal.Invoker.invokeMethod(Invoker.java:645)
	at org.testng.internal.Invoker.invokeTestMethod(Invoker.java:851)
	at org.testng.internal.Invoker.invokeTestMethods(Invoker.java:1177)
	at org.testng.internal.TestMethodWorker.invokeTestMethods(TestMethodWorker.java:129)
	at org.testng.internal.TestMethodWorker.run(TestMethodWorker.java:112)
	at org.testng.TestRunner.privateRun(TestRunner.java:756)
	at org.testng.TestRunner.run(TestRunner.java:610)
	at org.testng.SuiteRunner.runTest(SuiteRunner.java:387)
	at org.testng.SuiteRunner.runSequentially(SuiteRunner.java:382)
	at org.testng.SuiteRunner.privateRun(SuiteRunner.java:340)
	at org.testng.SuiteRunner.run(SuiteRunner.java:289)
	at org.testng.SuiteRunnerWorker.runSuite(SuiteRunnerWorker.java:52)
	at org.testng.SuiteRunnerWorker.run(SuiteRunnerWorker.java:86)
	at org.testng.TestNG.runSuitesSequentially(TestNG.java:1293)
	at org.testng.TestNG.runSuitesLocally(TestNG.java:1218)
	at org.testng.TestNG.runSuites(TestNG.java:1133)
	at org.testng.TestNG.run(TestNG.java:1104)
	at org.testng.remote.AbstractRemoteTestNG.run(AbstractRemoteTestNG.java:114)
	at org.testng.remote.RemoteTestNG.initAndRun(RemoteTestNG.java:251)
	at org.testng.remote.RemoteTestNG.main(RemoteTestNG.java:77)
]]>
    </error>
  </testcase> <!-- provideFathersOccupation -->
  <testcase name="provideHSCYearOfPassing" time="1.432" classname="whitefeather.xedge.testcases.FillUpApplicationForm"/>
  <testcase name="provideCommunity" time="0.296" classname="whitefeather.xedge.testcases.FillUpApplicationForm"/>
  <testcase name="provideSSCRegNumber" time="0.271" classname="whitefeather.xedge.testcases.FillUpApplicationForm"/>
  <testcase name="provideHSCSubjectScoreDetails" time="5.727" classname="whitefeather.xedge.testcases.FillUpApplicationForm"/>
  <testcase name="provideAttachment7" time="0.070" classname="whitefeather.xedge.testcases.FillUpApplicationForm"/>
  <testcase name="provideGraduationYearwiseMarksDetails" time="11.579" classname="whitefeather.xedge.testcases.FillUpApplicationForm"/>
  <testcase name="provideAttachment5" time="0.070" classname="whitefeather.xedge.testcases.FillUpApplicationForm"/>
  <testcase name="provideCaste" time="0.337" classname="whitefeather.xedge.testcases.FillUpApplicationForm"/>
  <testcase name="provideBloodGroup" time="0.141" classname="whitefeather.xedge.testcases.FillUpApplicationForm"/>
  <testcase name="provideSSCPercentageValue" time="0.163" classname="whitefeather.xedge.testcases.FillUpApplicationForm"/>
  <testcase name="provideFathersName" time="1.132" classname="whitefeather.xedge.testcases.FillUpApplicationForm">
    <error type="org.openqa.selenium.ElementNotVisibleException" message="element not visible
  (Session info: chrome=61.0.3163.100)
  (Driver info: chromedriver=2.33.506120 (e3e53437346286c0bc2d2dc9aa4915ba81d9023f),platform=Windows NT 10.0.10586 x86_64) (WARNING: The server did not provide any stacktrace information)
Command duration or timeout: 65 milliseconds
Build info: version: &#039;3.4.0&#039;, revision: &#039;unknown&#039;, time: &#039;unknown&#039;
System info: host: &#039;DESKTOP-TMQM6DS&#039;, ip: &#039;192.168.0.8&#039;, os.name: &#039;Windows 10&#039;, os.arch: &#039;amd64&#039;, os.version: &#039;10.0&#039;, java.version: &#039;1.8.0_144&#039;
Driver info: org.openqa.selenium.chrome.ChromeDriver
Capabilities [{applicationCacheEnabled=false, rotatable=false, mobileEmulationEnabled=false, networkConnectionEnabled=false, chrome={chromedriverVersion=2.33.506120 (e3e53437346286c0bc2d2dc9aa4915ba81d9023f), userDataDir=C:\Users\SHEKHA~1.DES\AppData\Local\Temp\scoped_dir13564_23234}, takesHeapSnapshot=true, pageLoadStrategy=normal, databaseEnabled=false, handlesAlerts=true, hasTouchScreen=false, version=61.0.3163.100, platform=XP, browserConnectionEnabled=false, nativeEvents=true, acceptSslCerts=true, locationContextEnabled=true, webStorageEnabled=true, browserName=chrome, takesScreenshot=true, javascriptEnabled=true, cssSelectorsEnabled=true, setWindowRect=true, unexpectedAlertBehaviour=}]
Session ID: f13847b763bb8dfeb4053b8f66afe4e8">
      <![CDATA[org.openqa.selenium.ElementNotVisibleException: element not visible
  (Session info: chrome=61.0.3163.100)
  (Driver info: chromedriver=2.33.506120 (e3e53437346286c0bc2d2dc9aa4915ba81d9023f),platform=Windows NT 10.0.10586 x86_64) (WARNING: The server did not provide any stacktrace information)
Command duration or timeout: 65 milliseconds
Build info: version: '3.4.0', revision: 'unknown', time: 'unknown'
System info: host: 'DESKTOP-TMQM6DS', ip: '192.168.0.8', os.name: 'Windows 10', os.arch: 'amd64', os.version: '10.0', java.version: '1.8.0_144'
Driver info: org.openqa.selenium.chrome.ChromeDriver
Capabilities [{applicationCacheEnabled=false, rotatable=false, mobileEmulationEnabled=false, networkConnectionEnabled=false, chrome={chromedriverVersion=2.33.506120 (e3e53437346286c0bc2d2dc9aa4915ba81d9023f), userDataDir=C:\Users\SHEKHA~1.DES\AppData\Local\Temp\scoped_dir13564_23234}, takesHeapSnapshot=true, pageLoadStrategy=normal, databaseEnabled=false, handlesAlerts=true, hasTouchScreen=false, version=61.0.3163.100, platform=XP, browserConnectionEnabled=false, nativeEvents=true, acceptSslCerts=true, locationContextEnabled=true, webStorageEnabled=true, browserName=chrome, takesScreenshot=true, javascriptEnabled=true, cssSelectorsEnabled=true, setWindowRect=true, unexpectedAlertBehaviour=}]
Session ID: f13847b763bb8dfeb4053b8f66afe4e8
	at sun.reflect.NativeConstructorAccessorImpl.newInstance0(Native Method)
	at sun.reflect.NativeConstructorAccessorImpl.newInstance(Unknown Source)
	at sun.reflect.DelegatingConstructorAccessorImpl.newInstance(Unknown Source)
	at java.lang.reflect.Constructor.newInstance(Unknown Source)
	at org.openqa.selenium.remote.ErrorHandler.createThrowable(ErrorHandler.java:215)
	at org.openqa.selenium.remote.ErrorHandler.throwIfResponseFailed(ErrorHandler.java:167)
	at org.openqa.selenium.remote.RemoteWebDriver.execute(RemoteWebDriver.java:671)
	at org.openqa.selenium.remote.RemoteWebElement.execute(RemoteWebElement.java:272)
	at org.openqa.selenium.remote.RemoteWebElement.sendKeys(RemoteWebElement.java:96)
	at whitefeather.xedge.testcases.FillUpApplicationForm.provideFathersName(FillUpApplicationForm.java:917)
	at sun.reflect.NativeMethodAccessorImpl.invoke0(Native Method)
	at sun.reflect.NativeMethodAccessorImpl.invoke(Unknown Source)
	at sun.reflect.DelegatingMethodAccessorImpl.invoke(Unknown Source)
	at java.lang.reflect.Method.invoke(Unknown Source)
	at org.testng.internal.MethodInvocationHelper.invokeMethod(MethodInvocationHelper.java:104)
	at org.testng.internal.Invoker.invokeMethod(Invoker.java:645)
	at org.testng.internal.Invoker.invokeTestMethod(Invoker.java:851)
	at org.testng.internal.Invoker.invokeTestMethods(Invoker.java:1177)
	at org.testng.internal.TestMethodWorker.invokeTestMethods(TestMethodWorker.java:129)
	at org.testng.internal.TestMethodWorker.run(TestMethodWorker.java:112)
	at org.testng.TestRunner.privateRun(TestRunner.java:756)
	at org.testng.TestRunner.run(TestRunner.java:610)
	at org.testng.SuiteRunner.runTest(SuiteRunner.java:387)
	at org.testng.SuiteRunner.runSequentially(SuiteRunner.java:382)
	at org.testng.SuiteRunner.privateRun(SuiteRunner.java:340)
	at org.testng.SuiteRunner.run(SuiteRunner.java:289)
	at org.testng.SuiteRunnerWorker.runSuite(SuiteRunnerWorker.java:52)
	at org.testng.SuiteRunnerWorker.run(SuiteRunnerWorker.java:86)
	at org.testng.TestNG.runSuitesSequentially(TestNG.java:1293)
	at org.testng.TestNG.runSuitesLocally(TestNG.java:1218)
	at org.testng.TestNG.runSuites(TestNG.java:1133)
	at org.testng.TestNG.run(TestNG.java:1104)
	at org.testng.remote.AbstractRemoteTestNG.run(AbstractRemoteTestNG.java:114)
	at org.testng.remote.RemoteTestNG.initAndRun(RemoteTestNG.java:251)
	at org.testng.remote.RemoteTestNG.main(RemoteTestNG.java:77)
]]>
    </error>
  </testcase> <!-- provideFathersName -->
  <testcase name="provideAttachment3" time="0.072" classname="whitefeather.xedge.testcases.FillUpApplicationForm"/>
  <testcase name="provideDegreeOrDiplomaAreaOfSpecialization" time="0.779" classname="whitefeather.xedge.testcases.FillUpApplicationForm"/>
  <testcase name="provideAttachment4" time="0.067" classname="whitefeather.xedge.testcases.FillUpApplicationForm"/>
  <testcase name="provideMothersMobile" time="0.267" classname="whitefeather.xedge.testcases.FillUpApplicationForm"/>
  <testcase name="providePresentAddrCountry" time="0.374" classname="whitefeather.xedge.testcases.FillUpApplicationForm"/>
  <testcase name="clickSameAddressCheckbox" time="1.211" classname="whitefeather.xedge.testcases.FillUpApplicationForm"/>
  <testcase name="provideEntranceExamDetails" time="4.971" classname="whitefeather.xedge.testcases.FillUpApplicationForm"/>
  <testcase name="validateHSCYoPStep3" classname="whitefeather.xedge.testcases.FillUpApplicationForm">
    <skipped/>
  </testcase> <!-- validateHSCYoPStep3 -->
  <testcase name="validateMothersOccupationStep2" classname="whitefeather.xedge.testcases.FillUpApplicationForm">
    <skipped/>
  </testcase> <!-- validateMothersOccupationStep2 -->
  <testcase name="validateLocalGuardianAddr3Step2" classname="whitefeather.xedge.testcases.FillUpApplicationForm">
    <skipped/>
  </testcase> <!-- validateLocalGuardianAddr3Step2 -->
  <testcase name="validatePresentAddressCityInStep1" classname="whitefeather.xedge.testcases.FillUpApplicationForm">
    <skipped/>
  </testcase> <!-- validatePresentAddressCityInStep1 -->
  <testcase name="validatePresentAddressStateInStep1" classname="whitefeather.xedge.testcases.FillUpApplicationForm">
    <skipped/>
  </testcase> <!-- validatePresentAddressStateInStep1 -->
  <testcase name="validateNationalityInStep1" classname="whitefeather.xedge.testcases.FillUpApplicationForm">
    <skipped/>
  </testcase> <!-- validateNationalityInStep1 -->
  <testcase name="validateFathersOccupationStep2" classname="whitefeather.xedge.testcases.FillUpApplicationForm">
    <skipped/>
  </testcase> <!-- validateFathersOccupationStep2 -->
  <testcase name="validateGuardianContactNumberStep2" classname="whitefeather.xedge.testcases.FillUpApplicationForm">
    <skipped/>
  </testcase> <!-- validateGuardianContactNumberStep2 -->
  <testcase name="validateCommunityInStep1" classname="whitefeather.xedge.testcases.FillUpApplicationForm">
    <skipped/>
  </testcase> <!-- validateCommunityInStep1 -->
  <testcase name="validateCitizenShipInStep1" classname="whitefeather.xedge.testcases.FillUpApplicationForm">
    <skipped/>
  </testcase> <!-- validateCitizenShipInStep1 -->
  <testcase name="validateFathersAnnualIncomeStep2" classname="whitefeather.xedge.testcases.FillUpApplicationForm">
    <skipped/>
  </testcase> <!-- validateFathersAnnualIncomeStep2 -->
  <testcase name="validateHSCPercentageStep3" classname="whitefeather.xedge.testcases.FillUpApplicationForm">
    <skipped/>
  </testcase> <!-- validateHSCPercentageStep3 -->
  <testcase name="validatePlaceOfBirthStep1" classname="whitefeather.xedge.testcases.FillUpApplicationForm">
    <skipped/>
  </testcase> <!-- validatePlaceOfBirthStep1 -->
  <testcase name="clickSubmitButtonStep4" classname="whitefeather.xedge.testcases.FillUpApplicationForm">
    <skipped/>
  </testcase> <!-- clickSubmitButtonStep4 -->
  <testcase name="validatePresentAddressCountryInStep1" classname="whitefeather.xedge.testcases.FillUpApplicationForm">
    <skipped/>
  </testcase> <!-- validatePresentAddressCountryInStep1 -->
  <testcase name="validateReligionInStep1" classname="whitefeather.xedge.testcases.FillUpApplicationForm">
    <skipped/>
  </testcase> <!-- validateReligionInStep1 -->
  <testcase name="validateMothersNameStep2" classname="whitefeather.xedge.testcases.FillUpApplicationForm">
    <skipped/>
  </testcase> <!-- validateMothersNameStep2 -->
  <testcase name="validateHSCRegNumberStep3" classname="whitefeather.xedge.testcases.FillUpApplicationForm">
    <skipped/>
  </testcase> <!-- validateHSCRegNumberStep3 -->
  <testcase name="validateHSCModeOfStudyStep3" classname="whitefeather.xedge.testcases.FillUpApplicationForm">
    <skipped/>
  </testcase> <!-- validateHSCModeOfStudyStep3 -->
  <testcase name="validateLocalGuardianNameStep2" classname="whitefeather.xedge.testcases.FillUpApplicationForm">
    <skipped/>
  </testcase> <!-- validateLocalGuardianNameStep2 -->
  <testcase name="validateLocalGuardianAddr1Step2" classname="whitefeather.xedge.testcases.FillUpApplicationForm">
    <skipped/>
  </testcase> <!-- validateLocalGuardianAddr1Step2 -->
  <testcase name="validateGenderValueInStep1" classname="whitefeather.xedge.testcases.FillUpApplicationForm">
    <skipped/>
  </testcase> <!-- validateGenderValueInStep1 -->
  <testcase name="validateSSCSchoolNameStep3" classname="whitefeather.xedge.testcases.FillUpApplicationForm">
    <skipped/>
  </testcase> <!-- validateSSCSchoolNameStep3 -->
  <testcase name="validateCasteInStep1" classname="whitefeather.xedge.testcases.FillUpApplicationForm">
    <skipped/>
  </testcase> <!-- validateCasteInStep1 -->
  <testcase name="validateHSCBoardStep3" classname="whitefeather.xedge.testcases.FillUpApplicationForm">
    <skipped/>
  </testcase> <!-- validateHSCBoardStep3 -->
  <testcase name="validateCourseStep3" classname="whitefeather.xedge.testcases.FillUpApplicationForm">
    <skipped/>
  </testcase> <!-- validateCourseStep3 -->
  <testcase name="validateFathersEmailStep2" classname="whitefeather.xedge.testcases.FillUpApplicationForm">
    <skipped/>
  </testcase> <!-- validateFathersEmailStep2 -->
  <testcase name="validatePresentAddressInStep1" classname="whitefeather.xedge.testcases.FillUpApplicationForm">
    <skipped/>
  </testcase> <!-- validatePresentAddressInStep1 -->
  <testcase name="providePaymentType" classname="whitefeather.xedge.testcases.FillUpApplicationForm">
    <skipped/>
  </testcase> <!-- providePaymentType -->
  <testcase name="validatePlaceOfIssueInStep1" classname="whitefeather.xedge.testcases.FillUpApplicationForm">
    <skipped/>
  </testcase> <!-- validatePlaceOfIssueInStep1 -->
  <testcase name="validateFathersMobileStep2" classname="whitefeather.xedge.testcases.FillUpApplicationForm">
    <skipped/>
  </testcase> <!-- validateFathersMobileStep2 -->
  <testcase name="validateBloodGroupInStep1" classname="whitefeather.xedge.testcases.FillUpApplicationForm">
    <skipped/>
  </testcase> <!-- validateBloodGroupInStep1 -->
  <testcase name="validateDoBStep1" classname="whitefeather.xedge.testcases.FillUpApplicationForm">
    <skipped/>
  </testcase> <!-- validateDoBStep1 -->
  <testcase name="providePaymentAmount" classname="whitefeather.xedge.testcases.FillUpApplicationForm">
    <skipped/>
  </testcase> <!-- providePaymentAmount -->
  <testcase name="validateMothersQualificationStep2" classname="whitefeather.xedge.testcases.FillUpApplicationForm">
    <skipped/>
  </testcase> <!-- validateMothersQualificationStep2 -->
  <testcase name="validateGrdnAddrPincodeStep2" classname="whitefeather.xedge.testcases.FillUpApplicationForm">
    <skipped/>
  </testcase> <!-- validateGrdnAddrPincodeStep2 -->
  <testcase name="validatePassportNumberInStep1" classname="whitefeather.xedge.testcases.FillUpApplicationForm">
    <skipped/>
  </testcase> <!-- validatePassportNumberInStep1 -->
  <testcase name="validateHSCSchoolNameStep3" classname="whitefeather.xedge.testcases.FillUpApplicationForm">
    <skipped/>
  </testcase> <!-- validateHSCSchoolNameStep3 -->
  <testcase name="validateGuardianRelationStep2" classname="whitefeather.xedge.testcases.FillUpApplicationForm">
    <skipped/>
  </testcase> <!-- validateGuardianRelationStep2 -->
  <testcase name="validateMothersMobileStep2" classname="whitefeather.xedge.testcases.FillUpApplicationForm">
    <skipped/>
  </testcase> <!-- validateMothersMobileStep2 -->
  <testcase name="validateLocalGuardianAddr2Step2" classname="whitefeather.xedge.testcases.FillUpApplicationForm">
    <skipped/>
  </testcase> <!-- validateLocalGuardianAddr2Step2 -->
  <testcase name="validateExpiryDateInStep1" classname="whitefeather.xedge.testcases.FillUpApplicationForm">
    <skipped/>
  </testcase> <!-- validateExpiryDateInStep1 -->
  <testcase name="validateMothersEmailStep2" classname="whitefeather.xedge.testcases.FillUpApplicationForm">
    <skipped/>
  </testcase> <!-- validateMothersEmailStep2 -->
  <testcase name="validateFathersQualificationStep2" classname="whitefeather.xedge.testcases.FillUpApplicationForm">
    <skipped/>
  </testcase> <!-- validateFathersQualificationStep2 -->
  <testcase name="validateSSCYoPStep3" classname="whitefeather.xedge.testcases.FillUpApplicationForm">
    <skipped/>
  </testcase> <!-- validateSSCYoPStep3 -->
  <testcase name="validateFathersNameStep2" classname="whitefeather.xedge.testcases.FillUpApplicationForm">
    <skipped/>
  </testcase> <!-- validateFathersNameStep2 -->
  <testcase name="validateDomicileInStep1" classname="whitefeather.xedge.testcases.FillUpApplicationForm">
    <skipped/>
  </testcase> <!-- validateDomicileInStep1 -->
  <testcase name="validateDateOfIssueInStep1" classname="whitefeather.xedge.testcases.FillUpApplicationForm">
    <skipped/>
  </testcase> <!-- validateDateOfIssueInStep1 -->
  <testcase name="validateSSCBoardStep3" classname="whitefeather.xedge.testcases.FillUpApplicationForm">
    <skipped/>
  </testcase> <!-- validateSSCBoardStep3 -->
  <testcase name="validateSSCModeOfStudyStep3" classname="whitefeather.xedge.testcases.FillUpApplicationForm">
    <skipped/>
  </testcase> <!-- validateSSCModeOfStudyStep3 -->
  <testcase name="validateAadhaarNumberInStep1" classname="whitefeather.xedge.testcases.FillUpApplicationForm">
    <skipped/>
  </testcase> <!-- validateAadhaarNumberInStep1 -->
  <testcase name="validateSSCRegNumberStep3" classname="whitefeather.xedge.testcases.FillUpApplicationForm">
    <skipped/>
  </testcase> <!-- validateSSCRegNumberStep3 -->
  <testcase name="validateSSCPercentageStep3" classname="whitefeather.xedge.testcases.FillUpApplicationForm">
    <skipped/>
  </testcase> <!-- validateSSCPercentageStep3 -->
  <testcase name="validateEntityValue" classname="whitefeather.xedge.testcases.GenerateLeadForApplicationForm">
    <skipped/>
  </testcase> <!-- validateEntityValue -->
  <testcase name="validateLeadFirstName" classname="whitefeather.xedge.testcases.GenerateLeadForApplicationForm">
    <skipped/>
  </testcase> <!-- validateLeadFirstName -->
  <testcase name="validateLeadEmailAddress" classname="whitefeather.xedge.testcases.GenerateLeadForApplicationForm">
    <skipped/>
  </testcase> <!-- validateLeadEmailAddress -->
  <testcase name="validateLeadMobileNumber" classname="whitefeather.xedge.testcases.GenerateLeadForApplicationForm">
    <skipped/>
  </testcase> <!-- validateLeadMobileNumber -->
  <testcase name="validateLeadDetailsSuccessfulSumbission" classname="whitefeather.xedge.testcases.GenerateLeadForApplicationForm">
    <skipped/>
  </testcase> <!-- validateLeadDetailsSuccessfulSumbission -->
</testsuite> <!-- whitefeather.xedge.testcases.FillUpApplicationForm -->
