<?xml version="1.0" encoding="UTF-8"?>
<!-- Generated by org.testng.reporters.JUnitReportReporter -->
<testsuite name="whitefeather.xedge.testcases.EndTesting" tests="2" time="6.213" ignored="1" failures="0" timestamp="25 Sep 2017 13:30:14 GMT" skipped="0" hostname="DESKTOP-TMQM6DS" errors="2">
  <testcase name="endTestSuite" time="0.000" classname="whitefeather.xedge.testcases.EndTesting">
    <error type="java.lang.RuntimeException" message="javax.mail.AuthenticationFailedException: 534-5.7.14 &lt;https://accounts.google.com/signin/continue?sarp=1&amp;scc=1&amp;plt=AKgnsbtJ
534-5.7.14 X1A9M-xnZid3ULrdx6Fw3gxQtKRJHKfJ5k6-EuebAD--99T4Fvk94F5n9Gif-3yk5n-Xqg
534-5.7.14 DEhyPdIpSC3mpgGd5X7WAktulrc9FtyEtfsDzmFDeyopmE9vHQVDhYV3EeMmfo_Rk03ikp
534-5.7.14 7SYJQ0u4u3Fpl_9gVOq-bqve3rcuXWElhE7e__uQCR9dxsOS6tqbuK5TJhdbslPmM1V1EB
534-5.7.14 kwq9LSbquI4U6mofL2euR94D7r43I&gt; Please log in via your web browser and
534-5.7.14 then try again.
534-5.7.14  Learn more at
534 5.7.14  https://support.google.com/mail/answer/78754 i63sm13604785pfk.34 - gsmtp
">
      <![CDATA[java.lang.RuntimeException: javax.mail.AuthenticationFailedException: 534-5.7.14 <https://accounts.google.com/signin/continue?sarp=1&scc=1&plt=AKgnsbtJ
534-5.7.14 X1A9M-xnZid3ULrdx6Fw3gxQtKRJHKfJ5k6-EuebAD--99T4Fvk94F5n9Gif-3yk5n-Xqg
534-5.7.14 DEhyPdIpSC3mpgGd5X7WAktulrc9FtyEtfsDzmFDeyopmE9vHQVDhYV3EeMmfo_Rk03ikp
534-5.7.14 7SYJQ0u4u3Fpl_9gVOq-bqve3rcuXWElhE7e__uQCR9dxsOS6tqbuK5TJhdbslPmM1V1EB
534-5.7.14 kwq9LSbquI4U6mofL2euR94D7r43I> Please log in via your web browser and
534-5.7.14 then try again.
534-5.7.14  Learn more at
534 5.7.14  https://support.google.com/mail/answer/78754 i63sm13604785pfk.34 - gsmtp

	at whitefeather.xedge.appservices.EmailerService.SendTestReport(EmailerService.java:116)
	at whitefeather.xedge.facilitator.HelperHand.setDownTestSuit(HelperHand.java:39)
	at whitefeather.xedge.testcases.EndTesting.endTestSuite(EndTesting.java:16)
	at sun.reflect.NativeMethodAccessorImpl.invoke0(Native Method)
	at sun.reflect.NativeMethodAccessorImpl.invoke(Unknown Source)
	at sun.reflect.DelegatingMethodAccessorImpl.invoke(Unknown Source)
	at java.lang.reflect.Method.invoke(Unknown Source)
	at org.testng.internal.MethodInvocationHelper.invokeMethod(MethodInvocationHelper.java:104)
	at org.testng.internal.Invoker.invokeConfigurationMethod(Invoker.java:515)
	at org.testng.internal.Invoker.invokeConfigurations(Invoker.java:217)
	at org.testng.internal.Invoker.invokeConfigurations(Invoker.java:144)
	at org.testng.internal.TestMethodWorker.invokeAfterClassMethods(TestMethodWorker.java:217)
	at org.testng.internal.TestMethodWorker.run(TestMethodWorker.java:115)
	at org.testng.TestRunner.privateRun(TestRunner.java:756)
	at org.testng.TestRunner.run(TestRunner.java:610)
	at org.testng.SuiteRunner.runTest(SuiteRunner.java:387)
	at org.testng.SuiteRunner.runSequentially(SuiteRunner.java:382)
	at org.testng.SuiteRunner.privateRun(SuiteRunner.java:340)
	at org.testng.SuiteRunner.run(SuiteRunner.java:289)
	at org.testng.SuiteRunnerWorker.runSuite(SuiteRunnerWorker.java:52)
	at org.testng.SuiteRunnerWorker.run(SuiteRunnerWorker.java:86)
	at org.testng.TestNG.runSuitesSequentially(TestNG.java:1293)
	at org.testng.TestNG.runSuitesLocally(TestNG.java:1218)
	at org.testng.TestNG.runSuites(TestNG.java:1133)
	at org.testng.TestNG.run(TestNG.java:1104)
	at org.testng.remote.AbstractRemoteTestNG.run(AbstractRemoteTestNG.java:114)
	at org.testng.remote.RemoteTestNG.initAndRun(RemoteTestNG.java:251)
	at org.testng.remote.RemoteTestNG.main(RemoteTestNG.java:77)
Caused by: javax.mail.AuthenticationFailedException: 534-5.7.14 <https://accounts.google.com/signin/continue?sarp=1&scc=1&plt=AKgnsbtJ
534-5.7.14 X1A9M-xnZid3ULrdx6Fw3gxQtKRJHKfJ5k6-EuebAD--99T4Fvk94F5n9Gif-3yk5n-Xqg
534-5.7.14 DEhyPdIpSC3mpgGd5X7WAktulrc9FtyEtfsDzmFDeyopmE9vHQVDhYV3EeMmfo_Rk03ikp
534-5.7.14 7SYJQ0u4u3Fpl_9gVOq-bqve3rcuXWElhE7e__uQCR9dxsOS6tqbuK5TJhdbslPmM1V1EB
534-5.7.14 kwq9LSbquI4U6mofL2euR94D7r43I> Please log in via your web browser and
534-5.7.14 then try again.
534-5.7.14  Learn more at
534 5.7.14  https://support.google.com/mail/answer/78754 i63sm13604785pfk.34 - gsmtp

	at com.sun.mail.smtp.SMTPTransport$Authenticator.authenticate(SMTPTransport.java:823)
	at com.sun.mail.smtp.SMTPTransport.authenticate(SMTPTransport.java:756)
	at com.sun.mail.smtp.SMTPTransport.protocolConnect(SMTPTransport.java:673)
	at javax.mail.Service.connect(Service.java:317)
	at javax.mail.Service.connect(Service.java:176)
	at javax.mail.Service.connect(Service.java:125)
	at javax.mail.Transport.send0(Transport.java:194)
	at javax.mail.Transport.send(Transport.java:124)
	at whitefeather.xedge.appservices.EmailerService.SendTestReport(EmailerService.java:110)
	... 27 more
]]>
    </error>
  </testcase> <!-- endTestSuite -->
  <testcase name="endTestSuite" time="6.213" classname="whitefeather.xedge.testcases.EndTesting">
    <error type="java.lang.RuntimeException" message="javax.mail.AuthenticationFailedException: 534-5.7.14 &lt;https://accounts.google.com/signin/continue?sarp=1&amp;scc=1&amp;plt=AKgnsbvt
534-5.7.14 KO63Ak8tWyoA_jwZMNuOJBpVhoZRXhmP_4zUNWGk0CmNTniky0vIpIp4h2nSsFk3eQTWNw
534-5.7.14 gVuJZYytBK_3fmcd4AQopnWcVtj5MSP-DhHnJSjW9IihoZwvIXB0ICTL2IdR4qLD9NMICp
534-5.7.14 kptxwUMll5_RwjCPlQz3wSWYCIe22_lfFl5oWD1WlIz43O0-rln-J5jrzMgWzHnIoMXYbK
534-5.7.14 GOba1OXMJVGW8NTrzlbNMTkgCcYak&gt; Please log in via your web browser and
534-5.7.14 then try again.
534-5.7.14  Learn more at
534 5.7.14  https://support.google.com/mail/answer/78754 d18sm10829700pfk.11 - gsmtp
">
      <![CDATA[java.lang.RuntimeException: javax.mail.AuthenticationFailedException: 534-5.7.14 <https://accounts.google.com/signin/continue?sarp=1&scc=1&plt=AKgnsbvt
534-5.7.14 KO63Ak8tWyoA_jwZMNuOJBpVhoZRXhmP_4zUNWGk0CmNTniky0vIpIp4h2nSsFk3eQTWNw
534-5.7.14 gVuJZYytBK_3fmcd4AQopnWcVtj5MSP-DhHnJSjW9IihoZwvIXB0ICTL2IdR4qLD9NMICp
534-5.7.14 kptxwUMll5_RwjCPlQz3wSWYCIe22_lfFl5oWD1WlIz43O0-rln-J5jrzMgWzHnIoMXYbK
534-5.7.14 GOba1OXMJVGW8NTrzlbNMTkgCcYak> Please log in via your web browser and
534-5.7.14 then try again.
534-5.7.14  Learn more at
534 5.7.14  https://support.google.com/mail/answer/78754 d18sm10829700pfk.11 - gsmtp

	at whitefeather.xedge.appservices.EmailerService.SendTestReport(EmailerService.java:116)
	at whitefeather.xedge.facilitator.HelperHand.setDownTestSuit(HelperHand.java:39)
	at whitefeather.xedge.testcases.EndTesting.endTestSuite(EndTesting.java:16)
	at sun.reflect.NativeMethodAccessorImpl.invoke0(Native Method)
	at sun.reflect.NativeMethodAccessorImpl.invoke(Unknown Source)
	at sun.reflect.DelegatingMethodAccessorImpl.invoke(Unknown Source)
	at java.lang.reflect.Method.invoke(Unknown Source)
	at org.testng.internal.MethodInvocationHelper.invokeMethod(MethodInvocationHelper.java:104)
	at org.testng.internal.Invoker.invokeMethod(Invoker.java:645)
	at org.testng.internal.Invoker.invokeTestMethod(Invoker.java:851)
	at org.testng.internal.Invoker.invokeTestMethods(Invoker.java:1177)
	at org.testng.internal.TestMethodWorker.invokeTestMethods(TestMethodWorker.java:129)
	at org.testng.internal.TestMethodWorker.run(TestMethodWorker.java:112)
	at org.testng.TestRunner.privateRun(TestRunner.java:756)
	at org.testng.TestRunner.run(TestRunner.java:610)
	at org.testng.SuiteRunner.runTest(SuiteRunner.java:387)
	at org.testng.SuiteRunner.runSequentially(SuiteRunner.java:382)
	at org.testng.SuiteRunner.privateRun(SuiteRunner.java:340)
	at org.testng.SuiteRunner.run(SuiteRunner.java:289)
	at org.testng.SuiteRunnerWorker.runSuite(SuiteRunnerWorker.java:52)
	at org.testng.SuiteRunnerWorker.run(SuiteRunnerWorker.java:86)
	at org.testng.TestNG.runSuitesSequentially(TestNG.java:1293)
	at org.testng.TestNG.runSuitesLocally(TestNG.java:1218)
	at org.testng.TestNG.runSuites(TestNG.java:1133)
	at org.testng.TestNG.run(TestNG.java:1104)
	at org.testng.remote.AbstractRemoteTestNG.run(AbstractRemoteTestNG.java:114)
	at org.testng.remote.RemoteTestNG.initAndRun(RemoteTestNG.java:251)
	at org.testng.remote.RemoteTestNG.main(RemoteTestNG.java:77)
Caused by: javax.mail.AuthenticationFailedException: 534-5.7.14 <https://accounts.google.com/signin/continue?sarp=1&scc=1&plt=AKgnsbvt
534-5.7.14 KO63Ak8tWyoA_jwZMNuOJBpVhoZRXhmP_4zUNWGk0CmNTniky0vIpIp4h2nSsFk3eQTWNw
534-5.7.14 gVuJZYytBK_3fmcd4AQopnWcVtj5MSP-DhHnJSjW9IihoZwvIXB0ICTL2IdR4qLD9NMICp
534-5.7.14 kptxwUMll5_RwjCPlQz3wSWYCIe22_lfFl5oWD1WlIz43O0-rln-J5jrzMgWzHnIoMXYbK
534-5.7.14 GOba1OXMJVGW8NTrzlbNMTkgCcYak> Please log in via your web browser and
534-5.7.14 then try again.
534-5.7.14  Learn more at
534 5.7.14  https://support.google.com/mail/answer/78754 d18sm10829700pfk.11 - gsmtp

	at com.sun.mail.smtp.SMTPTransport$Authenticator.authenticate(SMTPTransport.java:823)
	at com.sun.mail.smtp.SMTPTransport.authenticate(SMTPTransport.java:756)
	at com.sun.mail.smtp.SMTPTransport.protocolConnect(SMTPTransport.java:673)
	at javax.mail.Service.connect(Service.java:317)
	at javax.mail.Service.connect(Service.java:176)
	at javax.mail.Service.connect(Service.java:125)
	at javax.mail.Transport.send0(Transport.java:194)
	at javax.mail.Transport.send(Transport.java:124)
	at whitefeather.xedge.appservices.EmailerService.SendTestReport(EmailerService.java:110)
	... 27 more
]]>
    </error>
  </testcase> <!-- endTestSuite -->
  <testcase name="verifySubmitButton" classname="whitefeather.xedge.testcases.ForgotPassword">
    <skipped/>
  </testcase> <!-- verifySubmitButton -->
</testsuite> <!-- whitefeather.xedge.testcases.EndTesting -->
