<?xml version="1.0" encoding="UTF-8"?>
<!-- Generated by org.testng.reporters.JUnitReportReporter -->
<testsuite name="whitefeather.xedge.testcases.DoPaymentInApplicationForm" tests="11" time="86.739" ignored="57" failures="3" timestamp="29 Nov 2017 10:27:13 GMT" skipped="0" hostname="DESKTOP-TMQM6DS" errors="0">
  <testcase name="clickLoginLinkForPaytmPayment" time="8.418" classname="whitefeather.xedge.testcases.DoPaymentInApplicationForm"/>
  <testcase name="validateAmountPaid" time="4.692" classname="whitefeather.xedge.testcases.DoPaymentInApplicationForm">
    <failure type="java.lang.AssertionError" message="null">
      <![CDATA[java.lang.AssertionError: null
	at org.testng.Assert.fail(Assert.java:94)
	at org.testng.Assert.fail(Assert.java:101)
	at whitefeather.xedge.testcases.DoPaymentInApplicationForm.validateAmountPaid(DoPaymentInApplicationForm.java:194)
	at sun.reflect.NativeMethodAccessorImpl.invoke0(Native Method)
	at sun.reflect.NativeMethodAccessorImpl.invoke(Unknown Source)
	at sun.reflect.DelegatingMethodAccessorImpl.invoke(Unknown Source)
	at java.lang.reflect.Method.invoke(Unknown Source)
	at org.testng.internal.MethodInvocationHelper.invokeMethod(MethodInvocationHelper.java:104)
	at org.testng.internal.Invoker.invokeMethod(Invoker.java:645)
	at org.testng.internal.Invoker.invokeTestMethod(Invoker.java:851)
	at org.testng.internal.Invoker.invokeTestMethods(Invoker.java:1177)
	at org.testng.internal.TestMethodWorker.invokeTestMethods(TestMethodWorker.java:129)
	at org.testng.internal.TestMethodWorker.run(TestMethodWorker.java:112)
	at org.testng.TestRunner.privateRun(TestRunner.java:756)
	at org.testng.TestRunner.run(TestRunner.java:610)
	at org.testng.SuiteRunner.runTest(SuiteRunner.java:387)
	at org.testng.SuiteRunner.runSequentially(SuiteRunner.java:382)
	at org.testng.SuiteRunner.privateRun(SuiteRunner.java:340)
	at org.testng.SuiteRunner.run(SuiteRunner.java:289)
	at org.testng.SuiteRunnerWorker.runSuite(SuiteRunnerWorker.java:52)
	at org.testng.SuiteRunnerWorker.run(SuiteRunnerWorker.java:86)
	at org.testng.TestNG.runSuitesSequentially(TestNG.java:1293)
	at org.testng.TestNG.runSuitesLocally(TestNG.java:1218)
	at org.testng.TestNG.runSuites(TestNG.java:1133)
	at org.testng.TestNG.run(TestNG.java:1104)
	at org.testng.remote.AbstractRemoteTestNG.run(AbstractRemoteTestNG.java:114)
	at org.testng.remote.RemoteTestNG.initAndRun(RemoteTestNG.java:251)
	at org.testng.remote.RemoteTestNG.main(RemoteTestNG.java:77)
]]>
    </failure>
  </testcase> <!-- validateAmountPaid -->
  <testcase name="validateTransactionID" time="4.634" classname="whitefeather.xedge.testcases.DoPaymentInApplicationForm">
    <failure type="java.lang.AssertionError" message="null">
      <![CDATA[java.lang.AssertionError: null
	at org.testng.Assert.fail(Assert.java:94)
	at org.testng.Assert.fail(Assert.java:101)
	at whitefeather.xedge.testcases.DoPaymentInApplicationForm.validateTransactionID(DoPaymentInApplicationForm.java:171)
	at sun.reflect.NativeMethodAccessorImpl.invoke0(Native Method)
	at sun.reflect.NativeMethodAccessorImpl.invoke(Unknown Source)
	at sun.reflect.DelegatingMethodAccessorImpl.invoke(Unknown Source)
	at java.lang.reflect.Method.invoke(Unknown Source)
	at org.testng.internal.MethodInvocationHelper.invokeMethod(MethodInvocationHelper.java:104)
	at org.testng.internal.Invoker.invokeMethod(Invoker.java:645)
	at org.testng.internal.Invoker.invokeTestMethod(Invoker.java:851)
	at org.testng.internal.Invoker.invokeTestMethods(Invoker.java:1177)
	at org.testng.internal.TestMethodWorker.invokeTestMethods(TestMethodWorker.java:129)
	at org.testng.internal.TestMethodWorker.run(TestMethodWorker.java:112)
	at org.testng.TestRunner.privateRun(TestRunner.java:756)
	at org.testng.TestRunner.run(TestRunner.java:610)
	at org.testng.SuiteRunner.runTest(SuiteRunner.java:387)
	at org.testng.SuiteRunner.runSequentially(SuiteRunner.java:382)
	at org.testng.SuiteRunner.privateRun(SuiteRunner.java:340)
	at org.testng.SuiteRunner.run(SuiteRunner.java:289)
	at org.testng.SuiteRunnerWorker.runSuite(SuiteRunnerWorker.java:52)
	at org.testng.SuiteRunnerWorker.run(SuiteRunnerWorker.java:86)
	at org.testng.TestNG.runSuitesSequentially(TestNG.java:1293)
	at org.testng.TestNG.runSuitesLocally(TestNG.java:1218)
	at org.testng.TestNG.runSuites(TestNG.java:1133)
	at org.testng.TestNG.run(TestNG.java:1104)
	at org.testng.remote.AbstractRemoteTestNG.run(AbstractRemoteTestNG.java:114)
	at org.testng.remote.RemoteTestNG.initAndRun(RemoteTestNG.java:251)
	at org.testng.remote.RemoteTestNG.main(RemoteTestNG.java:77)
]]>
    </failure>
  </testcase> <!-- validateTransactionID -->
  <testcase name="validateAmountToBePaid" time="9.072" classname="whitefeather.xedge.testcases.DoPaymentInApplicationForm"/>
  <testcase name="clickPayNowButtonPaytmPaymentPage" time="8.172" classname="whitefeather.xedge.testcases.DoPaymentInApplicationForm"/>
  <testcase name="validateSuccessfulPDFGenerationAndSending" time="4.588" classname="whitefeather.xedge.testcases.DoPaymentInApplicationForm">
    <failure type="java.lang.AssertionError" message="null">
      <![CDATA[java.lang.AssertionError: null
	at org.testng.Assert.fail(Assert.java:94)
	at org.testng.Assert.fail(Assert.java:101)
	at whitefeather.xedge.testcases.DoPaymentInApplicationForm.validateSuccessfulPDFGenerationAndSending(DoPaymentInApplicationForm.java:216)
	at sun.reflect.NativeMethodAccessorImpl.invoke0(Native Method)
	at sun.reflect.NativeMethodAccessorImpl.invoke(Unknown Source)
	at sun.reflect.DelegatingMethodAccessorImpl.invoke(Unknown Source)
	at java.lang.reflect.Method.invoke(Unknown Source)
	at org.testng.internal.MethodInvocationHelper.invokeMethod(MethodInvocationHelper.java:104)
	at org.testng.internal.Invoker.invokeMethod(Invoker.java:645)
	at org.testng.internal.Invoker.invokeTestMethod(Invoker.java:851)
	at org.testng.internal.Invoker.invokeTestMethods(Invoker.java:1177)
	at org.testng.internal.TestMethodWorker.invokeTestMethods(TestMethodWorker.java:129)
	at org.testng.internal.TestMethodWorker.run(TestMethodWorker.java:112)
	at org.testng.TestRunner.privateRun(TestRunner.java:756)
	at org.testng.TestRunner.run(TestRunner.java:610)
	at org.testng.SuiteRunner.runTest(SuiteRunner.java:387)
	at org.testng.SuiteRunner.runSequentially(SuiteRunner.java:382)
	at org.testng.SuiteRunner.privateRun(SuiteRunner.java:340)
	at org.testng.SuiteRunner.run(SuiteRunner.java:289)
	at org.testng.SuiteRunnerWorker.runSuite(SuiteRunnerWorker.java:52)
	at org.testng.SuiteRunnerWorker.run(SuiteRunnerWorker.java:86)
	at org.testng.TestNG.runSuitesSequentially(TestNG.java:1293)
	at org.testng.TestNG.runSuitesLocally(TestNG.java:1218)
	at org.testng.TestNG.runSuites(TestNG.java:1133)
	at org.testng.TestNG.run(TestNG.java:1104)
	at org.testng.remote.AbstractRemoteTestNG.run(AbstractRemoteTestNG.java:114)
	at org.testng.remote.RemoteTestNG.initAndRun(RemoteTestNG.java:251)
	at org.testng.remote.RemoteTestNG.main(RemoteTestNG.java:77)
]]>
    </failure>
  </testcase> <!-- validateSuccessfulPDFGenerationAndSending -->
  <testcase name="provideLoginOTPReceived" time="3.189" classname="whitefeather.xedge.testcases.DoPaymentInApplicationForm"/>
  <testcase name="clickLoginButtonPaytmLoginWindow" time="8.259" classname="whitefeather.xedge.testcases.DoPaymentInApplicationForm"/>
  <testcase name="providePaytmAccoutUsername" time="9.581" classname="whitefeather.xedge.testcases.DoPaymentInApplicationForm"/>
  <testcase name="clickRequestOTPButtonForPaytmPayment" time="7.241" classname="whitefeather.xedge.testcases.DoPaymentInApplicationForm"/>
  <testcase name="validatePaymentMode" time="18.893" classname="whitefeather.xedge.testcases.DoPaymentInApplicationForm"/>
  <testcase name="validateHSCYoPStep3" classname="whitefeather.xedge.testcases.FillUpApplicationForm">
    <skipped/>
  </testcase> <!-- validateHSCYoPStep3 -->
  <testcase name="validateMothersOccupationStep2" classname="whitefeather.xedge.testcases.FillUpApplicationForm">
    <skipped/>
  </testcase> <!-- validateMothersOccupationStep2 -->
  <testcase name="validateLocalGuardianAddr3Step2" classname="whitefeather.xedge.testcases.FillUpApplicationForm">
    <skipped/>
  </testcase> <!-- validateLocalGuardianAddr3Step2 -->
  <testcase name="validatePresentAddressCityInStep1" classname="whitefeather.xedge.testcases.FillUpApplicationForm">
    <skipped/>
  </testcase> <!-- validatePresentAddressCityInStep1 -->
  <testcase name="validatePresentAddressStateInStep1" classname="whitefeather.xedge.testcases.FillUpApplicationForm">
    <skipped/>
  </testcase> <!-- validatePresentAddressStateInStep1 -->
  <testcase name="validateNationalityInStep1" classname="whitefeather.xedge.testcases.FillUpApplicationForm">
    <skipped/>
  </testcase> <!-- validateNationalityInStep1 -->
  <testcase name="validateFathersOccupationStep2" classname="whitefeather.xedge.testcases.FillUpApplicationForm">
    <skipped/>
  </testcase> <!-- validateFathersOccupationStep2 -->
  <testcase name="validateGuardianContactNumberStep2" classname="whitefeather.xedge.testcases.FillUpApplicationForm">
    <skipped/>
  </testcase> <!-- validateGuardianContactNumberStep2 -->
  <testcase name="validateCommunityInStep1" classname="whitefeather.xedge.testcases.FillUpApplicationForm">
    <skipped/>
  </testcase> <!-- validateCommunityInStep1 -->
  <testcase name="validateCitizenShipInStep1" classname="whitefeather.xedge.testcases.FillUpApplicationForm">
    <skipped/>
  </testcase> <!-- validateCitizenShipInStep1 -->
  <testcase name="validateFathersAnnualIncomeStep2" classname="whitefeather.xedge.testcases.FillUpApplicationForm">
    <skipped/>
  </testcase> <!-- validateFathersAnnualIncomeStep2 -->
  <testcase name="validateHSCPercentageStep3" classname="whitefeather.xedge.testcases.FillUpApplicationForm">
    <skipped/>
  </testcase> <!-- validateHSCPercentageStep3 -->
  <testcase name="validatePlaceOfBirthStep1" classname="whitefeather.xedge.testcases.FillUpApplicationForm">
    <skipped/>
  </testcase> <!-- validatePlaceOfBirthStep1 -->
  <testcase name="validateReligionInStep1" classname="whitefeather.xedge.testcases.FillUpApplicationForm">
    <skipped/>
  </testcase> <!-- validateReligionInStep1 -->
  <testcase name="validatePresentAddressCountryInStep1" classname="whitefeather.xedge.testcases.FillUpApplicationForm">
    <skipped/>
  </testcase> <!-- validatePresentAddressCountryInStep1 -->
  <testcase name="validateMothersNameStep2" classname="whitefeather.xedge.testcases.FillUpApplicationForm">
    <skipped/>
  </testcase> <!-- validateMothersNameStep2 -->
  <testcase name="validateHSCRegNumberStep3" classname="whitefeather.xedge.testcases.FillUpApplicationForm">
    <skipped/>
  </testcase> <!-- validateHSCRegNumberStep3 -->
  <testcase name="validateHSCModeOfStudyStep3" classname="whitefeather.xedge.testcases.FillUpApplicationForm">
    <skipped/>
  </testcase> <!-- validateHSCModeOfStudyStep3 -->
  <testcase name="validateLocalGuardianNameStep2" classname="whitefeather.xedge.testcases.FillUpApplicationForm">
    <skipped/>
  </testcase> <!-- validateLocalGuardianNameStep2 -->
  <testcase name="validateLocalGuardianAddr1Step2" classname="whitefeather.xedge.testcases.FillUpApplicationForm">
    <skipped/>
  </testcase> <!-- validateLocalGuardianAddr1Step2 -->
  <testcase name="validateGenderValueInStep1" classname="whitefeather.xedge.testcases.FillUpApplicationForm">
    <skipped/>
  </testcase> <!-- validateGenderValueInStep1 -->
  <testcase name="validateSSCSchoolNameStep3" classname="whitefeather.xedge.testcases.FillUpApplicationForm">
    <skipped/>
  </testcase> <!-- validateSSCSchoolNameStep3 -->
  <testcase name="validateCasteInStep1" classname="whitefeather.xedge.testcases.FillUpApplicationForm">
    <skipped/>
  </testcase> <!-- validateCasteInStep1 -->
  <testcase name="validateHSCBoardStep3" classname="whitefeather.xedge.testcases.FillUpApplicationForm">
    <skipped/>
  </testcase> <!-- validateHSCBoardStep3 -->
  <testcase name="validateCourseStep3" classname="whitefeather.xedge.testcases.FillUpApplicationForm">
    <skipped/>
  </testcase> <!-- validateCourseStep3 -->
  <testcase name="validateFathersEmailStep2" classname="whitefeather.xedge.testcases.FillUpApplicationForm">
    <skipped/>
  </testcase> <!-- validateFathersEmailStep2 -->
  <testcase name="validatePresentAddressInStep1" classname="whitefeather.xedge.testcases.FillUpApplicationForm">
    <skipped/>
  </testcase> <!-- validatePresentAddressInStep1 -->
  <testcase name="validatePlaceOfIssueInStep1" classname="whitefeather.xedge.testcases.FillUpApplicationForm">
    <skipped/>
  </testcase> <!-- validatePlaceOfIssueInStep1 -->
  <testcase name="validateFathersMobileStep2" classname="whitefeather.xedge.testcases.FillUpApplicationForm">
    <skipped/>
  </testcase> <!-- validateFathersMobileStep2 -->
  <testcase name="validateBloodGroupInStep1" classname="whitefeather.xedge.testcases.FillUpApplicationForm">
    <skipped/>
  </testcase> <!-- validateBloodGroupInStep1 -->
  <testcase name="validateDoBStep1" classname="whitefeather.xedge.testcases.FillUpApplicationForm">
    <skipped/>
  </testcase> <!-- validateDoBStep1 -->
  <testcase name="validateMothersQualificationStep2" classname="whitefeather.xedge.testcases.FillUpApplicationForm">
    <skipped/>
  </testcase> <!-- validateMothersQualificationStep2 -->
  <testcase name="validateGrdnAddrPincodeStep2" classname="whitefeather.xedge.testcases.FillUpApplicationForm">
    <skipped/>
  </testcase> <!-- validateGrdnAddrPincodeStep2 -->
  <testcase name="validatePassportNumberInStep1" classname="whitefeather.xedge.testcases.FillUpApplicationForm">
    <skipped/>
  </testcase> <!-- validatePassportNumberInStep1 -->
  <testcase name="validateHSCSchoolNameStep3" classname="whitefeather.xedge.testcases.FillUpApplicationForm">
    <skipped/>
  </testcase> <!-- validateHSCSchoolNameStep3 -->
  <testcase name="validateGuardianRelationStep2" classname="whitefeather.xedge.testcases.FillUpApplicationForm">
    <skipped/>
  </testcase> <!-- validateGuardianRelationStep2 -->
  <testcase name="validateMothersMobileStep2" classname="whitefeather.xedge.testcases.FillUpApplicationForm">
    <skipped/>
  </testcase> <!-- validateMothersMobileStep2 -->
  <testcase name="validateLocalGuardianAddr2Step2" classname="whitefeather.xedge.testcases.FillUpApplicationForm">
    <skipped/>
  </testcase> <!-- validateLocalGuardianAddr2Step2 -->
  <testcase name="validateExpiryDateInStep1" classname="whitefeather.xedge.testcases.FillUpApplicationForm">
    <skipped/>
  </testcase> <!-- validateExpiryDateInStep1 -->
  <testcase name="validateMothersEmailStep2" classname="whitefeather.xedge.testcases.FillUpApplicationForm">
    <skipped/>
  </testcase> <!-- validateMothersEmailStep2 -->
  <testcase name="validateFathersQualificationStep2" classname="whitefeather.xedge.testcases.FillUpApplicationForm">
    <skipped/>
  </testcase> <!-- validateFathersQualificationStep2 -->
  <testcase name="validateSSCYoPStep3" classname="whitefeather.xedge.testcases.FillUpApplicationForm">
    <skipped/>
  </testcase> <!-- validateSSCYoPStep3 -->
  <testcase name="validateFathersNameStep2" classname="whitefeather.xedge.testcases.FillUpApplicationForm">
    <skipped/>
  </testcase> <!-- validateFathersNameStep2 -->
  <testcase name="validateDomicileInStep1" classname="whitefeather.xedge.testcases.FillUpApplicationForm">
    <skipped/>
  </testcase> <!-- validateDomicileInStep1 -->
  <testcase name="validateSSCBoardStep3" classname="whitefeather.xedge.testcases.FillUpApplicationForm">
    <skipped/>
  </testcase> <!-- validateSSCBoardStep3 -->
  <testcase name="validateDateOfIssueInStep1" classname="whitefeather.xedge.testcases.FillUpApplicationForm">
    <skipped/>
  </testcase> <!-- validateDateOfIssueInStep1 -->
  <testcase name="validateSSCModeOfStudyStep3" classname="whitefeather.xedge.testcases.FillUpApplicationForm">
    <skipped/>
  </testcase> <!-- validateSSCModeOfStudyStep3 -->
  <testcase name="validateAadhaarNumberInStep1" classname="whitefeather.xedge.testcases.FillUpApplicationForm">
    <skipped/>
  </testcase> <!-- validateAadhaarNumberInStep1 -->
  <testcase name="validateSSCRegNumberStep3" classname="whitefeather.xedge.testcases.FillUpApplicationForm">
    <skipped/>
  </testcase> <!-- validateSSCRegNumberStep3 -->
  <testcase name="validateSSCPercentageStep3" classname="whitefeather.xedge.testcases.FillUpApplicationForm">
    <skipped/>
  </testcase> <!-- validateSSCPercentageStep3 -->
  <testcase name="validateEntityValue" classname="whitefeather.xedge.testcases.GenerateLeadForApplicationForm">
    <skipped/>
  </testcase> <!-- validateEntityValue -->
  <testcase name="validateLeadFirstName" classname="whitefeather.xedge.testcases.GenerateLeadForApplicationForm">
    <skipped/>
  </testcase> <!-- validateLeadFirstName -->
  <testcase name="enterMobileNumberManually" classname="whitefeather.xedge.testcases.GenerateLeadForApplicationForm">
    <skipped/>
  </testcase> <!-- enterMobileNumberManually -->
  <testcase name="validateLeadEmailAddress" classname="whitefeather.xedge.testcases.GenerateLeadForApplicationForm">
    <skipped/>
  </testcase> <!-- validateLeadEmailAddress -->
  <testcase name="validateLeadMobileNumber" classname="whitefeather.xedge.testcases.GenerateLeadForApplicationForm">
    <skipped/>
  </testcase> <!-- validateLeadMobileNumber -->
  <testcase name="enterEmailAddressManually" classname="whitefeather.xedge.testcases.GenerateLeadForApplicationForm">
    <skipped/>
  </testcase> <!-- enterEmailAddressManually -->
  <testcase name="validateLeadDetailsSuccessfulSumbission" classname="whitefeather.xedge.testcases.GenerateLeadForApplicationForm">
    <skipped/>
  </testcase> <!-- validateLeadDetailsSuccessfulSumbission -->
</testsuite> <!-- whitefeather.xedge.testcases.DoPaymentInApplicationForm -->
