<?xml version="1.0" encoding="UTF-8"?>
<!-- Generated by org.testng.reporters.JUnitReportReporter -->
<testsuite name="whitefeather.xedge.testcases.AddNewLeadDefaultValues_1" tests="3" time="3.103" ignored="1" failures="0" timestamp="25 Sep 2017 13:30:14 GMT" skipped="0" hostname="DESKTOP-TMQM6DS" errors="0">
  <testcase name="enterProspectMobileNo" time="0.432" classname="whitefeather.xedge.testcases.AddNewLeadDefaultValues_1"/>
  <testcase name="clickAddLeadButton" time="1.771" classname="whitefeather.xedge.testcases.AddNewLeadDefaultValues_1"/>
  <testcase name="enterProspectEmailID" time="0.900" classname="whitefeather.xedge.testcases.AddNewLeadDefaultValues_1"/>
  <testcase name="verifySubmitButton" classname="whitefeather.xedge.testcases.ForgotPassword">
    <skipped/>
  </testcase> <!-- verifySubmitButton -->
</testsuite> <!-- whitefeather.xedge.testcases.AddNewLeadDefaultValues_1 -->
