<?xml version="1.0" encoding="UTF-8"?>
<!-- Generated by org.testng.reporters.JUnitReportReporter -->
<testsuite name="whitefeather.xedge.testcases.LeadList" tests="30" time="9.897" ignored="2" failures="0" timestamp="28 Sep 2017 13:00:16 GMT" skipped="0" hostname="DESKTOP-TMQM6DS" errors="0">
  <testcase name="verifyWalkinTabCount" time="0.263" classname="whitefeather.xedge.testcases.LeadList"/>
  <testcase name="verifyWalkinTabIsDisplayed" time="0.068" classname="whitefeather.xedge.testcases.LeadList"/>
  <testcase name="sendSMSToAllLeads" time="0.345" classname="whitefeather.xedge.testcases.LeadList"/>
  <testcase name="verifyEnrolledTabCount" time="0.254" classname="whitefeather.xedge.testcases.LeadList"/>
  <testcase name="verifyReferAllLeadsIconIsDisplayed" time="0.076" classname="whitefeather.xedge.testcases.LeadList"/>
  <testcase name="verifyReferredFromMeTabCount" time="0.310" classname="whitefeather.xedge.testcases.LeadList"/>
  <testcase name="verifySendSMSToAllLeadsIconIsDisplayed" time="0.060" classname="whitefeather.xedge.testcases.LeadList"/>
  <testcase name="verifyOnlineTabCount" time="0.293" classname="whitefeather.xedge.testcases.LeadList"/>
  <testcase name="referAllLeads" time="0.381" classname="whitefeather.xedge.testcases.LeadList"/>
  <testcase name="verifyLeadListPageURL" time="3.273" classname="whitefeather.xedge.testcases.LeadList"/>
  <testcase name="verifyEnrolledTabIsDisplayed" time="0.085" classname="whitefeather.xedge.testcases.LeadList"/>
  <testcase name="verifyDownloadDataIconIsDisplayed" time="0.065" classname="whitefeather.xedge.testcases.LeadList"/>
  <testcase name="verifyAllTabIsDisplayed" time="0.211" classname="whitefeather.xedge.testcases.LeadList"/>
  <testcase name="verifyClosedTabIsDisplayed" time="0.080" classname="whitefeather.xedge.testcases.LeadList"/>
  <testcase name="verifyCallbackTabCount" time="0.239" classname="whitefeather.xedge.testcases.LeadList"/>
  <testcase name="verifyAllTabCount" time="0.257" classname="whitefeather.xedge.testcases.LeadList"/>
  <testcase name="verifyFilterLeadsIconIsDisplayed" time="0.578" classname="whitefeather.xedge.testcases.LeadList"/>
  <testcase name="verifyCallbackTabIsDisplayed" time="0.060" classname="whitefeather.xedge.testcases.LeadList"/>
  <testcase name="sendEmailToAllLeads" time="0.351" classname="whitefeather.xedge.testcases.LeadList"/>
  <testcase name="downloadLeadsData" time="0.346" classname="whitefeather.xedge.testcases.LeadList"/>
  <testcase name="verifyNewTabCount" time="0.276" classname="whitefeather.xedge.testcases.LeadList"/>
  <testcase name="verifyCampaignIconIsDisplayed" time="0.078" classname="whitefeather.xedge.testcases.LeadList"/>
  <testcase name="verifyRefreshLeadDataIconIsDisplayed" time="0.065" classname="whitefeather.xedge.testcases.LeadList"/>
  <testcase name="verifyNewTabIsDisplayed" time="0.064" classname="whitefeather.xedge.testcases.LeadList"/>
  <testcase name="addNewCampaign" time="0.499" classname="whitefeather.xedge.testcases.LeadList"/>
  <testcase name="filterLeadsData" time="0.858" classname="whitefeather.xedge.testcases.LeadList"/>
  <testcase name="verifyOnlineTabIsDisplayed" time="0.077" classname="whitefeather.xedge.testcases.LeadList"/>
  <testcase name="verifyClosedTabCount" time="0.257" classname="whitefeather.xedge.testcases.LeadList"/>
  <testcase name="verifySendEmailToAllLeadsIconIsDisplayed" time="0.066" classname="whitefeather.xedge.testcases.LeadList"/>
  <testcase name="verifyReferredFromMeTabIsDisplayed" time="0.062" classname="whitefeather.xedge.testcases.LeadList"/>
  <testcase name="refreshAllLeadsData" classname="whitefeather.xedge.testcases.LeadList">
    <skipped/>
  </testcase> <!-- refreshAllLeadsData -->
  <testcase name="verifySubmitButton" classname="whitefeather.xedge.testcases.ForgotPassword">
    <skipped/>
  </testcase> <!-- verifySubmitButton -->
</testsuite> <!-- whitefeather.xedge.testcases.LeadList -->
