<?xml version="1.0" encoding="UTF-8"?>
<!-- Generated by org.testng.reporters.JUnitReportReporter -->
<testsuite name="whitefeather.xedge.testcases.ForgotPassword" tests="7" time="6.438" ignored="2" failures="0" timestamp="19 Sep 2017 07:49:22 GMT" skipped="0" hostname="DESKTOP-TMQM6DS" errors="0">
  <testcase name="verifyLoginLink" time="0.076" classname="whitefeather.xedge.testcases.ForgotPassword"/>
  <testcase name="enterRecoveryEmail" time="5.850" classname="whitefeather.xedge.testcases.ForgotPassword"/>
  <testcase name="verifyEmailInputBox" time="0.073" classname="whitefeather.xedge.testcases.ForgotPassword"/>
  <testcase name="verifyRecoveryLabel" time="0.033" classname="whitefeather.xedge.testcases.ForgotPassword"/>
  <testcase name="verifyCompanyLogo" time="0.071" classname="whitefeather.xedge.testcases.ForgotPassword"/>
  <testcase name="verifyRecoveryMessage" time="0.070" classname="whitefeather.xedge.testcases.ForgotPassword"/>
  <testcase name="openForgotPasswordWindow" time="0.265" classname="whitefeather.xedge.testcases.ForgotPassword"/>
  <testcase name="performGlobalSearch" classname="whitefeather.xedge.testcases.GlobalSearch">
    <skipped/>
  </testcase> <!-- performGlobalSearch -->
  <testcase name="verifySubmitButton" classname="whitefeather.xedge.testcases.ForgotPassword">
    <skipped/>
  </testcase> <!-- verifySubmitButton -->
</testsuite> <!-- whitefeather.xedge.testcases.ForgotPassword -->
