<?xml version="1.0" encoding="UTF-8"?>
<!-- Generated by org.testng.reporters.JUnitReportReporter -->
<testsuite name="whitefeather.xedge.testcases.OpenApplicationFormLandingPage" tests="1" time="30.199" ignored="0" failures="0" timestamp="26 Oct 2017 12:52:58 GMT" skipped="0" hostname="DESKTOP-TMQM6DS" errors="0">
  <testcase name="openAppForm" time="30.199" classname="whitefeather.xedge.testcases.OpenApplicationFormLandingPage"/>
</testsuite> <!-- whitefeather.xedge.testcases.OpenApplicationFormLandingPage -->
