<?xml version="1.0" encoding="UTF-8"?>
<!-- Generated by org.testng.reporters.JUnitReportReporter -->
<testsuite name="whitefeather.xedge.testcases.UpcomingTasks" tests="3" time="5.404" ignored="1" failures="0" timestamp="25 Sep 2017 13:30:14 GMT" skipped="0" hostname="DESKTOP-TMQM6DS" errors="0">
  <testcase name="verifyDashboardURL" time="3.965" classname="whitefeather.xedge.testcases.UpcomingTasks"/>
  <testcase name="verifyRecentNewTabCount" time="1.300" classname="whitefeather.xedge.testcases.UpcomingTasks"/>
  <testcase name="verifyRecentNewTabIsDisplayed" time="0.139" classname="whitefeather.xedge.testcases.UpcomingTasks"/>
  <testcase name="verifySubmitButton" classname="whitefeather.xedge.testcases.ForgotPassword">
    <skipped/>
  </testcase> <!-- verifySubmitButton -->
</testsuite> <!-- whitefeather.xedge.testcases.UpcomingTasks -->
