<?xml version="1.0" encoding="UTF-8"?>
<!-- Generated by org.testng.reporters.JUnitReportReporter -->
<testsuite name="whitefeather.xedge.testcases.VerifyGlobalIcons" tests="10" time="1.341" ignored="1" failures="0" timestamp="25 Sep 2017 13:30:14 GMT" skipped="0" hostname="DESKTOP-TMQM6DS" errors="0">
  <testcase name="verifyGoButtonInGlobalSearchBar" time="0.104" classname="whitefeather.xedge.testcases.VerifyGlobalIcons"/>
  <testcase name="verifyJoyRideButton" time="0.080" classname="whitefeather.xedge.testcases.VerifyGlobalIcons"/>
  <testcase name="verifySignOutLink" time="0.113" classname="whitefeather.xedge.testcases.VerifyGlobalIcons"/>
  <testcase name="verifyCounselorName" time="0.156" classname="whitefeather.xedge.testcases.VerifyGlobalIcons"/>
  <testcase name="verifyCompanyLogoInHeader" time="0.361" classname="whitefeather.xedge.testcases.VerifyGlobalIcons"/>
  <testcase name="verifyAddLeadPlusIcon" time="0.098" classname="whitefeather.xedge.testcases.VerifyGlobalIcons"/>
  <testcase name="verifyOutStandingActivityIcon" time="0.146" classname="whitefeather.xedge.testcases.VerifyGlobalIcons"/>
  <testcase name="verifyCounselorPhoto" time="0.107" classname="whitefeather.xedge.testcases.VerifyGlobalIcons"/>
  <testcase name="verifyOutStandingActivityCount" time="0.082" classname="whitefeather.xedge.testcases.VerifyGlobalIcons"/>
  <testcase name="verifyBulkUploadIcon" time="0.094" classname="whitefeather.xedge.testcases.VerifyGlobalIcons"/>
  <testcase name="verifySubmitButton" classname="whitefeather.xedge.testcases.ForgotPassword">
    <skipped/>
  </testcase> <!-- verifySubmitButton -->
</testsuite> <!-- whitefeather.xedge.testcases.VerifyGlobalIcons -->
