<?xml version="1.0" encoding="UTF-8"?>
<!-- Generated by org.testng.reporters.JUnitReportReporter -->
<testsuite name="whitefeather.xedge.testcases.AddNewLeadDefaultValues_1" tests="4" time="6.758" ignored="1" failures="0" timestamp="28 Sep 2017 04:57:25 GMT" skipped="0" hostname="DESKTOP-TMQM6DS" errors="0">
  <testcase name="enterProspectEmailID" time="0.779" classname="whitefeather.xedge.testcases.AddNewLeadDefaultValues_1"/>
  <testcase name="clickAddLeadButton" time="1.192" classname="whitefeather.xedge.testcases.AddNewLeadDefaultValues_1"/>
  <testcase name="closeRHSPanel" time="4.372" classname="whitefeather.xedge.testcases.AddNewLeadDefaultValues_1"/>
  <testcase name="enterProspectMobileNo" time="0.415" classname="whitefeather.xedge.testcases.AddNewLeadDefaultValues_1"/>
  <testcase name="clickAddLeadPlusIcon" classname="whitefeather.xedge.testcases.AddNewLeadWithAllValues">
    <skipped/>
  </testcase> <!-- clickAddLeadPlusIcon -->
</testsuite> <!-- whitefeather.xedge.testcases.AddNewLeadDefaultValues_1 -->
