<?xml version="1.0" encoding="UTF-8"?>
<!-- Generated by org.testng.reporters.JUnitReportReporter -->
<testsuite name="whitefeather.xedge.testcases.UpcomingTasks" tests="11" time="9.452" ignored="2" failures="0" timestamp="26 Sep 2017 13:36:17 GMT" skipped="0" hostname="DESKTOP-TMQM6DS" errors="0">
  <testcase name="verifyRecentNewTabIsDisplayed" time="0.169" classname="whitefeather.xedge.testcases.UpcomingTasks"/>
  <testcase name="verifyRecentOnlineTabCount" time="0.380" classname="whitefeather.xedge.testcases.UpcomingTasks"/>
  <testcase name="verifyUpcomingFollowupTabIsDisplayed" time="0.095" classname="whitefeather.xedge.testcases.UpcomingTasks"/>
  <testcase name="verifyRecentOnlineTabIsDisplayed" time="0.069" classname="whitefeather.xedge.testcases.UpcomingTasks"/>
  <testcase name="verifyUpcomingFollowupTabCount" time="0.273" classname="whitefeather.xedge.testcases.UpcomingTasks"/>
  <testcase name="verifyRecentNewTabCount" time="0.871" classname="whitefeather.xedge.testcases.UpcomingTasks"/>
  <testcase name="verifyUpcomingWalkinsTabIsDisplayed" time="0.068" classname="whitefeather.xedge.testcases.UpcomingTasks"/>
  <testcase name="verifyDashboardURL" time="6.749" classname="whitefeather.xedge.testcases.UpcomingTasks"/>
  <testcase name="verifyHighPriorityTabIsDisplayed" time="0.085" classname="whitefeather.xedge.testcases.UpcomingTasks"/>
  <testcase name="verifyHighPriorityTabCount" time="0.308" classname="whitefeather.xedge.testcases.UpcomingTasks"/>
  <testcase name="verifyUpcomingWalkinsTabCount" time="0.385" classname="whitefeather.xedge.testcases.UpcomingTasks"/>
  <testcase name="refreshAllLeadsData" classname="whitefeather.xedge.testcases.LeadList">
    <skipped/>
  </testcase> <!-- refreshAllLeadsData -->
  <testcase name="verifySubmitButton" classname="whitefeather.xedge.testcases.ForgotPassword">
    <skipped/>
  </testcase> <!-- verifySubmitButton -->
</testsuite> <!-- whitefeather.xedge.testcases.UpcomingTasks -->
