<?xml version="1.0" encoding="UTF-8"?>
<!-- Generated by org.testng.reporters.JUnitReportReporter -->
<testsuite name="whitefeather.xedge.testcases.GlobalSearch" tests="5" time="6.709" ignored="2" failures="0" timestamp="26 Sep 2017 13:36:17 GMT" skipped="0" hostname="DESKTOP-TMQM6DS" errors="0">
  <testcase name="performGlobalSearch" time="5.290" classname="whitefeather.xedge.testcases.GlobalSearch"/>
  <testcase name="verifyLenseIcon" time="0.106" classname="whitefeather.xedge.testcases.GlobalSearch"/>
  <testcase name="verifyGlobalSearchPlaceholder" time="0.094" classname="whitefeather.xedge.testcases.GlobalSearch"/>
  <testcase name="verifyGoButton" time="1.127" classname="whitefeather.xedge.testcases.GlobalSearch"/>
  <testcase name="verifyGlobalSearchBar" time="0.092" classname="whitefeather.xedge.testcases.GlobalSearch"/>
  <testcase name="refreshAllLeadsData" classname="whitefeather.xedge.testcases.LeadList">
    <skipped/>
  </testcase> <!-- refreshAllLeadsData -->
  <testcase name="verifySubmitButton" classname="whitefeather.xedge.testcases.ForgotPassword">
    <skipped/>
  </testcase> <!-- verifySubmitButton -->
</testsuite> <!-- whitefeather.xedge.testcases.GlobalSearch -->
