<?xml version="1.0" encoding="UTF-8"?>
<!-- Generated by org.testng.reporters.JUnitReportReporter -->
<testsuite name="whitefeather.xedge.testcases.OpenApplicationForm" tests="1" time="9.418" ignored="0" failures="0" timestamp="12 Oct 2017 13:16:04 GMT" skipped="0" hostname="DESKTOP-TMQM6DS" errors="0">
  <testcase name="openAppForm" time="9.418" classname="whitefeather.xedge.testcases.OpenApplicationForm"/>
</testsuite> <!-- whitefeather.xedge.testcases.OpenApplicationForm -->
