<?xml version="1.0" encoding="UTF-8"?>
<!-- Generated by org.testng.reporters.JUnitReportReporter -->
<testsuite name="whitefeather.xedge.testcases.OpenLoginPage" tests="1" time="44.162" ignored="0" failures="0" timestamp="09 Dec 2017 13:30:27 GMT" skipped="0" hostname="DESKTOP-TMQM6DS" errors="0">
  <testcase name="openLoginPage" time="44.162" classname="whitefeather.xedge.testcases.OpenLoginPage"/>
</testsuite> <!-- whitefeather.xedge.testcases.OpenLoginPage -->
