<?xml version="1.0" encoding="UTF-8"?>
<!-- Generated by org.testng.reporters.JUnitReportReporter -->
<testsuite name="whitefeather.xedge.testcases.OpenLoginPage" tests="1" time="10.261" ignored="0" failures="0" timestamp="10 Oct 2017 05:37:33 GMT" skipped="0" hostname="DESKTOP-TMQM6DS" errors="0">
  <testcase name="openLoginPage" time="10.261" classname="whitefeather.xedge.testcases.OpenLoginPage"/>
</testsuite> <!-- whitefeather.xedge.testcases.OpenLoginPage -->
