<?xml version="1.0" encoding="UTF-8"?>
<!-- Generated by org.testng.reporters.JUnitReportReporter -->
<testsuite name="whitefeather.xedge.testcases.VerifyGlobalIcons" tests="10" time="1.166" ignored="1" failures="0" timestamp="18 Sep 2017 15:01:52 GMT" skipped="0" hostname="DESKTOP-TMQM6DS" errors="0">
  <testcase name="verifyAddLeadPlusIcon" time="0.069" classname="whitefeather.xedge.testcases.VerifyGlobalIcons"/>
  <testcase name="verifyOutStandingActivityIcon" time="0.108" classname="whitefeather.xedge.testcases.VerifyGlobalIcons"/>
  <testcase name="verifyCompanyLogoInHeader" time="0.349" classname="whitefeather.xedge.testcases.VerifyGlobalIcons"/>
  <testcase name="verifyOutStandingActivityCount" time="0.117" classname="whitefeather.xedge.testcases.VerifyGlobalIcons"/>
  <testcase name="verifyBulkUploadIcon" time="0.086" classname="whitefeather.xedge.testcases.VerifyGlobalIcons"/>
  <testcase name="verifyJoyRideButton" time="0.085" classname="whitefeather.xedge.testcases.VerifyGlobalIcons"/>
  <testcase name="verifyCounselorPhoto" time="0.108" classname="whitefeather.xedge.testcases.VerifyGlobalIcons"/>
  <testcase name="verifyGoButtonInGlobalSearchBar" time="0.094" classname="whitefeather.xedge.testcases.VerifyGlobalIcons"/>
  <testcase name="verifySignOutLink" time="0.073" classname="whitefeather.xedge.testcases.VerifyGlobalIcons"/>
  <testcase name="verifyCounselorName" time="0.077" classname="whitefeather.xedge.testcases.VerifyGlobalIcons"/>
  <testcase name="verifySubmitButton" classname="whitefeather.xedge.testcases.ForgotPassword">
    <skipped/>
  </testcase> <!-- verifySubmitButton -->
</testsuite> <!-- whitefeather.xedge.testcases.VerifyGlobalIcons -->
